2024-12-23 08:21:17,227 [INFO] Activator:176 - 


2024-12-23 08:21:17,230 [INFO] Activator:177 - !SESSION log4j initialized
2024-12-23 08:21:21,678 [INFO] LogOutputStream:77 - [STDOUT_REDIRECT] 
2024-12-23 08:21:24,712 [INFO] ApplicationProperties:184 - Using Application install path: C:\ST\STM32CubeIDE_1.16.1\STM32CubeIDE\plugins\com.st.stm32cube.common.mx_6.12.1.202409122256
2024-12-23 08:21:24,723 [INFO] DbMcusXml:78 - Set database path to: C:\ST\STM32CubeIDE_1.16.1\STM32CubeIDE\plugins\com.st.stm32cube.common.mx_6.12.1.202409122256\\db\/mcu/
2024-12-23 08:21:24,723 [INFO] ApiDb:274 - Set plugin database path to: C:\ST\STM32CubeIDE_1.16.1\STM32CubeIDE\plugins\com.st.stm32cube.common.mx_6.12.1.202409122256\\db\/plugins/boardmanager/
2024-12-23 08:21:24,723 [WARN] ApiDb:259 - Overriding images path with different value:  => C:\ST\STM32CubeIDE_1.16.1\STM32CubeIDE\plugins\com.st.stm32cube.common.mx_6.12.1.202409122256\\db\/plugins/mcufinder/images/
2024-12-23 08:21:24,729 [INFO] ApiDb:250 - Set database path to: C:\Users\LeeJooHo\.stmcufinder\plugins\mcufinder//mcu/
2024-12-23 08:21:24,730 [INFO] DbMcusAds:125 - Set database path to: C:\Users\LeeJooHo\.stmcufinder\plugins\mcufinder//mcu/
2024-12-23 08:21:24,733 [INFO] CrossReferenceDbSqlite:203 - Set database path to: C:\Users\LeeJooHo\.stmcufinder\plugins\mcufinder//mcu/cs/
2024-12-23 08:21:24,812 [INFO] RulesReader:64 - Compatibility file has been processed (297 Rules)
2024-12-23 08:21:24,869 [INFO] DbMcusXml:78 - Set database path to: C:\ST\STM32CubeIDE_1.16.1\STM32CubeIDE\plugins\com.st.stm32cube.common.mx_6.12.1.202409122256\\db\/mcu/
2024-12-23 08:21:24,870 [INFO] ApiDb:274 - Set plugin database path to: C:\ST\STM32CubeIDE_1.16.1\STM32CubeIDE\plugins\com.st.stm32cube.common.mx_6.12.1.202409122256\\db\/plugins/boardmanager/
2024-12-23 08:21:24,870 [INFO] ApiDb:261 - Set plugin images path to: C:\ST\STM32CubeIDE_1.16.1\STM32CubeIDE\plugins\com.st.stm32cube.common.mx_6.12.1.202409122256\\db\/plugins/mcufinder/images/
2024-12-23 08:21:24,870 [WARN] DbFile:41 - Overriding database path with different value: C:\Users\LeeJooHo\.stmcufinder\plugins\mcufinder/ => C:\Users\LeeJooHo\.stmcufinder\plugins\mcufinder
2024-12-23 08:21:24,870 [INFO] ApiDb:250 - Set database path to: C:\Users\LeeJooHo\.stmcufinder\plugins\mcufinder//mcu/
2024-12-23 08:21:24,870 [WARN] DbFile:41 - Overriding database path with different value: C:\Users\LeeJooHo\.stmcufinder\plugins\mcufinder/ => C:\Users\LeeJooHo\.stmcufinder\plugins\mcufinder
2024-12-23 08:21:24,870 [INFO] DbMcusAds:125 - Set database path to: C:\Users\LeeJooHo\.stmcufinder\plugins\mcufinder//mcu/
2024-12-23 08:21:24,870 [WARN] DbFile:41 - Overriding database path with different value: C:\Users\LeeJooHo\.stmcufinder\plugins\mcufinder/ => C:\Users\LeeJooHo\.stmcufinder\plugins\mcufinder
2024-12-23 08:21:24,870 [WARN] DbFile:41 - Overriding database path with different value: C:\Users\LeeJooHo\.stmcufinder\plugins\mcufinder/ => C:\Users\LeeJooHo\.stmcufinder\plugins\mcufinder
2024-12-23 08:21:24,870 [INFO] CrossReferenceDbSqlite:203 - Set database path to: C:\Users\LeeJooHo\.stmcufinder\plugins\mcufinder//mcu/cs/
2024-12-23 08:21:24,955 [INFO] MainPanel:268 - HeapMemory: 268435456
2024-12-23 08:21:25,056 [INFO] DbMcusXml:78 - Set database path to: C:\ST\STM32CubeIDE_1.16.1\STM32CubeIDE\plugins\com.st.stm32cube.common.mx_6.12.1.202409122256\\db\/mcu/
2024-12-23 08:21:25,056 [INFO] ApiDb:274 - Set plugin database path to: C:\ST\STM32CubeIDE_1.16.1\STM32CubeIDE\plugins\com.st.stm32cube.common.mx_6.12.1.202409122256\\db\/plugins/boardmanager/
2024-12-23 08:21:25,056 [INFO] ApiDb:261 - Set plugin images path to: C:\ST\STM32CubeIDE_1.16.1\STM32CubeIDE\plugins\com.st.stm32cube.common.mx_6.12.1.202409122256\\db\/plugins/mcufinder/images/
2024-12-23 08:21:25,057 [WARN] DbFile:41 - Overriding database path with different value: C:\Users\LeeJooHo\.stmcufinder\plugins\mcufinder/ => C:\Users\LeeJooHo\.stmcufinder\plugins\mcufinder
2024-12-23 08:21:25,057 [INFO] ApiDb:250 - Set database path to: C:\Users\LeeJooHo\.stmcufinder\plugins\mcufinder//mcu/
2024-12-23 08:21:25,057 [WARN] DbFile:41 - Overriding database path with different value: C:\Users\LeeJooHo\.stmcufinder\plugins\mcufinder/ => C:\Users\LeeJooHo\.stmcufinder\plugins\mcufinder
2024-12-23 08:21:25,057 [INFO] DbMcusAds:125 - Set database path to: C:\Users\LeeJooHo\.stmcufinder\plugins\mcufinder//mcu/
2024-12-23 08:21:25,057 [WARN] DbFile:41 - Overriding database path with different value: C:\Users\LeeJooHo\.stmcufinder\plugins\mcufinder/ => C:\Users\LeeJooHo\.stmcufinder\plugins\mcufinder
2024-12-23 08:21:25,057 [WARN] DbFile:41 - Overriding database path with different value: C:\Users\LeeJooHo\.stmcufinder\plugins\mcufinder/ => C:\Users\LeeJooHo\.stmcufinder\plugins\mcufinder
2024-12-23 08:21:25,057 [INFO] CrossReferenceDbSqlite:203 - Set database path to: C:\Users\LeeJooHo\.stmcufinder\plugins\mcufinder//mcu/cs/
2024-12-23 08:21:25,069 [INFO] ApplicationProperties:184 - Using Application install path: C:\ST\STM32CubeIDE_1.16.1\STM32CubeIDE\plugins\com.st.stm32cube.common.mx_6.12.1.202409122256
2024-12-23 08:21:25,070 [INFO] PluginManage:196 - Search for loadable plugins [exclusion list=, ]
2024-12-23 08:21:25,072 [INFO] PluginManage:310 - Check plugin analytics
2024-12-23 08:21:25,204 [INFO] AnalyticsPlugin:253 - Accepted Software Licenses: 
2024-12-23 08:21:25,204 [INFO] AnalyticsPlugin:255 - Accepted CMSIS Pack Licenses: 
2024-12-23 08:21:25,206 [INFO] AnalyticsPlugin:257 - Accepted Firmware Licenses: FW.F4.1.28.0
2024-12-23 08:21:25,207 [INFO] PluginManage:359 - Loaded plugin analytics (category:tool,tabindex:-1)
2024-12-23 08:21:25,208 [INFO] PluginManage:310 - Check plugin cadmodel
2024-12-23 08:21:25,219 [INFO] CADModel:105 - Init CAD model plugin
2024-12-23 08:21:25,219 [INFO] PluginManage:359 - Loaded plugin cadmodel (category:power,tabindex:5)
2024-12-23 08:21:25,219 [INFO] PluginManage:310 - Check plugin clock
2024-12-23 08:21:25,236 [INFO] PluginManage:359 - Loaded plugin clock (category:base,tabindex:2)
2024-12-23 08:21:25,236 [INFO] PluginManage:310 - Check plugin ddr
2024-12-23 08:21:25,238 [INFO] PluginManage:359 - Loaded plugin ddr (category:tool,tabindex:6)
2024-12-23 08:21:25,238 [INFO] PluginManage:310 - Check plugin filemanager
2024-12-23 08:21:25,336 [INFO] PluginManage:359 - Loaded plugin filemanager (category:base,tabindex:10)
2024-12-23 08:21:25,336 [INFO] PluginManage:310 - Check plugin ipmanager
2024-12-23 08:21:25,342 [INFO] PluginManage:359 - Loaded plugin ipmanager (category:base,tabindex:5)
2024-12-23 08:21:25,342 [INFO] PluginManage:310 - Check plugin lpbam
2024-12-23 08:21:25,354 [INFO] PluginManage:359 - Loaded plugin lpbam (category:base,tabindex:0)
2024-12-23 08:21:25,354 [INFO] PluginManage:310 - Check plugin memorymap
2024-12-23 08:21:25,374 [INFO] PluginManage:359 - Loaded plugin memorymap (category:base,tabindex:4)
2024-12-23 08:21:25,374 [INFO] PluginManage:310 - Check plugin pinoutandconfiguration
2024-12-23 08:21:25,387 [INFO] PluginManage:359 - Loaded plugin pinoutandconfiguration (category:base,tabindex:1)
2024-12-23 08:21:25,388 [INFO] PluginManage:310 - Check plugin pinoutconfig
2024-12-23 08:21:25,456 [WARN] SupportedApi:132 - Cannot load RTOS API schema: s4s-elt-must-match.1: The content of 'definitions' must match (annotation?, (simpleType | complexType)?, (unique | key | keyref)*)). A problem was found starting at: attribute.
2024-12-23 08:21:25,549 [INFO] PluginManage:359 - Loaded plugin pinoutconfig (category:base,tabindex:0)
2024-12-23 08:21:25,549 [INFO] PluginManage:310 - Check plugin power
2024-12-23 08:21:25,564 [INFO] PluginManage:359 - Loaded plugin power (category:power,tabindex:4)
2024-12-23 08:21:25,564 [INFO] PluginManage:310 - Check plugin projectmanager
2024-12-23 08:21:25,575 [INFO] PluginManage:359 - Loaded plugin projectmanager (category:projectmanager,tabindex:4)
2024-12-23 08:21:25,575 [INFO] PluginManage:310 - Check plugin rif
2024-12-23 08:21:25,585 [INFO] PluginManage:359 - Loaded plugin rif (category:base,tabindex:3)
2024-12-23 08:21:25,585 [INFO] PluginManage:310 - Check plugin thirdparty
2024-12-23 08:21:25,787 [INFO] PluginManage:359 - Loaded plugin thirdparty (category:base,tabindex:-1)
2024-12-23 08:21:25,787 [WARN] IntegrityCheckThread:84 - waiting for thirdparty lock release [integrity check]
2024-12-23 08:21:25,787 [INFO] PluginManage:310 - Check plugin tools
2024-12-23 08:21:25,787 [INFO] IntegrityCheckThread:86 - entering critical section [integrity check]
2024-12-23 08:21:25,789 [INFO] ThirdPartyUpdaterWithRetryManager:70 - Updater plugin not ready yet. [1/15]
2024-12-23 08:21:25,815 [INFO] PluginManage:359 - Loaded plugin tools (category:base,tabindex:7)
2024-12-23 08:21:25,815 [INFO] PluginManage:310 - Check plugin tutovideos
2024-12-23 08:21:25,964 [INFO] PluginManage:359 - Loaded plugin tutovideos (category:base,tabindex:-1)
2024-12-23 08:21:25,966 [INFO] PluginManage:310 - Check plugin updater
2024-12-23 08:21:25,976 [INFO] PluginManage:359 - Loaded plugin updater (category:base,tabindex:12)
2024-12-23 08:21:25,976 [INFO] PluginManage:310 - Check plugin userauth
2024-12-23 08:21:25,980 [INFO] UserAuth:113 - Init User Auth plugin
2024-12-23 08:21:25,980 [INFO] PluginManage:359 - Loaded plugin userauth (category:base,tabindex:14)
2024-12-23 08:21:25,980 [INFO] PluginManage:283 - PluginManage : Loaded plugins [18]
2024-12-23 08:21:26,119 [INFO] PinOutPanel:1561 - setPackage(No Configuration,No Configuration)
2024-12-23 08:21:26,175 [INFO] CADModel:165 - CPN selected for project level
2024-12-23 08:21:26,175 [INFO] CADModel:114 - Register for checkConnection events
2024-12-23 08:21:26,192 [INFO] IPUIPlugin:80 - create IPUIPlugin
2024-12-23 08:21:26,192 [INFO] PluginManager:220 - loadIPPluginJar : add adc
2024-12-23 08:21:26,219 [INFO] IPUIPlugin:80 - create IPUIPlugin
2024-12-23 08:21:26,220 [INFO] PluginManager:220 - loadIPPluginJar : add aes
2024-12-23 08:21:26,251 [INFO] IPUIPlugin:80 - create IPUIPlugin
2024-12-23 08:21:26,251 [INFO] PluginManager:220 - loadIPPluginJar : add can
2024-12-23 08:21:26,270 [INFO] IPUIPlugin:80 - create IPUIPlugin
2024-12-23 08:21:26,270 [INFO] PluginManager:220 - loadIPPluginJar : add comp
2024-12-23 08:21:26,296 [INFO] IPUIPlugin:80 - create IPUIPlugin
2024-12-23 08:21:26,296 [INFO] PluginManager:220 - loadIPPluginJar : add cryp
2024-12-23 08:21:26,305 [INFO] IPUIPlugin:80 - create IPUIPlugin
2024-12-23 08:21:26,305 [INFO] PluginManager:220 - loadIPPluginJar : add ddr_ctrl_phy
2024-12-23 08:21:26,330 [INFO] IPUIPlugin:80 - create IPUIPlugin
2024-12-23 08:21:26,330 [INFO] PluginManager:220 - loadIPPluginJar : add dfsdm
2024-12-23 08:21:26,340 [INFO] IPUIPlugin:80 - create IPUIPlugin
2024-12-23 08:21:26,340 [INFO] PluginManager:220 - loadIPPluginJar : add dma
2024-12-23 08:21:26,373 [INFO] IPUIPlugin:80 - create IPUIPlugin
2024-12-23 08:21:26,373 [INFO] PluginManager:220 - loadIPPluginJar : add dma3
2024-12-23 08:21:26,407 [INFO] IPUIPlugin:80 - create IPUIPlugin
2024-12-23 08:21:26,407 [INFO] PluginManager:220 - loadIPPluginJar : add extmemmanager
2024-12-23 08:21:26,423 [INFO] IPUIPlugin:80 - create IPUIPlugin
2024-12-23 08:21:26,423 [INFO] PluginManager:220 - loadIPPluginJar : add fatfs
2024-12-23 08:21:26,459 [INFO] IPUIPlugin:80 - create IPUIPlugin
2024-12-23 08:21:26,459 [INFO] PluginManager:220 - loadIPPluginJar : add fmc
2024-12-23 08:21:26,471 [INFO] IPUIPlugin:80 - create IPUIPlugin
2024-12-23 08:21:26,472 [INFO] PluginManager:220 - loadIPPluginJar : add freertos
2024-12-23 08:21:26,488 [INFO] IPUIPlugin:80 - create IPUIPlugin
2024-12-23 08:21:26,488 [INFO] PluginManager:220 - loadIPPluginJar : add genericplugin
2024-12-23 08:21:26,563 [INFO] IPUIPlugin:80 - create IPUIPlugin
2024-12-23 08:21:26,563 [INFO] PluginManager:220 - loadIPPluginJar : add gfxmmu
2024-12-23 08:21:26,663 [INFO] IPUIPlugin:80 - create IPUIPlugin
2024-12-23 08:21:26,663 [INFO] PluginManager:220 - loadIPPluginJar : add gic
2024-12-23 08:21:26,674 [INFO] IPUIPlugin:80 - create IPUIPlugin
2024-12-23 08:21:26,674 [INFO] PluginManager:220 - loadIPPluginJar : add gpio
2024-12-23 08:21:26,750 [INFO] IPUIPlugin:80 - create IPUIPlugin
2024-12-23 08:21:26,750 [INFO] PluginManager:220 - loadIPPluginJar : add gtzc
2024-12-23 08:21:26,777 [INFO] IPUIPlugin:80 - create IPUIPlugin
2024-12-23 08:21:26,777 [INFO] PluginManager:220 - loadIPPluginJar : add hash
2024-12-23 08:21:26,821 [INFO] IPUIPlugin:80 - create IPUIPlugin
2024-12-23 08:21:26,821 [INFO] PluginManager:220 - loadIPPluginJar : add i2c
2024-12-23 08:21:26,854 [INFO] IPUIPlugin:80 - create IPUIPlugin
2024-12-23 08:21:26,854 [INFO] PluginManager:220 - loadIPPluginJar : add i2s
2024-12-23 08:21:26,889 [INFO] IPUIPlugin:80 - create IPUIPlugin
2024-12-23 08:21:26,889 [INFO] PluginManager:220 - loadIPPluginJar : add i3c
2024-12-23 08:21:26,970 [INFO] IPUIPlugin:80 - create IPUIPlugin
2024-12-23 08:21:26,970 [INFO] PluginManager:220 - loadIPPluginJar : add ipddr
2024-12-23 08:21:27,036 [INFO] IPUIPlugin:80 - create IPUIPlugin
2024-12-23 08:21:27,036 [INFO] PluginManager:220 - loadIPPluginJar : add linkedlist
2024-12-23 08:21:27,064 [INFO] IPUIPlugin:80 - create IPUIPlugin
2024-12-23 08:21:27,064 [INFO] PluginManager:220 - loadIPPluginJar : add lorawan
2024-12-23 08:21:27,090 [INFO] IPUIPlugin:80 - create IPUIPlugin
2024-12-23 08:21:27,091 [INFO] PluginManager:220 - loadIPPluginJar : add ltdc
2024-12-23 08:21:27,100 [INFO] IPUIPlugin:80 - create IPUIPlugin
2024-12-23 08:21:27,100 [INFO] PluginManager:220 - loadIPPluginJar : add mdma
2024-12-23 08:21:27,109 [INFO] IPUIPlugin:80 - create IPUIPlugin
2024-12-23 08:21:27,110 [INFO] PluginManager:220 - loadIPPluginJar : add nvic
2024-12-23 08:21:27,137 [INFO] IPUIPlugin:80 - create IPUIPlugin
2024-12-23 08:21:27,137 [INFO] PluginManager:220 - loadIPPluginJar : add opamp
2024-12-23 08:21:27,181 [INFO] IPUIPlugin:80 - create IPUIPlugin
2024-12-23 08:21:27,182 [INFO] PluginManager:220 - loadIPPluginJar : add openamp
2024-12-23 08:21:27,213 [INFO] IPUIPlugin:80 - create IPUIPlugin
2024-12-23 08:21:27,213 [INFO] PluginManager:220 - loadIPPluginJar : add pdm2pcm
2024-12-23 08:21:27,223 [INFO] IPUIPlugin:80 - create IPUIPlugin
2024-12-23 08:21:27,225 [INFO] PluginManager:220 - loadIPPluginJar : add plateformsettings
2024-12-23 08:21:27,243 [INFO] IPUIPlugin:80 - create IPUIPlugin
2024-12-23 08:21:27,244 [INFO] PluginManager:220 - loadIPPluginJar : add quadspi
2024-12-23 08:21:27,262 [INFO] IPUIPlugin:80 - create IPUIPlugin
2024-12-23 08:21:27,263 [INFO] PluginManager:220 - loadIPPluginJar : add radio
2024-12-23 08:21:27,272 [INFO] IPUIPlugin:80 - create IPUIPlugin
2024-12-23 08:21:27,272 [INFO] PluginManager:220 - loadIPPluginJar : add resmgrutility
2024-12-23 08:21:27,309 [INFO] IPUIPlugin:80 - create IPUIPlugin
2024-12-23 08:21:27,309 [INFO] PluginManager:220 - loadIPPluginJar : add sai
2024-12-23 08:21:27,336 [INFO] IPUIPlugin:80 - create IPUIPlugin
2024-12-23 08:21:27,337 [INFO] PluginManager:220 - loadIPPluginJar : add spi
2024-12-23 08:21:27,390 [INFO] IPUIPlugin:80 - create IPUIPlugin
2024-12-23 08:21:27,390 [INFO] PluginManager:220 - loadIPPluginJar : add stm32_wpan
2024-12-23 08:21:27,409 [INFO] IPUIPlugin:80 - create IPUIPlugin
2024-12-23 08:21:27,409 [INFO] PluginManager:220 - loadIPPluginJar : add tim
2024-12-23 08:21:27,453 [INFO] IPUIPlugin:80 - create IPUIPlugin
2024-12-23 08:21:27,453 [INFO] PluginManager:220 - loadIPPluginJar : add touchsensing
2024-12-23 08:21:27,469 [INFO] IPUIPlugin:80 - create IPUIPlugin
2024-12-23 08:21:27,471 [INFO] PluginManager:220 - loadIPPluginJar : add tracer_emb
2024-12-23 08:21:27,488 [INFO] IPUIPlugin:80 - create IPUIPlugin
2024-12-23 08:21:27,488 [INFO] PluginManager:220 - loadIPPluginJar : add ts
2024-12-23 08:21:27,505 [INFO] IPUIPlugin:80 - create IPUIPlugin
2024-12-23 08:21:27,505 [INFO] PluginManager:220 - loadIPPluginJar : add tsc
2024-12-23 08:21:27,521 [INFO] IPUIPlugin:80 - create IPUIPlugin
2024-12-23 08:21:27,521 [INFO] PluginManager:220 - loadIPPluginJar : add ucpd
2024-12-23 08:21:27,554 [INFO] IPUIPlugin:80 - create IPUIPlugin
2024-12-23 08:21:27,554 [INFO] PluginManager:220 - loadIPPluginJar : add usart
2024-12-23 08:21:27,591 [INFO] IPUIPlugin:80 - create IPUIPlugin
2024-12-23 08:21:27,591 [INFO] PluginManager:220 - loadIPPluginJar : add usbx
2024-12-23 08:21:27,699 [INFO] CADModel:165 - CPN selected for project level
2024-12-23 08:21:27,699 [INFO] CADModel:114 - Register for checkConnection events
2024-12-23 08:21:27,699 [FATAL] Updater:334 - Updater called before beeing initialized
2024-12-23 08:21:27,699 [ERROR] CADModel:125 - Updater not yet initialized, retry later 
2024-12-23 08:21:27,785 [INFO] CADModel:165 - CPN selected for project level
2024-12-23 08:21:27,785 [INFO] CADModel:114 - Register for checkConnection events
2024-12-23 08:21:27,785 [FATAL] Updater:334 - Updater called before beeing initialized
2024-12-23 08:21:27,785 [ERROR] CADModel:125 - Updater not yet initialized, retry later 
2024-12-23 08:21:27,787 [FATAL] Updater:334 - Updater called before beeing initialized
2024-12-23 08:21:27,869 [FATAL] Updater:334 - Updater called before beeing initialized
2024-12-23 08:21:27,877 [INFO] DbMcusAds:53 - JSON generation date=Wed Dec 18 01:01:15 KST 2024 (1734451275196)
2024-12-23 08:21:27,878 [FATAL] Updater:334 - Updater called before beeing initialized
2024-12-23 08:21:27,906 [WARN] DetailPanel:346 - Failed to get advertising image, set to default
2024-12-23 08:21:27,969 [FATAL] Updater:334 - Updater called before beeing initialized
2024-12-23 08:21:27,970 [FATAL] Updater:334 - Updater called before beeing initialized
2024-12-23 08:21:27,970 [FATAL] Updater:334 - Updater called before beeing initialized
2024-12-23 08:21:27,970 [WARN] DetailPanel:346 - Failed to get advertising image, set to default
2024-12-23 08:21:27,971 [FATAL] Updater:334 - Updater called before beeing initialized
2024-12-23 08:21:28,011 [ERROR] Updater:1164 - MainUpdater not yet initialized. External WinMGr cannot be set.
2024-12-23 08:21:28,019 [INFO] Updater:1100 - Updater Version found : 6.12.1
2024-12-23 08:21:28,032 [INFO] ApplicationProperties:184 - Using Application install path: C:\ST\STM32CubeIDE_1.16.1\STM32CubeIDE\plugins\com.st.stm32cube.common.mx_6.12.1.202409122256
2024-12-23 08:21:28,789 [INFO] ThirdPartyUpdaterWithRetryManager:70 - Updater plugin not ready yet. [2/15]
2024-12-23 08:21:29,601 [ERROR] LogOutputStream:75 - [STDERR_REDIRECT] Dec 23, 2024 8:21:29 AM java.util.prefs.WindowsPreferences <init>
2024-12-23 08:21:29,602 [ERROR] LogOutputStream:75 - [STDERR_REDIRECT] WARNING: Could not open/create prefs root node Software\JavaSoft\Prefs at root 0xffffffff80000002. Windows RegCreateKeyEx(...) returned error code 5.
2024-12-23 08:21:29,602 [ERROR] LogOutputStream:75 - [STDERR_REDIRECT] 
2024-12-23 08:21:29,919 [INFO] MainUpdater:2873 - connection check result : 10
2024-12-23 08:21:29,919 [INFO] MainUpdater:290 - Updater Check For Update Now.
2024-12-23 08:21:29,919 [INFO] MicroXplorer:498 - Change Database Version : DB.6.0.121
2024-12-23 08:21:29,933 [INFO] McuFinderGlobals:63 - Set McuFinder mode to 2 (CubeIDE integrated)
2024-12-23 08:21:29,938 [INFO] UserAuth:417 - Internet connection configuration mode: 1
2024-12-23 08:21:29,956 [INFO] JxBrowserEngine:152 - Initiate JxBrowser Engine with user profile folder
2024-12-23 08:21:30,131 [INFO] CheckServerUpdateThread:120 - End of CheckServer Thread
2024-12-23 08:21:31,956 [WARN] PackLoader:240 - Cannot read IP mode file for STMicroelectronics.FP-SNS-MOTENVWB1.1.4.0
2024-12-23 08:21:31,967 [WARN] PackLoader:240 - Cannot read IP mode file for STMicroelectronics.FP-ATR-ASTRA1.2.0.1
2024-12-23 08:21:31,977 [WARN] PackLoader:240 - Cannot read IP mode file for STMicroelectronics.X-CUBE-SMBUS.2.1.0
2024-12-23 08:21:31,990 [WARN] PackLoader:240 - Cannot read IP mode file for STMicroelectronics.X-CUBE-WB05N.1.1.0
2024-12-23 08:21:32,018 [WARN] PackLoader:240 - Cannot read IP mode file for STMicroelectronics.X-CUBE-AZRTOS-F7.1.1.0
2024-12-23 08:21:32,082 [WARN] PackLoader:240 - Cannot read IP mode file for STMicroelectronics.X-CUBE-MEMS1.11.0.0
2024-12-23 08:21:32,204 [WARN] PackLoader:240 - Cannot read IP mode file for STMicroelectronics.FP-SNS-FLIGHT1.5.0.2
2024-12-23 08:21:32,219 [WARN] PackLoader:240 - Cannot read IP mode file for STMicroelectronics.X-CUBE-DISPLAY.3.0.0
2024-12-23 08:21:32,237 [WARN] PackLoader:240 - Cannot read IP mode file for STMicroelectronics.X-CUBE-BLE1.7.0.0
2024-12-23 08:21:32,250 [WARN] PackLoader:240 - Cannot read IP mode file for STMicroelectronics.X-CUBE-NFC10.1.0.0
2024-12-23 08:21:32,270 [WARN] PackLoader:240 - Cannot read IP mode file for STMicroelectronics.X-CUBE-BLEMGR.4.0.0
2024-12-23 08:21:32,288 [WARN] PackLoader:240 - Cannot read IP mode file for emotas.I-CUBE-CANOPEN.1.3.0
2024-12-23 08:21:32,310 [WARN] PackLoader:240 - Cannot read IP mode file for STMicroelectronics.X-CUBE-BLEMGR.3.1.0
2024-12-23 08:21:32,328 [WARN] PackLoader:240 - Cannot read IP mode file for STMicroelectronics.FP-SNS-SMARTAG2.1.2.0
2024-12-23 08:21:32,407 [WARN] PackLoader:240 - Cannot read IP mode file for STMicroelectronics.X-CUBE-MEMS1.11.1.0
2024-12-23 08:21:32,507 [INFO] LogOutputStream:77 - [STDOUT_REDIRECT] 1 : Invalid condition id : UX_CORESTACK_Condition cause : null
2024-12-23 08:21:32,509 [INFO] LogOutputStream:77 - [STDOUT_REDIRECT] 1 : Invalid condition id : UX_CORESTACK_Condition cause : null
2024-12-23 08:21:32,510 [INFO] LogOutputStream:77 - [STDOUT_REDIRECT] 1 : Invalid condition id : UX_CORESTACK_Condition cause : null
2024-12-23 08:21:32,511 [INFO] LogOutputStream:77 - [STDOUT_REDIRECT] 1 : Invalid condition id : UX_CORESTACK_Condition cause : null
2024-12-23 08:21:32,512 [INFO] LogOutputStream:77 - [STDOUT_REDIRECT] 1 : Invalid condition id : UX_CORESTACK_Condition cause : null
2024-12-23 08:21:32,514 [WARN] PackLoader:240 - Cannot read IP mode file for STMicroelectronics.X-CUBE-AZRTOS-WL.2.0.0
2024-12-23 08:21:32,527 [WARN] PackLoader:240 - Cannot read IP mode file for STMicroelectronics.FP-SNS-MOTENV1.5.0.0
2024-12-23 08:21:32,540 [WARN] PackLoader:240 - Cannot read IP mode file for wolfSSL.I-CUBE-wolfMQTT.1.19.0
2024-12-23 08:21:32,555 [WARN] PackLoader:240 - Cannot read IP mode file for WES.I-CUBE-Cesium.1.3.0
2024-12-23 08:21:32,568 [WARN] PackLoader:240 - Cannot read IP mode file for STMicroelectronics.X-CUBE-BLE2.3.3.0
2024-12-23 08:21:32,583 [WARN] PackLoader:240 - Cannot read IP mode file for STMicroelectronics.X-CUBE-NFC9.1.0.0
2024-12-23 08:21:32,594 [WARN] PackLoader:240 - Cannot read IP mode file for STMicroelectronics.X-CUBE-TCPP.4.1.0
2024-12-23 08:21:32,622 [WARN] PackLoader:240 - Cannot read IP mode file for STMicroelectronics.X-CUBE-AZRTOS-G0.1.1.0
2024-12-23 08:21:32,639 [WARN] PackLoader:240 - Cannot read IP mode file for STMicroelectronics.X-CUBE-SAFEA1.1.2.2
2024-12-23 08:21:32,651 [WARN] PackLoader:240 - Cannot read IP mode file for STMicroelectronics.X-CUBE-NFC4.3.0.0
2024-12-23 08:21:32,667 [WARN] PackLoader:240 - Cannot read IP mode file for EmbeddedOffice.I-CUBE-FS-RTOS.1.0.1
2024-12-23 08:21:32,668 [ERROR] ConditionMgr:805 - Attr not supported : Dmpu
2024-12-23 08:21:32,668 [ERROR] ConditionMgr:805 - Attr not supported : Dmpu
2024-12-23 08:21:32,668 [ERROR] ConditionMgr:805 - Attr not supported : Dmpu
2024-12-23 08:21:32,668 [ERROR] ConditionMgr:805 - Attr not supported : Dmpu
2024-12-23 08:21:32,668 [ERROR] ConditionMgr:805 - Attr not supported : Dmpu
2024-12-23 08:21:32,668 [ERROR] ConditionMgr:805 - Attr not supported : Dmpu
2024-12-23 08:21:32,668 [ERROR] ConditionMgr:805 - Attr not supported : Dmpu
2024-12-23 08:21:32,668 [ERROR] ConditionMgr:805 - Attr not supported : Dmpu
2024-12-23 08:21:32,668 [ERROR] ConditionMgr:805 - Attr not supported : Dmpu
2024-12-23 08:21:32,668 [ERROR] ConditionMgr:805 - Attr not supported : Dmpu
2024-12-23 08:21:32,669 [ERROR] ConditionMgr:805 - Attr not supported : Dmpu
2024-12-23 08:21:32,669 [ERROR] ConditionMgr:805 - Attr not supported : Dmpu
2024-12-23 08:21:32,669 [ERROR] ConditionMgr:805 - Attr not supported : Dmpu
2024-12-23 08:21:32,669 [ERROR] ConditionMgr:805 - Attr not supported : Dmpu
2024-12-23 08:21:32,669 [ERROR] ConditionMgr:805 - Attr not supported : Dmpu
2024-12-23 08:21:32,669 [ERROR] ConditionMgr:805 - Attr not supported : Dmpu
2024-12-23 08:21:32,669 [ERROR] ConditionMgr:805 - Attr not supported : Dmpu
2024-12-23 08:21:32,669 [ERROR] ConditionMgr:805 - Attr not supported : Dmpu
2024-12-23 08:21:32,669 [ERROR] ConditionMgr:805 - Attr not supported : Dmpu
2024-12-23 08:21:32,669 [ERROR] ConditionMgr:805 - Attr not supported : Dmpu
2024-12-23 08:21:32,669 [ERROR] ConditionMgr:805 - Attr not supported : Dmpu
2024-12-23 08:21:32,669 [ERROR] ConditionMgr:805 - Attr not supported : Dmpu
2024-12-23 08:21:32,669 [ERROR] ConditionMgr:805 - Attr not supported : Dmpu
2024-12-23 08:21:32,669 [ERROR] ConditionMgr:805 - Attr not supported : Dmpu
2024-12-23 08:21:32,669 [ERROR] ConditionMgr:805 - Attr not supported : Dmpu
2024-12-23 08:21:32,669 [ERROR] ConditionMgr:805 - Attr not supported : Dmpu
2024-12-23 08:21:32,669 [ERROR] ConditionMgr:805 - Attr not supported : Dmpu
2024-12-23 08:21:32,669 [ERROR] ConditionMgr:805 - Attr not supported : Dmpu
2024-12-23 08:21:32,669 [ERROR] ConditionMgr:805 - Attr not supported : Dmpu
2024-12-23 08:21:32,671 [ERROR] ConditionMgr:805 - Attr not supported : Dmpu
2024-12-23 08:21:32,671 [ERROR] ConditionMgr:805 - Attr not supported : Dmpu
2024-12-23 08:21:32,671 [ERROR] ConditionMgr:805 - Attr not supported : Dmpu
2024-12-23 08:21:32,671 [ERROR] ConditionMgr:805 - Attr not supported : Dmpu
2024-12-23 08:21:32,671 [ERROR] ConditionMgr:805 - Attr not supported : Dmpu
2024-12-23 08:21:32,671 [ERROR] ConditionMgr:805 - Attr not supported : Dmpu
2024-12-23 08:21:32,671 [ERROR] ConditionMgr:805 - Attr not supported : Dmpu
2024-12-23 08:21:32,671 [ERROR] ConditionMgr:805 - Attr not supported : Dmpu
2024-12-23 08:21:32,671 [ERROR] ConditionMgr:805 - Attr not supported : Dmpu
2024-12-23 08:21:32,671 [ERROR] ConditionMgr:805 - Attr not supported : Dmpu
2024-12-23 08:21:32,671 [ERROR] ConditionMgr:805 - Attr not supported : Dmpu
2024-12-23 08:21:32,671 [ERROR] ConditionMgr:805 - Attr not supported : Dmpu
2024-12-23 08:21:32,671 [ERROR] ConditionMgr:805 - Attr not supported : Dmpu
2024-12-23 08:21:32,671 [ERROR] ConditionMgr:805 - Attr not supported : Dmpu
2024-12-23 08:21:32,672 [ERROR] ConditionMgr:805 - Attr not supported : Dmpu
2024-12-23 08:21:32,672 [ERROR] ConditionMgr:805 - Attr not supported : Dmpu
2024-12-23 08:21:32,672 [ERROR] ConditionMgr:805 - Attr not supported : Dmpu
2024-12-23 08:21:32,672 [ERROR] ConditionMgr:805 - Attr not supported : Dmpu
2024-12-23 08:21:32,672 [ERROR] ConditionMgr:805 - Attr not supported : Dmpu
2024-12-23 08:21:32,672 [ERROR] ConditionMgr:805 - Attr not supported : Dmpu
2024-12-23 08:21:32,672 [ERROR] ConditionMgr:805 - Attr not supported : Dmpu
2024-12-23 08:21:32,672 [ERROR] ConditionMgr:805 - Attr not supported : Dmpu
2024-12-23 08:21:32,672 [ERROR] ConditionMgr:805 - Attr not supported : Dmpu
2024-12-23 08:21:32,672 [ERROR] ConditionMgr:805 - Attr not supported : Dmpu
2024-12-23 08:21:32,672 [ERROR] ConditionMgr:805 - Attr not supported : Dmpu
2024-12-23 08:21:32,672 [ERROR] ConditionMgr:805 - Attr not supported : Dmpu
2024-12-23 08:21:32,672 [ERROR] ConditionMgr:805 - Attr not supported : Dmpu
2024-12-23 08:21:32,672 [ERROR] ConditionMgr:805 - Attr not supported : Dmpu
2024-12-23 08:21:32,672 [ERROR] ConditionMgr:805 - Attr not supported : Dmpu
2024-12-23 08:21:32,672 [ERROR] ConditionMgr:805 - Attr not supported : Dmpu
2024-12-23 08:21:32,673 [ERROR] ConditionMgr:805 - Attr not supported : Dmpu
2024-12-23 08:21:32,673 [ERROR] ConditionMgr:805 - Attr not supported : Dmpu
2024-12-23 08:21:32,673 [ERROR] ConditionMgr:805 - Attr not supported : Dmpu
2024-12-23 08:21:32,673 [ERROR] ConditionMgr:805 - Attr not supported : Dmpu
2024-12-23 08:21:32,673 [ERROR] ConditionMgr:805 - Attr not supported : Dmpu
2024-12-23 08:21:32,685 [ERROR] Engine:466 - C:\Users\LeeJooHo\.stm32cubemx\thirdparties\pdsc\STMicroelectronics.X-CUBE-TCPP.4.2.0.pdsc: PDSC version is not supported
2024-12-23 08:21:32,699 [WARN] PackLoader:240 - Cannot read IP mode file for RealThread.X-CUBE-RT-Thread_Nano.4.1.1
2024-12-23 08:21:32,713 [WARN] PackLoader:240 - Cannot read IP mode file for STMicroelectronics.FP-ATR-SIGFOX1.3.2.0
2024-12-23 08:21:32,727 [WARN] PackLoader:240 - Cannot read IP mode file for wolfSSL.I-CUBE-wolfSSL.5.7.2
2024-12-23 08:21:32,739 [WARN] ConditionMgr:438 - getConditionDescription Invalid condition id : Cortex-A Device cause : null
2024-12-23 08:21:32,758 [WARN] ConditionMgr:1039 - genDependencies : Invalid condition id : Cortex-A Device cause : null
2024-12-23 08:21:32,760 [WARN] ConditionMgr:1039 - genDependencies : Invalid condition id : Cortex-A Device cause : null
2024-12-23 08:21:32,760 [WARN] ConditionMgr:1039 - genDependencies : Invalid condition id : Cortex-A Device cause : null
2024-12-23 08:21:32,776 [WARN] PackLoader:240 - Cannot read IP mode file for STMicroelectronics.X-CUBE-EEPRMA1.5.1.0
2024-12-23 08:21:32,793 [WARN] PackLoader:240 - Cannot read IP mode file for ITTIA_DB.I-CUBE-ITTIADB.8.9.0
2024-12-23 08:21:32,834 [WARN] PackLoader:240 - Cannot read IP mode file for SEGGER.I-CUBE-embOS.1.3.1
2024-12-23 08:21:32,893 [WARN] PackLoader:240 - Cannot read IP mode file for STMicroelectronics.X-CUBE-ALGOBUILD.1.4.0
2024-12-23 08:21:32,909 [WARN] PackLoader:240 - Cannot read IP mode file for STMicroelectronics.X-CUBE-AI.9.1.0
2024-12-23 08:21:32,938 [WARN] PackLoader:240 - Cannot read IP mode file for STMicroelectronics.X-CUBE-AZRTOS-F4.1.1.0
2024-12-23 08:21:32,954 [WARN] PackLoader:240 - Cannot read IP mode file for STMicroelectronics.X-CUBE-ISPU.2.1.0
2024-12-23 08:21:32,966 [WARN] PackLoader:240 - Cannot read IP mode file for STMicroelectronics.X-CUBE-FREERTOS.1.2.0
2024-12-23 08:21:32,994 [WARN] PackLoader:240 - Cannot read IP mode file for STMicroelectronics.X-CUBE-AZRTOS-L5.2.0.0
2024-12-23 08:21:33,015 [WARN] PackLoader:240 - Cannot read IP mode file for STMicroelectronics.X-CUBE-NFC6.3.1.0
2024-12-23 08:21:33,029 [WARN] PackLoader:240 - Cannot read IP mode file for STMicroelectronics.X-CUBE-DPower.1.2.0
2024-12-23 08:21:33,040 [WARN] PackLoader:240 - Cannot read IP mode file for STMicroelectronics.X-CUBE-FREERTOS.1.3.0
2024-12-23 08:21:33,056 [WARN] PackLoader:240 - Cannot read IP mode file for STMicroelectronics.X-CUBE-NFC7.1.0.1
2024-12-23 08:21:33,085 [WARN] ConditionMgr:438 - getConditionDescription Invalid condition id : LAN8742 Phy interface Condition cause : null
2024-12-23 08:21:33,085 [WARN] PackLoader:240 - Cannot read IP mode file for STMicroelectronics.X-CUBE-AZRTOS-L4.2.0.0
2024-12-23 08:21:33,086 [WARN] ConditionMgr:1039 - genDependencies : Invalid condition id : LAN8742 Phy interface Condition cause : null
2024-12-23 08:21:33,086 [WARN] ConditionMgr:1039 - genDependencies : Invalid condition id : LAN8742 Phy interface Condition cause : null
2024-12-23 08:21:33,086 [WARN] ConditionMgr:1039 - genDependencies : Invalid condition id : LAN8742 Phy interface Condition cause : null
2024-12-23 08:21:33,125 [WARN] PackLoader:240 - Cannot read IP mode file for STMicroelectronics.X-CUBE-SFXS2LP1.4.0.0
2024-12-23 08:21:33,167 [WARN] PackLoader:240 - Cannot read IP mode file for STMicroelectronics.X-CUBE-AZRTOS-H7.3.3.0
2024-12-23 08:21:33,228 [WARN] PackLoader:240 - Cannot read IP mode file for STMicroelectronics.X-CUBE-IPS.3.0.0
2024-12-23 08:21:33,302 [WARN] ConditionMgr:438 - getConditionDescription Invalid condition id : UX DEVICE CLASS RTOS Condition cause : null
2024-12-23 08:21:33,302 [WARN] ConditionMgr:438 - getConditionDescription Invalid condition id : UX DEVICE CLASS RTOS Condition cause : null
2024-12-23 08:21:33,303 [WARN] PackLoader:240 - Cannot read IP mode file for STMicroelectronics.X-CUBE-AZRTOS-WB.2.0.0
2024-12-23 08:21:33,304 [WARN] ConditionMgr:1039 - genDependencies : Invalid condition id : UX DEVICE CLASS RTOS Condition cause : null
2024-12-23 08:21:33,304 [WARN] ConditionMgr:1039 - genDependencies : Invalid condition id : UX DEVICE CLASS RTOS Condition cause : null
2024-12-23 08:21:33,304 [WARN] ConditionMgr:1039 - genDependencies : Invalid condition id : UX DEVICE CLASS RTOS Condition cause : null
2024-12-23 08:21:33,304 [WARN] ConditionMgr:1039 - genDependencies : Invalid condition id : UX DEVICE CLASS RTOS Condition cause : null
2024-12-23 08:21:33,304 [WARN] ConditionMgr:1039 - genDependencies : Invalid condition id : UX DEVICE CLASS RTOS Condition cause : null
2024-12-23 08:21:33,316 [WARN] PackLoader:240 - Cannot read IP mode file for STMicroelectronics.X-CUBE-GNSS1.7.0.0
2024-12-23 08:21:33,330 [WARN] PackLoader:240 - Cannot read IP mode file for STMicroelectronics.X-CUBE-GNSS1.7.0.1
2024-12-23 08:21:33,363 [WARN] PackLoader:240 - Cannot read IP mode file for STMicroelectronics.FP-SNS-STBOX1.2.0.0
2024-12-23 08:21:33,400 [WARN] PackLoader:240 - Cannot read IP mode file for STMicroelectronics.X-CUBE-SUBG2.5.0.0
2024-12-23 08:21:33,411 [WARN] PackLoader:240 - Cannot read IP mode file for Cesanta.I-CUBE-Mongoose.7.13.0
2024-12-23 08:21:33,483 [WARN] PackLoader:240 - Cannot read IP mode file for STMicroelectronics.X-CUBE-AZRTOS-G4.2.0.0
2024-12-23 08:21:33,498 [WARN] PackLoader:240 - Cannot read IP mode file for STMicroelectronics.X-CUBE-ALS.1.0.2
2024-12-23 08:21:33,514 [WARN] PackLoader:240 - Cannot read IP mode file for STMicroelectronics.X-CUBE-TOUCHGFX.4.24.1
2024-12-23 08:21:33,527 [WARN] PackLoader:240 - Cannot read IP mode file for wolfSSL.I-CUBE-wolfTPM.3.4.0
2024-12-23 08:21:33,543 [WARN] PackLoader:240 - Cannot read IP mode file for portGmbH.I-Cube-SoM-uGOAL.1.1.0
2024-12-23 08:21:33,611 [WARN] PackLoader:240 - Cannot read IP mode file for STMicroelectronics.X-CUBE-AZRTOS-H7RS.1.0.0
2024-12-23 08:21:33,655 [WARN] PackLoader:240 - Cannot read IP mode file for STMicroelectronics.FP-ATR-ASTRA1.2.0.0
2024-12-23 08:21:33,676 [WARN] PackLoader:240 - Cannot read IP mode file for STMicroelectronics.X-CUBE-TOF1.3.4.2
2024-12-23 08:21:33,710 [WARN] PackLoader:240 - Cannot read IP mode file for Infineon.AIROC-Wi-Fi-Bluetooth-STM32.1.6.1
2024-12-23 08:21:33,739 [WARN] PackLoader:240 - Cannot read IP mode file for wolfSSL.I-CUBE-wolfSSH.1.4.17
2024-12-23 08:21:33,739 [INFO] ThirdParty:978 - Integrity check success = true
2024-12-23 08:21:33,739 [INFO] IntegrityCheckThread:100 - exiting critical section [integrity check]
2024-12-23 08:21:33,739 [INFO] IntegrityCheckThread:103 - End integrity checks thread
2024-12-23 08:21:36,923 [INFO] WebApp:167 - Instantiating new browser for Auth
2024-12-23 08:21:37,428 [INFO] WebApp:448 - Apply proxy settings
2024-12-23 08:21:37,428 [INFO] WebApp:533 - Chromium requires no authentication
2024-12-23 08:21:37,435 [INFO] WebApp:476 - Direct internet connection detected
2024-12-23 08:21:37,452 [INFO] WebApp:869 - Register for checkConnection events
2024-12-23 08:21:37,452 [INFO] WebApp:448 - Apply proxy settings
2024-12-23 08:21:37,453 [INFO] WebApp:533 - Chromium requires no authentication
2024-12-23 08:21:37,453 [INFO] WebApp:476 - Direct internet connection detected
2024-12-23 08:21:37,578 [INFO] WebApp:220 - Starting web application
2024-12-23 08:21:37,578 [INFO] WebApp:578 - Web application path used C:\ST\STM32CubeIDE_1.16.1\STM32CubeIDE\plugins\com.st.stm32cube.common.mx_6.12.1.202409122256\db\plugins\mcufinder\reactClient1\index.html
2024-12-23 08:21:37,699 [INFO] UserAuth:417 - Internet connection configuration mode: 1
2024-12-23 08:21:37,719 [INFO] WebApp:186 - Connection restablished
2024-12-23 09:31:47,223 [INFO] WebApp:189 - Connection lost
2024-12-23 09:33:13,082 [INFO] WebApp:186 - Connection restablished
2024-12-23 18:18:04,567 [ERROR] LogOutputStream:75 - [STDERR_REDIRECT] 
