2025-01-24 23:22:42,441 [INFO] Activator:176 - 


2025-01-24 23:22:42,448 [INFO] Activator:177 - !SESSION log4j initialized
2025-01-24 23:22:52,050 [INFO] LogOutputStream:77 - [STDOUT_REDIRECT] 
2025-01-24 23:22:56,277 [INFO] ApplicationProperties:184 - Using Application install path: C:\ST\STM32CubeIDE_1.16.1\STM32CubeIDE\plugins\com.st.stm32cube.common.mx_6.12.1.202409122256
2025-01-24 23:22:56,299 [INFO] DbMcusXml:78 - Set database path to: C:\ST\STM32CubeIDE_1.16.1\STM32CubeIDE\plugins\com.st.stm32cube.common.mx_6.12.1.202409122256\\db\/mcu/
2025-01-24 23:22:56,299 [INFO] ApiDb:274 - Set plugin database path to: C:\ST\STM32CubeIDE_1.16.1\STM32CubeIDE\plugins\com.st.stm32cube.common.mx_6.12.1.202409122256\\db\/plugins/boardmanager/
2025-01-24 23:22:56,300 [WARN] ApiDb:259 - Overriding images path with different value:  => C:\ST\STM32CubeIDE_1.16.1\STM32CubeIDE\plugins\com.st.stm32cube.common.mx_6.12.1.202409122256\\db\/plugins/mcufinder/images/
2025-01-24 23:22:56,309 [INFO] ApiDb:250 - Set database path to: C:\Users\vermi\.stmcufinder\plugins\mcufinder//mcu/
2025-01-24 23:22:56,311 [INFO] DbMcusAds:125 - Set database path to: C:\Users\vermi\.stmcufinder\plugins\mcufinder//mcu/
2025-01-24 23:22:56,314 [INFO] CrossReferenceDbSqlite:203 - Set database path to: C:\Users\vermi\.stmcufinder\plugins\mcufinder//mcu/cs/
2025-01-24 23:22:56,431 [INFO] RulesReader:64 - Compatibility file has been processed (297 Rules)
2025-01-24 23:22:56,534 [INFO] DbMcusXml:78 - Set database path to: C:\ST\STM32CubeIDE_1.16.1\STM32CubeIDE\plugins\com.st.stm32cube.common.mx_6.12.1.202409122256\\db\/mcu/
2025-01-24 23:22:56,534 [INFO] ApiDb:274 - Set plugin database path to: C:\ST\STM32CubeIDE_1.16.1\STM32CubeIDE\plugins\com.st.stm32cube.common.mx_6.12.1.202409122256\\db\/plugins/boardmanager/
2025-01-24 23:22:56,534 [INFO] ApiDb:261 - Set plugin images path to: C:\ST\STM32CubeIDE_1.16.1\STM32CubeIDE\plugins\com.st.stm32cube.common.mx_6.12.1.202409122256\\db\/plugins/mcufinder/images/
2025-01-24 23:22:56,535 [WARN] DbFile:41 - Overriding database path with different value: C:\Users\vermi\.stmcufinder\plugins\mcufinder/ => C:\Users\vermi\.stmcufinder\plugins\mcufinder
2025-01-24 23:22:56,535 [INFO] ApiDb:250 - Set database path to: C:\Users\vermi\.stmcufinder\plugins\mcufinder//mcu/
2025-01-24 23:22:56,535 [WARN] DbFile:41 - Overriding database path with different value: C:\Users\vermi\.stmcufinder\plugins\mcufinder/ => C:\Users\vermi\.stmcufinder\plugins\mcufinder
2025-01-24 23:22:56,535 [INFO] DbMcusAds:125 - Set database path to: C:\Users\vermi\.stmcufinder\plugins\mcufinder//mcu/
2025-01-24 23:22:56,535 [WARN] DbFile:41 - Overriding database path with different value: C:\Users\vermi\.stmcufinder\plugins\mcufinder/ => C:\Users\vermi\.stmcufinder\plugins\mcufinder
2025-01-24 23:22:56,535 [WARN] DbFile:41 - Overriding database path with different value: C:\Users\vermi\.stmcufinder\plugins\mcufinder/ => C:\Users\vermi\.stmcufinder\plugins\mcufinder
2025-01-24 23:22:56,535 [INFO] CrossReferenceDbSqlite:203 - Set database path to: C:\Users\vermi\.stmcufinder\plugins\mcufinder//mcu/cs/
2025-01-24 23:22:56,666 [INFO] MainPanel:268 - HeapMemory: 268435456
2025-01-24 23:22:56,798 [INFO] DbMcusXml:78 - Set database path to: C:\ST\STM32CubeIDE_1.16.1\STM32CubeIDE\plugins\com.st.stm32cube.common.mx_6.12.1.202409122256\\db\/mcu/
2025-01-24 23:22:56,798 [INFO] ApiDb:274 - Set plugin database path to: C:\ST\STM32CubeIDE_1.16.1\STM32CubeIDE\plugins\com.st.stm32cube.common.mx_6.12.1.202409122256\\db\/plugins/boardmanager/
2025-01-24 23:22:56,798 [INFO] ApiDb:261 - Set plugin images path to: C:\ST\STM32CubeIDE_1.16.1\STM32CubeIDE\plugins\com.st.stm32cube.common.mx_6.12.1.202409122256\\db\/plugins/mcufinder/images/
2025-01-24 23:22:56,798 [WARN] DbFile:41 - Overriding database path with different value: C:\Users\vermi\.stmcufinder\plugins\mcufinder/ => C:\Users\vermi\.stmcufinder\plugins\mcufinder
2025-01-24 23:22:56,798 [INFO] ApiDb:250 - Set database path to: C:\Users\vermi\.stmcufinder\plugins\mcufinder//mcu/
2025-01-24 23:22:56,798 [WARN] DbFile:41 - Overriding database path with different value: C:\Users\vermi\.stmcufinder\plugins\mcufinder/ => C:\Users\vermi\.stmcufinder\plugins\mcufinder
2025-01-24 23:22:56,799 [INFO] DbMcusAds:125 - Set database path to: C:\Users\vermi\.stmcufinder\plugins\mcufinder//mcu/
2025-01-24 23:22:56,799 [WARN] DbFile:41 - Overriding database path with different value: C:\Users\vermi\.stmcufinder\plugins\mcufinder/ => C:\Users\vermi\.stmcufinder\plugins\mcufinder
2025-01-24 23:22:56,799 [WARN] DbFile:41 - Overriding database path with different value: C:\Users\vermi\.stmcufinder\plugins\mcufinder/ => C:\Users\vermi\.stmcufinder\plugins\mcufinder
2025-01-24 23:22:56,799 [INFO] CrossReferenceDbSqlite:203 - Set database path to: C:\Users\vermi\.stmcufinder\plugins\mcufinder//mcu/cs/
2025-01-24 23:22:56,819 [INFO] ApplicationProperties:184 - Using Application install path: C:\ST\STM32CubeIDE_1.16.1\STM32CubeIDE\plugins\com.st.stm32cube.common.mx_6.12.1.202409122256
2025-01-24 23:22:56,820 [INFO] PluginManage:196 - Search for loadable plugins [exclusion list=, ]
2025-01-24 23:22:56,822 [INFO] PluginManage:310 - Check plugin analytics
2025-01-24 23:22:57,043 [INFO] AnalyticsPlugin:253 - Accepted Software Licenses: 
2025-01-24 23:22:57,044 [INFO] AnalyticsPlugin:255 - Accepted CMSIS Pack Licenses: 
2025-01-24 23:22:57,044 [INFO] AnalyticsPlugin:257 - Accepted Firmware Licenses: FW.F4.1.28.0
2025-01-24 23:22:57,046 [INFO] PluginManage:359 - Loaded plugin analytics (category:tool,tabindex:-1)
2025-01-24 23:22:57,047 [INFO] PluginManage:310 - Check plugin cadmodel
2025-01-24 23:22:57,071 [INFO] CADModel:105 - Init CAD model plugin
2025-01-24 23:22:57,071 [INFO] PluginManage:359 - Loaded plugin cadmodel (category:power,tabindex:5)
2025-01-24 23:22:57,071 [INFO] PluginManage:310 - Check plugin clock
2025-01-24 23:22:57,099 [INFO] PluginManage:359 - Loaded plugin clock (category:base,tabindex:2)
2025-01-24 23:22:57,099 [INFO] PluginManage:310 - Check plugin ddr
2025-01-24 23:22:57,102 [INFO] PluginManage:359 - Loaded plugin ddr (category:tool,tabindex:6)
2025-01-24 23:22:57,102 [INFO] PluginManage:310 - Check plugin filemanager
2025-01-24 23:22:57,285 [INFO] PluginManage:359 - Loaded plugin filemanager (category:base,tabindex:10)
2025-01-24 23:22:57,285 [INFO] PluginManage:310 - Check plugin ipmanager
2025-01-24 23:22:57,295 [INFO] PluginManage:359 - Loaded plugin ipmanager (category:base,tabindex:5)
2025-01-24 23:22:57,295 [INFO] PluginManage:310 - Check plugin lpbam
2025-01-24 23:22:57,318 [INFO] PluginManage:359 - Loaded plugin lpbam (category:base,tabindex:0)
2025-01-24 23:22:57,318 [INFO] PluginManage:310 - Check plugin memorymap
2025-01-24 23:22:57,344 [INFO] PluginManage:359 - Loaded plugin memorymap (category:base,tabindex:4)
2025-01-24 23:22:57,345 [INFO] PluginManage:310 - Check plugin pinoutandconfiguration
2025-01-24 23:22:57,365 [INFO] PluginManage:359 - Loaded plugin pinoutandconfiguration (category:base,tabindex:1)
2025-01-24 23:22:57,365 [INFO] PluginManage:310 - Check plugin pinoutconfig
2025-01-24 23:22:57,466 [WARN] SupportedApi:132 - Cannot load RTOS API schema: s4s-elt-must-match.1: The content of 'definitions' must match (annotation?, (simpleType | complexType)?, (unique | key | keyref)*)). A problem was found starting at: attribute.
2025-01-24 23:22:57,613 [INFO] PluginManage:359 - Loaded plugin pinoutconfig (category:base,tabindex:0)
2025-01-24 23:22:57,613 [INFO] PluginManage:310 - Check plugin power
2025-01-24 23:22:57,636 [INFO] PluginManage:359 - Loaded plugin power (category:power,tabindex:4)
2025-01-24 23:22:57,636 [INFO] PluginManage:310 - Check plugin projectmanager
2025-01-24 23:22:57,653 [INFO] PluginManage:359 - Loaded plugin projectmanager (category:projectmanager,tabindex:4)
2025-01-24 23:22:57,654 [INFO] PluginManage:310 - Check plugin rif
2025-01-24 23:22:57,671 [INFO] PluginManage:359 - Loaded plugin rif (category:base,tabindex:3)
2025-01-24 23:22:57,671 [INFO] PluginManage:310 - Check plugin thirdparty
2025-01-24 23:22:57,993 [INFO] PluginManage:359 - Loaded plugin thirdparty (category:base,tabindex:-1)
2025-01-24 23:22:57,993 [INFO] PluginManage:310 - Check plugin tools
2025-01-24 23:22:57,993 [WARN] IntegrityCheckThread:84 - waiting for thirdparty lock release [integrity check]
2025-01-24 23:22:57,993 [INFO] IntegrityCheckThread:86 - entering critical section [integrity check]
2025-01-24 23:22:57,993 [INFO] ThirdPartyUpdaterWithRetryManager:70 - Updater plugin not ready yet. [1/15]
2025-01-24 23:22:58,039 [INFO] PluginManage:359 - Loaded plugin tools (category:base,tabindex:7)
2025-01-24 23:22:58,039 [INFO] PluginManage:310 - Check plugin tutovideos
2025-01-24 23:22:58,278 [INFO] PluginManage:359 - Loaded plugin tutovideos (category:base,tabindex:-1)
2025-01-24 23:22:58,278 [INFO] PluginManage:310 - Check plugin updater
2025-01-24 23:22:58,295 [INFO] PluginManage:359 - Loaded plugin updater (category:base,tabindex:12)
2025-01-24 23:22:58,296 [INFO] PluginManage:310 - Check plugin userauth
2025-01-24 23:22:58,302 [INFO] UserAuth:113 - Init User Auth plugin
2025-01-24 23:22:58,303 [INFO] PluginManage:359 - Loaded plugin userauth (category:base,tabindex:14)
2025-01-24 23:22:58,303 [INFO] PluginManage:283 - PluginManage : Loaded plugins [18]
2025-01-24 23:22:58,574 [INFO] PinOutPanel:1561 - setPackage(No Configuration,No Configuration)
2025-01-24 23:22:58,685 [INFO] CADModel:165 - CPN selected for project level
2025-01-24 23:22:58,685 [INFO] CADModel:114 - Register for checkConnection events
2025-01-24 23:22:58,716 [INFO] IPUIPlugin:80 - create IPUIPlugin
2025-01-24 23:22:58,716 [INFO] PluginManager:220 - loadIPPluginJar : add adc
2025-01-24 23:22:58,761 [INFO] IPUIPlugin:80 - create IPUIPlugin
2025-01-24 23:22:58,761 [INFO] PluginManager:220 - loadIPPluginJar : add aes
2025-01-24 23:22:58,816 [INFO] IPUIPlugin:80 - create IPUIPlugin
2025-01-24 23:22:58,817 [INFO] PluginManager:220 - loadIPPluginJar : add can
2025-01-24 23:22:58,849 [INFO] IPUIPlugin:80 - create IPUIPlugin
2025-01-24 23:22:58,849 [INFO] PluginManager:220 - loadIPPluginJar : add comp
2025-01-24 23:22:58,896 [INFO] IPUIPlugin:80 - create IPUIPlugin
2025-01-24 23:22:58,896 [INFO] PluginManager:220 - loadIPPluginJar : add cryp
2025-01-24 23:22:58,913 [INFO] IPUIPlugin:80 - create IPUIPlugin
2025-01-24 23:22:58,913 [INFO] PluginManager:220 - loadIPPluginJar : add ddr_ctrl_phy
2025-01-24 23:22:58,957 [INFO] IPUIPlugin:80 - create IPUIPlugin
2025-01-24 23:22:58,957 [INFO] PluginManager:220 - loadIPPluginJar : add dfsdm
2025-01-24 23:22:58,976 [INFO] IPUIPlugin:80 - create IPUIPlugin
2025-01-24 23:22:58,977 [INFO] PluginManager:220 - loadIPPluginJar : add dma
2025-01-24 23:22:59,034 [INFO] IPUIPlugin:80 - create IPUIPlugin
2025-01-24 23:22:59,034 [INFO] PluginManager:220 - loadIPPluginJar : add dma3
2025-01-24 23:22:59,090 [INFO] IPUIPlugin:80 - create IPUIPlugin
2025-01-24 23:22:59,090 [INFO] PluginManager:220 - loadIPPluginJar : add extmemmanager
2025-01-24 23:22:59,118 [INFO] IPUIPlugin:80 - create IPUIPlugin
2025-01-24 23:22:59,118 [INFO] PluginManager:220 - loadIPPluginJar : add fatfs
2025-01-24 23:22:59,176 [INFO] IPUIPlugin:80 - create IPUIPlugin
2025-01-24 23:22:59,176 [INFO] PluginManager:220 - loadIPPluginJar : add fmc
2025-01-24 23:22:59,193 [INFO] IPUIPlugin:80 - create IPUIPlugin
2025-01-24 23:22:59,193 [INFO] PluginManager:220 - loadIPPluginJar : add freertos
2025-01-24 23:22:59,222 [INFO] IPUIPlugin:80 - create IPUIPlugin
2025-01-24 23:22:59,222 [INFO] PluginManager:220 - loadIPPluginJar : add genericplugin
2025-01-24 23:22:59,343 [INFO] IPUIPlugin:80 - create IPUIPlugin
2025-01-24 23:22:59,343 [INFO] PluginManager:220 - loadIPPluginJar : add gfxmmu
2025-01-24 23:22:59,516 [INFO] IPUIPlugin:80 - create IPUIPlugin
2025-01-24 23:22:59,516 [INFO] PluginManager:220 - loadIPPluginJar : add gic
2025-01-24 23:22:59,531 [INFO] IPUIPlugin:80 - create IPUIPlugin
2025-01-24 23:22:59,531 [INFO] PluginManager:220 - loadIPPluginJar : add gpio
2025-01-24 23:22:59,648 [INFO] IPUIPlugin:80 - create IPUIPlugin
2025-01-24 23:22:59,648 [INFO] PluginManager:220 - loadIPPluginJar : add gtzc
2025-01-24 23:22:59,689 [INFO] IPUIPlugin:80 - create IPUIPlugin
2025-01-24 23:22:59,690 [INFO] PluginManager:220 - loadIPPluginJar : add hash
2025-01-24 23:22:59,757 [INFO] IPUIPlugin:80 - create IPUIPlugin
2025-01-24 23:22:59,757 [INFO] PluginManager:220 - loadIPPluginJar : add i2c
2025-01-24 23:22:59,807 [INFO] IPUIPlugin:80 - create IPUIPlugin
2025-01-24 23:22:59,807 [INFO] PluginManager:220 - loadIPPluginJar : add i2s
2025-01-24 23:22:59,860 [INFO] IPUIPlugin:80 - create IPUIPlugin
2025-01-24 23:22:59,860 [INFO] PluginManager:220 - loadIPPluginJar : add i3c
2025-01-24 23:22:59,990 [INFO] IPUIPlugin:80 - create IPUIPlugin
2025-01-24 23:22:59,990 [INFO] PluginManager:220 - loadIPPluginJar : add ipddr
2025-01-24 23:23:00,113 [INFO] IPUIPlugin:80 - create IPUIPlugin
2025-01-24 23:23:00,113 [INFO] PluginManager:220 - loadIPPluginJar : add linkedlist
2025-01-24 23:23:00,159 [INFO] IPUIPlugin:80 - create IPUIPlugin
2025-01-24 23:23:00,159 [INFO] PluginManager:220 - loadIPPluginJar : add lorawan
2025-01-24 23:23:00,205 [INFO] IPUIPlugin:80 - create IPUIPlugin
2025-01-24 23:23:00,205 [INFO] PluginManager:220 - loadIPPluginJar : add ltdc
2025-01-24 23:23:00,222 [INFO] IPUIPlugin:80 - create IPUIPlugin
2025-01-24 23:23:00,222 [INFO] PluginManager:220 - loadIPPluginJar : add mdma
2025-01-24 23:23:00,236 [INFO] IPUIPlugin:80 - create IPUIPlugin
2025-01-24 23:23:00,236 [INFO] PluginManager:220 - loadIPPluginJar : add nvic
2025-01-24 23:23:00,282 [INFO] IPUIPlugin:80 - create IPUIPlugin
2025-01-24 23:23:00,282 [INFO] PluginManager:220 - loadIPPluginJar : add opamp
2025-01-24 23:23:00,362 [INFO] IPUIPlugin:80 - create IPUIPlugin
2025-01-24 23:23:00,362 [INFO] PluginManager:220 - loadIPPluginJar : add openamp
2025-01-24 23:23:00,422 [INFO] IPUIPlugin:80 - create IPUIPlugin
2025-01-24 23:23:00,422 [INFO] PluginManager:220 - loadIPPluginJar : add pdm2pcm
2025-01-24 23:23:00,439 [INFO] IPUIPlugin:80 - create IPUIPlugin
2025-01-24 23:23:00,442 [INFO] PluginManager:220 - loadIPPluginJar : add plateformsettings
2025-01-24 23:23:00,471 [INFO] IPUIPlugin:80 - create IPUIPlugin
2025-01-24 23:23:00,471 [INFO] PluginManager:220 - loadIPPluginJar : add quadspi
2025-01-24 23:23:00,506 [INFO] IPUIPlugin:80 - create IPUIPlugin
2025-01-24 23:23:00,507 [INFO] PluginManager:220 - loadIPPluginJar : add radio
2025-01-24 23:23:00,522 [INFO] IPUIPlugin:80 - create IPUIPlugin
2025-01-24 23:23:00,523 [INFO] PluginManager:220 - loadIPPluginJar : add resmgrutility
2025-01-24 23:23:00,581 [INFO] IPUIPlugin:80 - create IPUIPlugin
2025-01-24 23:23:00,581 [INFO] PluginManager:220 - loadIPPluginJar : add sai
2025-01-24 23:23:00,629 [INFO] IPUIPlugin:80 - create IPUIPlugin
2025-01-24 23:23:00,630 [INFO] PluginManager:220 - loadIPPluginJar : add spi
2025-01-24 23:23:00,719 [INFO] IPUIPlugin:80 - create IPUIPlugin
2025-01-24 23:23:00,720 [INFO] PluginManager:220 - loadIPPluginJar : add stm32_wpan
2025-01-24 23:23:00,754 [INFO] IPUIPlugin:80 - create IPUIPlugin
2025-01-24 23:23:00,754 [INFO] PluginManager:220 - loadIPPluginJar : add tim
2025-01-24 23:23:00,833 [INFO] IPUIPlugin:80 - create IPUIPlugin
2025-01-24 23:23:00,833 [INFO] PluginManager:220 - loadIPPluginJar : add touchsensing
2025-01-24 23:23:00,863 [INFO] IPUIPlugin:80 - create IPUIPlugin
2025-01-24 23:23:00,863 [INFO] PluginManager:220 - loadIPPluginJar : add tracer_emb
2025-01-24 23:23:00,893 [INFO] IPUIPlugin:80 - create IPUIPlugin
2025-01-24 23:23:00,893 [INFO] PluginManager:220 - loadIPPluginJar : add ts
2025-01-24 23:23:00,922 [INFO] IPUIPlugin:80 - create IPUIPlugin
2025-01-24 23:23:00,922 [INFO] PluginManager:220 - loadIPPluginJar : add tsc
2025-01-24 23:23:00,949 [INFO] IPUIPlugin:80 - create IPUIPlugin
2025-01-24 23:23:00,949 [INFO] PluginManager:220 - loadIPPluginJar : add ucpd
2025-01-24 23:23:00,996 [INFO] ThirdPartyUpdaterWithRetryManager:70 - Updater plugin not ready yet. [2/15]
2025-01-24 23:23:01,003 [INFO] IPUIPlugin:80 - create IPUIPlugin
2025-01-24 23:23:01,004 [INFO] PluginManager:220 - loadIPPluginJar : add usart
2025-01-24 23:23:01,062 [INFO] IPUIPlugin:80 - create IPUIPlugin
2025-01-24 23:23:01,062 [INFO] PluginManager:220 - loadIPPluginJar : add usbx
2025-01-24 23:23:01,213 [INFO] CADModel:165 - CPN selected for project level
2025-01-24 23:23:01,213 [INFO] CADModel:114 - Register for checkConnection events
2025-01-24 23:23:01,213 [FATAL] Updater:334 - Updater called before beeing initialized
2025-01-24 23:23:01,213 [ERROR] CADModel:125 - Updater not yet initialized, retry later 
2025-01-24 23:23:01,371 [INFO] CADModel:165 - CPN selected for project level
2025-01-24 23:23:01,371 [INFO] CADModel:114 - Register for checkConnection events
2025-01-24 23:23:01,371 [FATAL] Updater:334 - Updater called before beeing initialized
2025-01-24 23:23:01,371 [ERROR] CADModel:125 - Updater not yet initialized, retry later 
2025-01-24 23:23:01,375 [FATAL] Updater:334 - Updater called before beeing initialized
2025-01-24 23:23:01,558 [FATAL] Updater:334 - Updater called before beeing initialized
2025-01-24 23:23:01,573 [INFO] DbMcusAds:53 - JSON generation date=Wed Dec 18 01:01:15 KST 2024 (1734451275196)
2025-01-24 23:23:01,574 [FATAL] Updater:334 - Updater called before beeing initialized
2025-01-24 23:23:01,618 [WARN] DetailPanel:346 - Failed to get advertising image, set to default
2025-01-24 23:23:01,722 [FATAL] Updater:334 - Updater called before beeing initialized
2025-01-24 23:23:01,723 [FATAL] Updater:334 - Updater called before beeing initialized
2025-01-24 23:23:01,724 [FATAL] Updater:334 - Updater called before beeing initialized
2025-01-24 23:23:01,724 [WARN] DetailPanel:346 - Failed to get advertising image, set to default
2025-01-24 23:23:01,724 [FATAL] Updater:334 - Updater called before beeing initialized
2025-01-24 23:23:01,796 [ERROR] Updater:1164 - MainUpdater not yet initialized. External WinMGr cannot be set.
2025-01-24 23:23:01,808 [INFO] Updater:1100 - Updater Version found : 6.12.1
2025-01-24 23:23:01,828 [INFO] ApplicationProperties:184 - Using Application install path: C:\ST\STM32CubeIDE_1.16.1\STM32CubeIDE\plugins\com.st.stm32cube.common.mx_6.12.1.202409122256
2025-01-24 23:23:03,418 [ERROR] LogOutputStream:75 - [STDERR_REDIRECT] Jan 24, 2025 11:23:03 PM java.util.prefs.WindowsPreferences <init>
2025-01-24 23:23:03,420 [ERROR] LogOutputStream:75 - [STDERR_REDIRECT] WARNING: Could not open/create prefs root node Software\JavaSoft\Prefs at root 0xffffffff80000002. Windows RegCreateKeyEx(...) returned error code 5.
2025-01-24 23:23:03,420 [ERROR] LogOutputStream:75 - [STDERR_REDIRECT] 
2025-01-24 23:23:03,997 [INFO] ThirdPartyUpdaterWithRetryManager:70 - Updater plugin not ready yet. [3/15]
2025-01-24 23:23:04,292 [INFO] MainUpdater:2873 - connection check result : 10
2025-01-24 23:23:04,293 [INFO] MainUpdater:3567 - Updater definition file requires update
2025-01-24 23:23:04,294 [INFO] MainUpdater:290 - Updater Check For Update Now.
2025-01-24 23:23:04,295 [INFO] MicroXplorer:498 - Change Database Version : DB.6.0.121
2025-01-24 23:23:04,315 [INFO] McuFinderGlobals:63 - Set McuFinder mode to 2 (CubeIDE integrated)
2025-01-24 23:23:04,323 [INFO] UserAuth:417 - Internet connection configuration mode: 1
2025-01-24 23:23:04,377 [INFO] JxBrowserEngine:152 - Initiate JxBrowser Engine with user profile folder
2025-01-24 23:23:04,740 [INFO] ServerAccessManage:473 - Download File updaters.zip
2025-01-24 23:23:05,139 [INFO] FileExtend:240 - Unzip File : updaters.zip
2025-01-24 23:23:05,140 [INFO] FileExtend:255 - Standard Zip Deflate
2025-01-24 23:23:06,286 [INFO] ServerAccessManage:473 - Download File PacksControlFlags.xml
2025-01-24 23:23:06,565 [INFO] ServerAccessManage:473 - Download File cubemx.pidx
2025-01-24 23:23:07,018 [WARN] MainUpdater:1194 - Updater busy. Cannot search thirdparties
2025-01-24 23:23:07,019 [INFO] ThirdPartyUpdaterWithRetryManager:96 - Updater plugin is busy. [1/15]
2025-01-24 23:23:08,111 [INFO] ServerAccessManage:473 - Download File STMicroelectronics.X-CUBE-AI.pdsc
2025-01-24 23:23:10,021 [WARN] MainUpdater:1194 - Updater busy. Cannot search thirdparties
2025-01-24 23:23:10,021 [INFO] ThirdPartyUpdaterWithRetryManager:96 - Updater plugin is busy. [2/15]
2025-01-24 23:23:12,430 [INFO] WebApp:167 - Instantiating new browser for Auth
2025-01-24 23:23:13,023 [WARN] MainUpdater:1194 - Updater busy. Cannot search thirdparties
2025-01-24 23:23:13,023 [INFO] ThirdPartyUpdaterWithRetryManager:96 - Updater plugin is busy. [3/15]
2025-01-24 23:23:14,329 [WARN] PackLoader:240 - Cannot read IP mode file for STMicroelectronics.X-CUBE-AI.10.0.0
2025-01-24 23:23:14,334 [INFO] PopulateThirdPartyThread:66 - Ending populate Thread
2025-01-24 23:23:14,339 [INFO] ThirdParty:1030 - CMSIS Pack Vendor :STMicroelectronics X-CUBE-AI 10.0.0
2025-01-24 23:23:14,339 [INFO] LoadServerUpdatesThread:375 - End of LoadServerUpdate Thread
2025-01-24 23:23:14,495 [INFO] CheckServerUpdateThread:120 - End of CheckServer Thread
2025-01-24 23:23:15,036 [INFO] WebApp:448 - Apply proxy settings
2025-01-24 23:23:15,036 [INFO] WebApp:533 - Chromium requires no authentication
2025-01-24 23:23:15,055 [INFO] WebApp:476 - Direct internet connection detected
2025-01-24 23:23:15,092 [INFO] WebApp:869 - Register for checkConnection events
2025-01-24 23:23:15,092 [INFO] WebApp:448 - Apply proxy settings
2025-01-24 23:23:15,092 [INFO] WebApp:533 - Chromium requires no authentication
2025-01-24 23:23:15,093 [INFO] WebApp:476 - Direct internet connection detected
2025-01-24 23:23:15,327 [INFO] WebApp:220 - Starting web application
2025-01-24 23:23:15,327 [INFO] WebApp:578 - Web application path used C:\ST\STM32CubeIDE_1.16.1\STM32CubeIDE\plugins\com.st.stm32cube.common.mx_6.12.1.202409122256\db\plugins\mcufinder\reactClient1\index.html
2025-01-24 23:23:15,727 [INFO] UserAuth:417 - Internet connection configuration mode: 1
2025-01-24 23:23:16,373 [WARN] PackLoader:240 - Cannot read IP mode file for STMicroelectronics.FP-SNS-MOTENVWB1.1.4.0
2025-01-24 23:23:16,395 [WARN] PackLoader:240 - Cannot read IP mode file for STMicroelectronics.X-CUBE-SMBUS.2.1.0
2025-01-24 23:23:16,418 [WARN] PackLoader:240 - Cannot read IP mode file for STMicroelectronics.X-CUBE-WB05N.1.1.0
2025-01-24 23:23:16,464 [WARN] PackLoader:240 - Cannot read IP mode file for STMicroelectronics.X-CUBE-AZRTOS-F7.1.1.0
2025-01-24 23:23:16,591 [WARN] PackLoader:240 - Cannot read IP mode file for STMicroelectronics.X-CUBE-MEMS1.11.0.0
2025-01-24 23:23:16,870 [WARN] PackLoader:240 - Cannot read IP mode file for STMicroelectronics.FP-SNS-FLIGHT1.5.0.2
2025-01-24 23:23:16,914 [WARN] PackLoader:240 - Cannot read IP mode file for Infineon.AIROC-Wi-Fi-Bluetooth-STM32.1.7.0
2025-01-24 23:23:16,937 [WARN] PackLoader:240 - Cannot read IP mode file for STMicroelectronics.X-CUBE-DISPLAY.3.0.0
2025-01-24 23:23:16,968 [WARN] PackLoader:240 - Cannot read IP mode file for STMicroelectronics.X-CUBE-BLE1.7.0.0
2025-01-24 23:23:16,992 [WARN] PackLoader:240 - Cannot read IP mode file for STMicroelectronics.X-CUBE-NFC10.1.0.0
2025-01-24 23:23:17,030 [WARN] PackLoader:240 - Cannot read IP mode file for STMicroelectronics.X-CUBE-BLEMGR.4.0.0
2025-01-24 23:23:17,052 [WARN] PackLoader:240 - Cannot read IP mode file for emotas.I-CUBE-CANOPEN.1.3.0
2025-01-24 23:23:17,071 [WARN] PackLoader:240 - Cannot read IP mode file for STMicroelectronics.X-CUBE-BLEMGR.3.1.0
2025-01-24 23:23:17,080 [WARN] PackLoader:240 - Cannot read IP mode file for STMicroelectronics.X-CUBE-AI.10.0.0
2025-01-24 23:23:17,095 [WARN] PackLoader:240 - Cannot read IP mode file for STMicroelectronics.FP-SNS-SMARTAG2.1.2.0
2025-01-24 23:23:17,181 [WARN] PackLoader:240 - Cannot read IP mode file for STMicroelectronics.X-CUBE-MEMS1.11.1.0
2025-01-24 23:23:17,331 [INFO] LogOutputStream:77 - [STDOUT_REDIRECT] 1 : Invalid condition id : UX_CORESTACK_Condition cause : null
2025-01-24 23:23:17,332 [INFO] LogOutputStream:77 - [STDOUT_REDIRECT] 1 : Invalid condition id : UX_CORESTACK_Condition cause : null
2025-01-24 23:23:17,334 [INFO] LogOutputStream:77 - [STDOUT_REDIRECT] 1 : Invalid condition id : UX_CORESTACK_Condition cause : null
2025-01-24 23:23:17,337 [INFO] LogOutputStream:77 - [STDOUT_REDIRECT] 1 : Invalid condition id : UX_CORESTACK_Condition cause : null
2025-01-24 23:23:17,339 [INFO] LogOutputStream:77 - [STDOUT_REDIRECT] 1 : Invalid condition id : UX_CORESTACK_Condition cause : null
2025-01-24 23:23:17,341 [WARN] PackLoader:240 - Cannot read IP mode file for STMicroelectronics.X-CUBE-AZRTOS-WL.2.0.0
2025-01-24 23:23:17,358 [WARN] PackLoader:240 - Cannot read IP mode file for STMicroelectronics.FP-SNS-MOTENV1.5.0.0
2025-01-24 23:23:17,365 [WARN] PackLoader:240 - Cannot read IP mode file for wolfSSL.I-CUBE-wolfMQTT.1.19.0
2025-01-24 23:23:17,381 [WARN] PackLoader:240 - Cannot read IP mode file for WES.I-CUBE-Cesium.1.3.0
2025-01-24 23:23:17,398 [WARN] PackLoader:240 - Cannot read IP mode file for STMicroelectronics.X-CUBE-BLE2.3.3.0
2025-01-24 23:23:17,417 [WARN] PackLoader:240 - Cannot read IP mode file for STMicroelectronics.X-CUBE-NFC9.1.0.0
2025-01-24 23:23:17,448 [WARN] PackLoader:240 - Cannot read IP mode file for STMicroelectronics.X-CUBE-AZRTOS-G0.1.1.0
2025-01-24 23:23:17,473 [WARN] PackLoader:240 - Cannot read IP mode file for STMicroelectronics.X-CUBE-SAFEA1.1.2.2
2025-01-24 23:23:17,493 [WARN] PackLoader:240 - Cannot read IP mode file for STMicroelectronics.X-CUBE-NFC4.3.0.0
2025-01-24 23:23:17,514 [WARN] PackLoader:240 - Cannot read IP mode file for EmbeddedOffice.I-CUBE-FS-RTOS.1.0.1
2025-01-24 23:23:17,514 [ERROR] ConditionMgr:805 - Attr not supported : Dmpu
2025-01-24 23:23:17,514 [ERROR] ConditionMgr:805 - Attr not supported : Dmpu
2025-01-24 23:23:17,514 [ERROR] ConditionMgr:805 - Attr not supported : Dmpu
2025-01-24 23:23:17,515 [ERROR] ConditionMgr:805 - Attr not supported : Dmpu
2025-01-24 23:23:17,515 [ERROR] ConditionMgr:805 - Attr not supported : Dmpu
2025-01-24 23:23:17,515 [ERROR] ConditionMgr:805 - Attr not supported : Dmpu
2025-01-24 23:23:17,515 [ERROR] ConditionMgr:805 - Attr not supported : Dmpu
2025-01-24 23:23:17,515 [ERROR] ConditionMgr:805 - Attr not supported : Dmpu
2025-01-24 23:23:17,515 [ERROR] ConditionMgr:805 - Attr not supported : Dmpu
2025-01-24 23:23:17,516 [ERROR] ConditionMgr:805 - Attr not supported : Dmpu
2025-01-24 23:23:17,516 [ERROR] ConditionMgr:805 - Attr not supported : Dmpu
2025-01-24 23:23:17,516 [ERROR] ConditionMgr:805 - Attr not supported : Dmpu
2025-01-24 23:23:17,516 [ERROR] ConditionMgr:805 - Attr not supported : Dmpu
2025-01-24 23:23:17,516 [ERROR] ConditionMgr:805 - Attr not supported : Dmpu
2025-01-24 23:23:17,516 [ERROR] ConditionMgr:805 - Attr not supported : Dmpu
2025-01-24 23:23:17,516 [ERROR] ConditionMgr:805 - Attr not supported : Dmpu
2025-01-24 23:23:17,516 [ERROR] ConditionMgr:805 - Attr not supported : Dmpu
2025-01-24 23:23:17,516 [ERROR] ConditionMgr:805 - Attr not supported : Dmpu
2025-01-24 23:23:17,516 [ERROR] ConditionMgr:805 - Attr not supported : Dmpu
2025-01-24 23:23:17,516 [ERROR] ConditionMgr:805 - Attr not supported : Dmpu
2025-01-24 23:23:17,516 [ERROR] ConditionMgr:805 - Attr not supported : Dmpu
2025-01-24 23:23:17,516 [ERROR] ConditionMgr:805 - Attr not supported : Dmpu
2025-01-24 23:23:17,516 [ERROR] ConditionMgr:805 - Attr not supported : Dmpu
2025-01-24 23:23:17,516 [ERROR] ConditionMgr:805 - Attr not supported : Dmpu
2025-01-24 23:23:17,516 [ERROR] ConditionMgr:805 - Attr not supported : Dmpu
2025-01-24 23:23:17,516 [ERROR] ConditionMgr:805 - Attr not supported : Dmpu
2025-01-24 23:23:17,517 [ERROR] ConditionMgr:805 - Attr not supported : Dmpu
2025-01-24 23:23:17,517 [ERROR] ConditionMgr:805 - Attr not supported : Dmpu
2025-01-24 23:23:17,517 [ERROR] ConditionMgr:805 - Attr not supported : Dmpu
2025-01-24 23:23:17,517 [ERROR] ConditionMgr:805 - Attr not supported : Dmpu
2025-01-24 23:23:17,517 [ERROR] ConditionMgr:805 - Attr not supported : Dmpu
2025-01-24 23:23:17,517 [ERROR] ConditionMgr:805 - Attr not supported : Dmpu
2025-01-24 23:23:17,517 [ERROR] ConditionMgr:805 - Attr not supported : Dmpu
2025-01-24 23:23:17,517 [ERROR] ConditionMgr:805 - Attr not supported : Dmpu
2025-01-24 23:23:17,517 [ERROR] ConditionMgr:805 - Attr not supported : Dmpu
2025-01-24 23:23:17,517 [ERROR] ConditionMgr:805 - Attr not supported : Dmpu
2025-01-24 23:23:17,518 [ERROR] ConditionMgr:805 - Attr not supported : Dmpu
2025-01-24 23:23:17,518 [ERROR] ConditionMgr:805 - Attr not supported : Dmpu
2025-01-24 23:23:17,518 [ERROR] ConditionMgr:805 - Attr not supported : Dmpu
2025-01-24 23:23:17,519 [ERROR] ConditionMgr:805 - Attr not supported : Dmpu
2025-01-24 23:23:17,519 [ERROR] ConditionMgr:805 - Attr not supported : Dmpu
2025-01-24 23:23:17,519 [ERROR] ConditionMgr:805 - Attr not supported : Dmpu
2025-01-24 23:23:17,519 [ERROR] ConditionMgr:805 - Attr not supported : Dmpu
2025-01-24 23:23:17,519 [ERROR] ConditionMgr:805 - Attr not supported : Dmpu
2025-01-24 23:23:17,519 [ERROR] ConditionMgr:805 - Attr not supported : Dmpu
2025-01-24 23:23:17,519 [ERROR] ConditionMgr:805 - Attr not supported : Dmpu
2025-01-24 23:23:17,519 [ERROR] ConditionMgr:805 - Attr not supported : Dmpu
2025-01-24 23:23:17,519 [ERROR] ConditionMgr:805 - Attr not supported : Dmpu
2025-01-24 23:23:17,519 [ERROR] ConditionMgr:805 - Attr not supported : Dmpu
2025-01-24 23:23:17,519 [ERROR] ConditionMgr:805 - Attr not supported : Dmpu
2025-01-24 23:23:17,519 [ERROR] ConditionMgr:805 - Attr not supported : Dmpu
2025-01-24 23:23:17,519 [ERROR] ConditionMgr:805 - Attr not supported : Dmpu
2025-01-24 23:23:17,520 [ERROR] ConditionMgr:805 - Attr not supported : Dmpu
2025-01-24 23:23:17,520 [ERROR] ConditionMgr:805 - Attr not supported : Dmpu
2025-01-24 23:23:17,520 [ERROR] ConditionMgr:805 - Attr not supported : Dmpu
2025-01-24 23:23:17,520 [ERROR] ConditionMgr:805 - Attr not supported : Dmpu
2025-01-24 23:23:17,520 [ERROR] ConditionMgr:805 - Attr not supported : Dmpu
2025-01-24 23:23:17,520 [ERROR] ConditionMgr:805 - Attr not supported : Dmpu
2025-01-24 23:23:17,520 [ERROR] ConditionMgr:805 - Attr not supported : Dmpu
2025-01-24 23:23:17,520 [ERROR] ConditionMgr:805 - Attr not supported : Dmpu
2025-01-24 23:23:17,520 [ERROR] ConditionMgr:805 - Attr not supported : Dmpu
2025-01-24 23:23:17,520 [ERROR] ConditionMgr:805 - Attr not supported : Dmpu
2025-01-24 23:23:17,520 [ERROR] ConditionMgr:805 - Attr not supported : Dmpu
2025-01-24 23:23:17,520 [ERROR] ConditionMgr:805 - Attr not supported : Dmpu
2025-01-24 23:23:17,534 [ERROR] Engine:466 - C:\Users\vermi\.stm32cubemx\thirdparties\pdsc\STMicroelectronics.X-CUBE-TCPP.4.2.0.pdsc: PDSC version is not supported
2025-01-24 23:23:17,552 [WARN] PackLoader:240 - Cannot read IP mode file for RealThread.X-CUBE-RT-Thread_Nano.4.1.1
2025-01-24 23:23:17,558 [WARN] PackLoader:240 - Cannot read IP mode file for STMicroelectronics.FP-ATR-SIGFOX1.3.2.0
2025-01-24 23:23:17,566 [WARN] ConditionMgr:438 - getConditionDescription Invalid condition id : Cortex-A Device cause : null
2025-01-24 23:23:17,587 [WARN] ConditionMgr:1039 - genDependencies : Invalid condition id : Cortex-A Device cause : null
2025-01-24 23:23:17,587 [WARN] ConditionMgr:1039 - genDependencies : Invalid condition id : Cortex-A Device cause : null
2025-01-24 23:23:17,587 [WARN] ConditionMgr:1039 - genDependencies : Invalid condition id : Cortex-A Device cause : null
2025-01-24 23:23:17,606 [WARN] PackLoader:240 - Cannot read IP mode file for STMicroelectronics.X-CUBE-EEPRMA1.5.1.0
2025-01-24 23:23:17,621 [WARN] PackLoader:240 - Cannot read IP mode file for wolfSSL.I-CUBE-wolfSSL.5.7.4
2025-01-24 23:23:17,641 [WARN] PackLoader:240 - Cannot read IP mode file for ITTIA_DB.I-CUBE-ITTIADB.8.9.0
2025-01-24 23:23:17,694 [WARN] PackLoader:240 - Cannot read IP mode file for SEGGER.I-CUBE-embOS.1.3.1
2025-01-24 23:23:17,741 [WARN] PackLoader:240 - Cannot read IP mode file for STMicroelectronics.X-CUBE-ALGOBUILD.1.4.0
2025-01-24 23:23:17,770 [WARN] PackLoader:240 - Cannot read IP mode file for STMicroelectronics.X-CUBE-AZRTOS-F4.1.1.0
2025-01-24 23:23:17,789 [WARN] PackLoader:240 - Cannot read IP mode file for STMicroelectronics.X-CUBE-ISPU.2.1.0
2025-01-24 23:23:17,805 [WARN] PackLoader:240 - Cannot read IP mode file for STMicroelectronics.X-CUBE-FREERTOS.1.2.0
2025-01-24 23:23:17,833 [WARN] PackLoader:240 - Cannot read IP mode file for STMicroelectronics.X-CUBE-AZRTOS-L5.2.0.0
2025-01-24 23:23:17,855 [WARN] PackLoader:240 - Cannot read IP mode file for STMicroelectronics.X-CUBE-NFC6.3.1.0
2025-01-24 23:23:17,870 [WARN] PackLoader:240 - Cannot read IP mode file for STMicroelectronics.X-CUBE-FREERTOS.1.3.0
2025-01-24 23:23:17,885 [WARN] PackLoader:240 - Cannot read IP mode file for STMicroelectronics.X-CUBE-NFC7.1.0.1
2025-01-24 23:23:17,920 [WARN] ConditionMgr:438 - getConditionDescription Invalid condition id : LAN8742 Phy interface Condition cause : null
2025-01-24 23:23:17,921 [WARN] PackLoader:240 - Cannot read IP mode file for STMicroelectronics.X-CUBE-AZRTOS-L4.2.0.0
2025-01-24 23:23:17,922 [WARN] ConditionMgr:1039 - genDependencies : Invalid condition id : LAN8742 Phy interface Condition cause : null
2025-01-24 23:23:17,922 [WARN] ConditionMgr:1039 - genDependencies : Invalid condition id : LAN8742 Phy interface Condition cause : null
2025-01-24 23:23:17,923 [WARN] ConditionMgr:1039 - genDependencies : Invalid condition id : LAN8742 Phy interface Condition cause : null
2025-01-24 23:23:17,943 [WARN] PackLoader:240 - Cannot read IP mode file for STMicroelectronics.X-CUBE-SFXS2LP1.4.0.0
2025-01-24 23:23:17,980 [WARN] PackLoader:240 - Cannot read IP mode file for STMicroelectronics.X-CUBE-AZRTOS-H7.3.3.0
2025-01-24 23:23:18,005 [WARN] PackLoader:240 - Cannot read IP mode file for STMicroelectronics.X-CUBE-IPS.3.0.0
2025-01-24 23:23:18,005 [INFO] WebApp:186 - Connection restablished
2025-01-24 23:23:18,035 [WARN] ConditionMgr:438 - getConditionDescription Invalid condition id : UX DEVICE CLASS RTOS Condition cause : null
2025-01-24 23:23:18,035 [WARN] ConditionMgr:438 - getConditionDescription Invalid condition id : UX DEVICE CLASS RTOS Condition cause : null
2025-01-24 23:23:18,038 [WARN] PackLoader:240 - Cannot read IP mode file for STMicroelectronics.X-CUBE-AZRTOS-WB.2.0.0
2025-01-24 23:23:18,039 [WARN] ConditionMgr:1039 - genDependencies : Invalid condition id : UX DEVICE CLASS RTOS Condition cause : null
2025-01-24 23:23:18,039 [WARN] ConditionMgr:1039 - genDependencies : Invalid condition id : UX DEVICE CLASS RTOS Condition cause : null
2025-01-24 23:23:18,039 [WARN] ConditionMgr:1039 - genDependencies : Invalid condition id : UX DEVICE CLASS RTOS Condition cause : null
2025-01-24 23:23:18,039 [WARN] ConditionMgr:1039 - genDependencies : Invalid condition id : UX DEVICE CLASS RTOS Condition cause : null
2025-01-24 23:23:18,039 [WARN] ConditionMgr:1039 - genDependencies : Invalid condition id : UX DEVICE CLASS RTOS Condition cause : null
2025-01-24 23:23:18,058 [WARN] PackLoader:240 - Cannot read IP mode file for STMicroelectronics.X-CUBE-GNSS1.7.0.0
2025-01-24 23:23:18,076 [WARN] PackLoader:240 - Cannot read IP mode file for STMicroelectronics.X-CUBE-GNSS1.7.0.1
2025-01-24 23:23:18,105 [WARN] PackLoader:240 - Cannot read IP mode file for STMicroelectronics.X-CUBE-SUBG2.5.0.0
2025-01-24 23:23:18,125 [WARN] PackLoader:240 - Cannot read IP mode file for Cesanta.I-CUBE-Mongoose.7.13.0
2025-01-24 23:23:18,159 [WARN] PackLoader:240 - Cannot read IP mode file for STMicroelectronics.X-CUBE-AZRTOS-G4.2.0.0
2025-01-24 23:23:18,179 [ERROR] Engine:466 - C:\Users\vermi\.stm32cubemx\thirdparties\pdsc\STMicroelectronics.X-CUBE-IPS.3.1.0.pdsc: PDSC version is not supported
2025-01-24 23:23:18,194 [WARN] PackLoader:240 - Cannot read IP mode file for STMicroelectronics.X-CUBE-ALS.1.0.2
2025-01-24 23:23:18,211 [WARN] PackLoader:240 - Cannot read IP mode file for STMicroelectronics.X-CUBE-TOUCHGFX.4.24.2
2025-01-24 23:23:18,226 [WARN] PackLoader:240 - Cannot read IP mode file for STMicroelectronics.X-CUBE-TOUCHGFX.4.24.1
2025-01-24 23:23:18,242 [WARN] PackLoader:240 - Cannot read IP mode file for wolfSSL.I-CUBE-wolfTPM.3.4.0
2025-01-24 23:23:18,258 [WARN] PackLoader:240 - Cannot read IP mode file for portGmbH.I-Cube-SoM-uGOAL.1.1.0
2025-01-24 23:23:18,288 [WARN] PackLoader:240 - Cannot read IP mode file for STMicroelectronics.X-CUBE-AZRTOS-H7RS.1.0.0
2025-01-24 23:23:18,314 [WARN] PackLoader:240 - Cannot read IP mode file for STMicroelectronics.X-CUBE-TOF1.3.4.2
2025-01-24 23:23:18,328 [WARN] PackLoader:240 - Cannot read IP mode file for wolfSSL.I-CUBE-wolfSSH.1.4.17
2025-01-24 23:23:18,329 [INFO] ThirdParty:978 - Integrity check success = true
2025-01-24 23:23:18,329 [INFO] IntegrityCheckThread:100 - exiting critical section [integrity check]
2025-01-24 23:23:18,329 [INFO] IntegrityCheckThread:103 - End integrity checks thread
