2024-11-30 22:04:30,582 [INFO] Activator:176 - 


2024-11-30 22:04:30,584 [INFO] Activator:177 - !SESSION log4j initialized
2024-11-30 22:04:33,976 [INFO] LogOutputStream:77 - [STDOUT_REDIRECT] 
2024-11-30 22:04:37,275 [INFO] ApplicationProperties:184 - Using Application install path: C:\ST\STM32CubeIDE_1.16.1\STM32CubeIDE\plugins\com.st.stm32cube.common.mx_6.12.1.202409122256
2024-11-30 22:04:37,304 [INFO] DbMcusXml:78 - Set database path to: C:\ST\STM32CubeIDE_1.16.1\STM32CubeIDE\plugins\com.st.stm32cube.common.mx_6.12.1.202409122256\\db\/mcu/
2024-11-30 22:04:37,306 [INFO] ApiDb:274 - Set plugin database path to: C:\ST\STM32CubeIDE_1.16.1\STM32CubeIDE\plugins\com.st.stm32cube.common.mx_6.12.1.202409122256\\db\/plugins/boardmanager/
2024-11-30 22:04:37,306 [WARN] ApiDb:259 - Overriding images path with different value:  => C:\ST\STM32CubeIDE_1.16.1\STM32CubeIDE\plugins\com.st.stm32cube.common.mx_6.12.1.202409122256\\db\/plugins/mcufinder/images/
2024-11-30 22:04:37,314 [INFO] ApiDb:250 - Set database path to: C:\Users\vermi\.stmcufinder\plugins\mcufinder//mcu/
2024-11-30 22:04:37,317 [INFO] DbMcusAds:125 - Set database path to: C:\Users\vermi\.stmcufinder\plugins\mcufinder//mcu/
2024-11-30 22:04:37,320 [INFO] CrossReferenceDbSqlite:203 - Set database path to: C:\Users\vermi\.stmcufinder\plugins\mcufinder//mcu/cs/
2024-11-30 22:04:37,552 [INFO] RulesReader:64 - Compatibility file has been processed (297 Rules)
2024-11-30 22:04:37,637 [INFO] DbMcusXml:78 - Set database path to: C:\ST\STM32CubeIDE_1.16.1\STM32CubeIDE\plugins\com.st.stm32cube.common.mx_6.12.1.202409122256\\db\/mcu/
2024-11-30 22:04:37,637 [INFO] ApiDb:274 - Set plugin database path to: C:\ST\STM32CubeIDE_1.16.1\STM32CubeIDE\plugins\com.st.stm32cube.common.mx_6.12.1.202409122256\\db\/plugins/boardmanager/
2024-11-30 22:04:37,637 [INFO] ApiDb:261 - Set plugin images path to: C:\ST\STM32CubeIDE_1.16.1\STM32CubeIDE\plugins\com.st.stm32cube.common.mx_6.12.1.202409122256\\db\/plugins/mcufinder/images/
2024-11-30 22:04:37,637 [WARN] DbFile:41 - Overriding database path with different value: C:\Users\vermi\.stmcufinder\plugins\mcufinder/ => C:\Users\vermi\.stmcufinder\plugins\mcufinder
2024-11-30 22:04:37,637 [INFO] ApiDb:250 - Set database path to: C:\Users\vermi\.stmcufinder\plugins\mcufinder//mcu/
2024-11-30 22:04:37,637 [WARN] DbFile:41 - Overriding database path with different value: C:\Users\vermi\.stmcufinder\plugins\mcufinder/ => C:\Users\vermi\.stmcufinder\plugins\mcufinder
2024-11-30 22:04:37,639 [INFO] DbMcusAds:125 - Set database path to: C:\Users\vermi\.stmcufinder\plugins\mcufinder//mcu/
2024-11-30 22:04:37,639 [WARN] DbFile:41 - Overriding database path with different value: C:\Users\vermi\.stmcufinder\plugins\mcufinder/ => C:\Users\vermi\.stmcufinder\plugins\mcufinder
2024-11-30 22:04:37,639 [WARN] DbFile:41 - Overriding database path with different value: C:\Users\vermi\.stmcufinder\plugins\mcufinder/ => C:\Users\vermi\.stmcufinder\plugins\mcufinder
2024-11-30 22:04:37,639 [INFO] CrossReferenceDbSqlite:203 - Set database path to: C:\Users\vermi\.stmcufinder\plugins\mcufinder//mcu/cs/
2024-11-30 22:04:37,739 [INFO] MainPanel:268 - HeapMemory: 268435456
2024-11-30 22:04:37,826 [INFO] DbMcusXml:78 - Set database path to: C:\ST\STM32CubeIDE_1.16.1\STM32CubeIDE\plugins\com.st.stm32cube.common.mx_6.12.1.202409122256\\db\/mcu/
2024-11-30 22:04:37,826 [INFO] ApiDb:274 - Set plugin database path to: C:\ST\STM32CubeIDE_1.16.1\STM32CubeIDE\plugins\com.st.stm32cube.common.mx_6.12.1.202409122256\\db\/plugins/boardmanager/
2024-11-30 22:04:37,827 [INFO] ApiDb:261 - Set plugin images path to: C:\ST\STM32CubeIDE_1.16.1\STM32CubeIDE\plugins\com.st.stm32cube.common.mx_6.12.1.202409122256\\db\/plugins/mcufinder/images/
2024-11-30 22:04:37,827 [WARN] DbFile:41 - Overriding database path with different value: C:\Users\vermi\.stmcufinder\plugins\mcufinder/ => C:\Users\vermi\.stmcufinder\plugins\mcufinder
2024-11-30 22:04:37,827 [INFO] ApiDb:250 - Set database path to: C:\Users\vermi\.stmcufinder\plugins\mcufinder//mcu/
2024-11-30 22:04:37,828 [WARN] DbFile:41 - Overriding database path with different value: C:\Users\vermi\.stmcufinder\plugins\mcufinder/ => C:\Users\vermi\.stmcufinder\plugins\mcufinder
2024-11-30 22:04:37,828 [INFO] DbMcusAds:125 - Set database path to: C:\Users\vermi\.stmcufinder\plugins\mcufinder//mcu/
2024-11-30 22:04:37,828 [WARN] DbFile:41 - Overriding database path with different value: C:\Users\vermi\.stmcufinder\plugins\mcufinder/ => C:\Users\vermi\.stmcufinder\plugins\mcufinder
2024-11-30 22:04:37,828 [WARN] DbFile:41 - Overriding database path with different value: C:\Users\vermi\.stmcufinder\plugins\mcufinder/ => C:\Users\vermi\.stmcufinder\plugins\mcufinder
2024-11-30 22:04:37,828 [INFO] CrossReferenceDbSqlite:203 - Set database path to: C:\Users\vermi\.stmcufinder\plugins\mcufinder//mcu/cs/
2024-11-30 22:04:37,845 [INFO] ApplicationProperties:184 - Using Application install path: C:\ST\STM32CubeIDE_1.16.1\STM32CubeIDE\plugins\com.st.stm32cube.common.mx_6.12.1.202409122256
2024-11-30 22:04:37,850 [INFO] PluginManage:196 - Search for loadable plugins [exclusion list=, ]
2024-11-30 22:04:37,851 [INFO] PluginManage:310 - Check plugin analytics
2024-11-30 22:04:38,398 [INFO] AnalyticsPlugin:253 - Accepted Software Licenses: 
2024-11-30 22:04:38,399 [INFO] AnalyticsPlugin:255 - Accepted CMSIS Pack Licenses: 
2024-11-30 22:04:38,399 [INFO] AnalyticsPlugin:257 - Accepted Firmware Licenses: FW.F4.1.28.0
2024-11-30 22:04:38,402 [INFO] PluginManage:359 - Loaded plugin analytics (category:tool,tabindex:-1)
2024-11-30 22:04:38,403 [INFO] PluginManage:310 - Check plugin cadmodel
2024-11-30 22:04:38,415 [INFO] CADModel:105 - Init CAD model plugin
2024-11-30 22:04:38,415 [INFO] PluginManage:359 - Loaded plugin cadmodel (category:power,tabindex:5)
2024-11-30 22:04:38,415 [INFO] PluginManage:310 - Check plugin clock
2024-11-30 22:04:38,440 [INFO] PluginManage:359 - Loaded plugin clock (category:base,tabindex:2)
2024-11-30 22:04:38,440 [INFO] PluginManage:310 - Check plugin ddr
2024-11-30 22:04:38,443 [INFO] PluginManage:359 - Loaded plugin ddr (category:tool,tabindex:6)
2024-11-30 22:04:38,443 [INFO] PluginManage:310 - Check plugin filemanager
2024-11-30 22:04:38,660 [INFO] PluginManage:359 - Loaded plugin filemanager (category:base,tabindex:10)
2024-11-30 22:04:38,660 [INFO] PluginManage:310 - Check plugin ipmanager
2024-11-30 22:04:38,670 [INFO] PluginManage:359 - Loaded plugin ipmanager (category:base,tabindex:5)
2024-11-30 22:04:38,670 [INFO] PluginManage:310 - Check plugin lpbam
2024-11-30 22:04:38,679 [INFO] PluginManage:359 - Loaded plugin lpbam (category:base,tabindex:0)
2024-11-30 22:04:38,679 [INFO] PluginManage:310 - Check plugin memorymap
2024-11-30 22:04:38,700 [INFO] PluginManage:359 - Loaded plugin memorymap (category:base,tabindex:4)
2024-11-30 22:04:38,701 [INFO] PluginManage:310 - Check plugin pinoutandconfiguration
2024-11-30 22:04:38,714 [INFO] PluginManage:359 - Loaded plugin pinoutandconfiguration (category:base,tabindex:1)
2024-11-30 22:04:38,714 [INFO] PluginManage:310 - Check plugin pinoutconfig
2024-11-30 22:04:38,904 [WARN] SupportedApi:132 - Cannot load RTOS API schema: s4s-elt-must-match.1: The content of 'definitions' must match (annotation?, (simpleType | complexType)?, (unique | key | keyref)*)). A problem was found starting at: attribute.
2024-11-30 22:04:39,039 [INFO] PluginManage:359 - Loaded plugin pinoutconfig (category:base,tabindex:0)
2024-11-30 22:04:39,039 [INFO] PluginManage:310 - Check plugin power
2024-11-30 22:04:39,050 [INFO] PluginManage:359 - Loaded plugin power (category:power,tabindex:4)
2024-11-30 22:04:39,050 [INFO] PluginManage:310 - Check plugin projectmanager
2024-11-30 22:04:39,066 [INFO] PluginManage:359 - Loaded plugin projectmanager (category:projectmanager,tabindex:4)
2024-11-30 22:04:39,066 [INFO] PluginManage:310 - Check plugin rif
2024-11-30 22:04:39,069 [INFO] PluginManage:359 - Loaded plugin rif (category:base,tabindex:3)
2024-11-30 22:04:39,069 [INFO] PluginManage:310 - Check plugin thirdparty
2024-11-30 22:04:39,235 [INFO] PluginManage:359 - Loaded plugin thirdparty (category:base,tabindex:-1)
2024-11-30 22:04:39,236 [INFO] PluginManage:310 - Check plugin tools
2024-11-30 22:04:39,237 [WARN] IntegrityCheckThread:84 - waiting for thirdparty lock release [integrity check]
2024-11-30 22:04:39,238 [INFO] IntegrityCheckThread:86 - entering critical section [integrity check]
2024-11-30 22:04:39,238 [INFO] ThirdPartyUpdaterWithRetryManager:70 - Updater plugin not ready yet. [1/15]
2024-11-30 22:04:39,239 [INFO] PluginManage:359 - Loaded plugin tools (category:base,tabindex:7)
2024-11-30 22:04:39,239 [INFO] PluginManage:310 - Check plugin tutovideos
2024-11-30 22:04:39,401 [INFO] PluginManage:359 - Loaded plugin tutovideos (category:base,tabindex:-1)
2024-11-30 22:04:39,401 [INFO] PluginManage:310 - Check plugin updater
2024-11-30 22:04:39,418 [INFO] PluginManage:359 - Loaded plugin updater (category:base,tabindex:12)
2024-11-30 22:04:39,418 [INFO] PluginManage:310 - Check plugin userauth
2024-11-30 22:04:39,423 [INFO] UserAuth:113 - Init User Auth plugin
2024-11-30 22:04:39,423 [INFO] PluginManage:359 - Loaded plugin userauth (category:base,tabindex:14)
2024-11-30 22:04:39,423 [INFO] PluginManage:283 - PluginManage : Loaded plugins [18]
2024-11-30 22:04:39,642 [INFO] PinOutPanel:1561 - setPackage(No Configuration,No Configuration)
2024-11-30 22:04:39,743 [INFO] CADModel:165 - CPN selected for project level
2024-11-30 22:04:39,743 [INFO] CADModel:114 - Register for checkConnection events
2024-11-30 22:04:39,756 [INFO] IPUIPlugin:80 - create IPUIPlugin
2024-11-30 22:04:39,756 [INFO] PluginManager:220 - loadIPPluginJar : add adc
2024-11-30 22:04:39,759 [INFO] IPUIPlugin:80 - create IPUIPlugin
2024-11-30 22:04:39,759 [INFO] PluginManager:220 - loadIPPluginJar : add aes
2024-11-30 22:04:39,760 [INFO] IPUIPlugin:80 - create IPUIPlugin
2024-11-30 22:04:39,760 [INFO] PluginManager:220 - loadIPPluginJar : add can
2024-11-30 22:04:39,763 [INFO] IPUIPlugin:80 - create IPUIPlugin
2024-11-30 22:04:39,764 [INFO] PluginManager:220 - loadIPPluginJar : add comp
2024-11-30 22:04:39,765 [INFO] IPUIPlugin:80 - create IPUIPlugin
2024-11-30 22:04:39,765 [INFO] PluginManager:220 - loadIPPluginJar : add cryp
2024-11-30 22:04:39,768 [INFO] IPUIPlugin:80 - create IPUIPlugin
2024-11-30 22:04:39,768 [INFO] PluginManager:220 - loadIPPluginJar : add ddr_ctrl_phy
2024-11-30 22:04:39,770 [INFO] IPUIPlugin:80 - create IPUIPlugin
2024-11-30 22:04:39,770 [INFO] PluginManager:220 - loadIPPluginJar : add dfsdm
2024-11-30 22:04:39,775 [INFO] IPUIPlugin:80 - create IPUIPlugin
2024-11-30 22:04:39,775 [INFO] PluginManager:220 - loadIPPluginJar : add dma
2024-11-30 22:04:39,777 [INFO] IPUIPlugin:80 - create IPUIPlugin
2024-11-30 22:04:39,777 [INFO] PluginManager:220 - loadIPPluginJar : add dma3
2024-11-30 22:04:39,779 [INFO] IPUIPlugin:80 - create IPUIPlugin
2024-11-30 22:04:39,779 [INFO] PluginManager:220 - loadIPPluginJar : add extmemmanager
2024-11-30 22:04:39,781 [INFO] IPUIPlugin:80 - create IPUIPlugin
2024-11-30 22:04:39,781 [INFO] PluginManager:220 - loadIPPluginJar : add fatfs
2024-11-30 22:04:39,784 [INFO] IPUIPlugin:80 - create IPUIPlugin
2024-11-30 22:04:39,784 [INFO] PluginManager:220 - loadIPPluginJar : add fmc
2024-11-30 22:04:39,789 [INFO] IPUIPlugin:80 - create IPUIPlugin
2024-11-30 22:04:39,789 [INFO] PluginManager:220 - loadIPPluginJar : add freertos
2024-11-30 22:04:39,791 [INFO] IPUIPlugin:80 - create IPUIPlugin
2024-11-30 22:04:39,791 [INFO] PluginManager:220 - loadIPPluginJar : add genericplugin
2024-11-30 22:04:39,792 [INFO] IPUIPlugin:80 - create IPUIPlugin
2024-11-30 22:04:39,792 [INFO] PluginManager:220 - loadIPPluginJar : add gfxmmu
2024-11-30 22:04:39,798 [INFO] IPUIPlugin:80 - create IPUIPlugin
2024-11-30 22:04:39,798 [INFO] PluginManager:220 - loadIPPluginJar : add gic
2024-11-30 22:04:39,801 [INFO] IPUIPlugin:80 - create IPUIPlugin
2024-11-30 22:04:39,801 [INFO] PluginManager:220 - loadIPPluginJar : add gpio
2024-11-30 22:04:39,804 [INFO] IPUIPlugin:80 - create IPUIPlugin
2024-11-30 22:04:39,804 [INFO] PluginManager:220 - loadIPPluginJar : add gtzc
2024-11-30 22:04:39,805 [INFO] IPUIPlugin:80 - create IPUIPlugin
2024-11-30 22:04:39,805 [INFO] PluginManager:220 - loadIPPluginJar : add hash
2024-11-30 22:04:39,808 [INFO] IPUIPlugin:80 - create IPUIPlugin
2024-11-30 22:04:39,808 [INFO] PluginManager:220 - loadIPPluginJar : add i2c
2024-11-30 22:04:39,810 [INFO] IPUIPlugin:80 - create IPUIPlugin
2024-11-30 22:04:39,811 [INFO] PluginManager:220 - loadIPPluginJar : add i2s
2024-11-30 22:04:39,813 [INFO] IPUIPlugin:80 - create IPUIPlugin
2024-11-30 22:04:39,813 [INFO] PluginManager:220 - loadIPPluginJar : add i3c
2024-11-30 22:04:39,820 [INFO] IPUIPlugin:80 - create IPUIPlugin
2024-11-30 22:04:39,820 [INFO] PluginManager:220 - loadIPPluginJar : add ipddr
2024-11-30 22:04:39,825 [INFO] IPUIPlugin:80 - create IPUIPlugin
2024-11-30 22:04:39,825 [INFO] PluginManager:220 - loadIPPluginJar : add linkedlist
2024-11-30 22:04:39,828 [INFO] IPUIPlugin:80 - create IPUIPlugin
2024-11-30 22:04:39,829 [INFO] PluginManager:220 - loadIPPluginJar : add lorawan
2024-11-30 22:04:39,830 [INFO] IPUIPlugin:80 - create IPUIPlugin
2024-11-30 22:04:39,831 [INFO] PluginManager:220 - loadIPPluginJar : add ltdc
2024-11-30 22:04:39,836 [INFO] IPUIPlugin:80 - create IPUIPlugin
2024-11-30 22:04:39,836 [INFO] PluginManager:220 - loadIPPluginJar : add mdma
2024-11-30 22:04:39,839 [INFO] IPUIPlugin:80 - create IPUIPlugin
2024-11-30 22:04:39,839 [INFO] PluginManager:220 - loadIPPluginJar : add nvic
2024-11-30 22:04:39,841 [INFO] IPUIPlugin:80 - create IPUIPlugin
2024-11-30 22:04:39,841 [INFO] PluginManager:220 - loadIPPluginJar : add opamp
2024-11-30 22:04:39,844 [INFO] IPUIPlugin:80 - create IPUIPlugin
2024-11-30 22:04:39,844 [INFO] PluginManager:220 - loadIPPluginJar : add openamp
2024-11-30 22:04:39,847 [INFO] IPUIPlugin:80 - create IPUIPlugin
2024-11-30 22:04:39,847 [INFO] PluginManager:220 - loadIPPluginJar : add pdm2pcm
2024-11-30 22:04:39,852 [INFO] IPUIPlugin:80 - create IPUIPlugin
2024-11-30 22:04:39,855 [INFO] PluginManager:220 - loadIPPluginJar : add plateformsettings
2024-11-30 22:04:39,857 [INFO] IPUIPlugin:80 - create IPUIPlugin
2024-11-30 22:04:39,857 [INFO] PluginManager:220 - loadIPPluginJar : add quadspi
2024-11-30 22:04:39,859 [INFO] IPUIPlugin:80 - create IPUIPlugin
2024-11-30 22:04:39,860 [INFO] PluginManager:220 - loadIPPluginJar : add radio
2024-11-30 22:04:39,863 [INFO] IPUIPlugin:80 - create IPUIPlugin
2024-11-30 22:04:39,863 [INFO] PluginManager:220 - loadIPPluginJar : add resmgrutility
2024-11-30 22:04:39,866 [INFO] IPUIPlugin:80 - create IPUIPlugin
2024-11-30 22:04:39,866 [INFO] PluginManager:220 - loadIPPluginJar : add sai
2024-11-30 22:04:39,868 [INFO] IPUIPlugin:80 - create IPUIPlugin
2024-11-30 22:04:39,868 [INFO] PluginManager:220 - loadIPPluginJar : add spi
2024-11-30 22:04:39,872 [INFO] IPUIPlugin:80 - create IPUIPlugin
2024-11-30 22:04:39,873 [INFO] PluginManager:220 - loadIPPluginJar : add stm32_wpan
2024-11-30 22:04:39,874 [INFO] IPUIPlugin:80 - create IPUIPlugin
2024-11-30 22:04:39,874 [INFO] PluginManager:220 - loadIPPluginJar : add tim
2024-11-30 22:04:39,877 [INFO] IPUIPlugin:80 - create IPUIPlugin
2024-11-30 22:04:39,877 [INFO] PluginManager:220 - loadIPPluginJar : add touchsensing
2024-11-30 22:04:39,879 [INFO] IPUIPlugin:80 - create IPUIPlugin
2024-11-30 22:04:39,879 [INFO] PluginManager:220 - loadIPPluginJar : add tracer_emb
2024-11-30 22:04:39,881 [INFO] IPUIPlugin:80 - create IPUIPlugin
2024-11-30 22:04:39,882 [INFO] PluginManager:220 - loadIPPluginJar : add ts
2024-11-30 22:04:39,883 [INFO] IPUIPlugin:80 - create IPUIPlugin
2024-11-30 22:04:39,883 [INFO] PluginManager:220 - loadIPPluginJar : add tsc
2024-11-30 22:04:39,885 [INFO] IPUIPlugin:80 - create IPUIPlugin
2024-11-30 22:04:39,885 [INFO] PluginManager:220 - loadIPPluginJar : add ucpd
2024-11-30 22:04:39,887 [INFO] IPUIPlugin:80 - create IPUIPlugin
2024-11-30 22:04:39,887 [INFO] PluginManager:220 - loadIPPluginJar : add usart
2024-11-30 22:04:39,890 [INFO] IPUIPlugin:80 - create IPUIPlugin
2024-11-30 22:04:39,890 [INFO] PluginManager:220 - loadIPPluginJar : add usbx
2024-11-30 22:04:40,019 [INFO] CADModel:165 - CPN selected for project level
2024-11-30 22:04:40,019 [INFO] CADModel:114 - Register for checkConnection events
2024-11-30 22:04:40,019 [FATAL] Updater:334 - Updater called before beeing initialized
2024-11-30 22:04:40,019 [ERROR] CADModel:125 - Updater not yet initialized, retry later 
2024-11-30 22:04:40,147 [INFO] CADModel:165 - CPN selected for project level
2024-11-30 22:04:40,147 [INFO] CADModel:114 - Register for checkConnection events
2024-11-30 22:04:40,147 [FATAL] Updater:334 - Updater called before beeing initialized
2024-11-30 22:04:40,148 [ERROR] CADModel:125 - Updater not yet initialized, retry later 
2024-11-30 22:04:40,151 [FATAL] Updater:334 - Updater called before beeing initialized
2024-11-30 22:04:40,306 [FATAL] Updater:334 - Updater called before beeing initialized
2024-11-30 22:04:40,310 [INFO] DbMcusAds:53 - JSON generation date=Fri Sep 20 22:04:38 KST 2024 (1726837478367)
2024-11-30 22:04:40,310 [FATAL] Updater:334 - Updater called before beeing initialized
2024-11-30 22:04:40,345 [WARN] DetailPanel:346 - Failed to get advertising image, set to default
2024-11-30 22:04:40,444 [FATAL] Updater:334 - Updater called before beeing initialized
2024-11-30 22:04:40,444 [FATAL] Updater:334 - Updater called before beeing initialized
2024-11-30 22:04:40,445 [FATAL] Updater:334 - Updater called before beeing initialized
2024-11-30 22:04:40,445 [WARN] DetailPanel:346 - Failed to get advertising image, set to default
2024-11-30 22:04:40,445 [FATAL] Updater:334 - Updater called before beeing initialized
2024-11-30 22:04:40,519 [ERROR] Updater:1164 - MainUpdater not yet initialized. External WinMGr cannot be set.
2024-11-30 22:04:40,521 [INFO] Updater:1100 - Updater Version found : 6.12.1
2024-11-30 22:04:40,537 [INFO] ApplicationProperties:184 - Using Application install path: C:\ST\STM32CubeIDE_1.16.1\STM32CubeIDE\plugins\com.st.stm32cube.common.mx_6.12.1.202409122256
2024-11-30 22:04:42,123 [ERROR] LogOutputStream:75 - [STDERR_REDIRECT] Nov 30, 2024 10:04:42 PM java.util.prefs.WindowsPreferences <init>
2024-11-30 22:04:42,125 [ERROR] LogOutputStream:75 - [STDERR_REDIRECT] WARNING: Could not open/create prefs root node Software\JavaSoft\Prefs at root 0xffffffff80000002. Windows RegCreateKeyEx(...) returned error code 5.
2024-11-30 22:04:42,125 [ERROR] LogOutputStream:75 - [STDERR_REDIRECT] 
2024-11-30 22:04:42,245 [INFO] ThirdPartyUpdaterWithRetryManager:70 - Updater plugin not ready yet. [2/15]
2024-11-30 22:04:42,864 [INFO] MainUpdater:2873 - connection check result : 10
2024-11-30 22:04:42,866 [INFO] MainUpdater:290 - Updater Check For Update Now.
2024-11-30 22:04:42,866 [INFO] MicroXplorer:498 - Change Database Version : DB.6.0.121
2024-11-30 22:04:42,882 [INFO] McuFinderGlobals:63 - Set McuFinder mode to 2 (CubeIDE integrated)
2024-11-30 22:04:42,882 [INFO] UserAuth:417 - Internet connection configuration mode: 1
2024-11-30 22:04:42,905 [INFO] JxBrowserEngine:152 - Initiate JxBrowser Engine with user profile folder
2024-11-30 22:04:43,335 [INFO] CheckServerUpdateThread:120 - End of CheckServer Thread
2024-11-30 22:04:44,393 [INFO] WebApp:167 - Instantiating new browser for Auth
2024-11-30 22:04:45,427 [WARN] PackLoader:240 - Cannot read IP mode file for STMicroelectronics.FP-SNS-MOTENVWB1.1.4.0
2024-11-30 22:04:45,456 [WARN] PackLoader:240 - Cannot read IP mode file for STMicroelectronics.FP-SNS-FLIGHT1.5.0.2
2024-11-30 22:04:45,518 [WARN] PackLoader:240 - Cannot read IP mode file for STMicroelectronics.X-CUBE-DISPLAY.3.0.0
2024-11-30 22:04:45,554 [WARN] PackLoader:240 - Cannot read IP mode file for STMicroelectronics.X-CUBE-BLE1.7.0.0
2024-11-30 22:04:45,600 [WARN] PackLoader:240 - Cannot read IP mode file for STMicroelectronics.X-CUBE-BLEMGR.3.1.0
2024-11-30 22:04:45,607 [WARN] PackLoader:240 - Cannot read IP mode file for STMicroelectronics.FP-SNS-SMARTAG2.1.2.0
2024-11-30 22:04:45,617 [WARN] PackLoader:240 - Cannot read IP mode file for STMicroelectronics.FP-SNS-MOTENV1.5.0.0
2024-11-30 22:04:45,645 [WARN] PackLoader:240 - Cannot read IP mode file for STMicroelectronics.X-CUBE-BLE2.3.3.0
2024-11-30 22:04:45,664 [WARN] PackLoader:240 - Cannot read IP mode file for STMicroelectronics.FP-ATR-SIGFOX1.3.2.0
2024-11-30 22:04:45,694 [WARN] PackLoader:240 - Cannot read IP mode file for STMicroelectronics.X-CUBE-EEPRMA1.5.1.0
2024-11-30 22:04:45,724 [WARN] PackLoader:240 - Cannot read IP mode file for STMicroelectronics.X-CUBE-FREERTOS.1.2.0
2024-11-30 22:04:45,770 [WARN] PackLoader:240 - Cannot read IP mode file for STMicroelectronics.X-CUBE-ALS.1.0.2
2024-11-30 22:04:45,772 [INFO] ThirdParty:978 - Integrity check success = true
2024-11-30 22:04:45,772 [INFO] IntegrityCheckThread:100 - exiting critical section [integrity check]
2024-11-30 22:04:45,772 [INFO] IntegrityCheckThread:103 - End integrity checks thread
2024-11-30 22:04:46,232 [INFO] WebApp:448 - Apply proxy settings
2024-11-30 22:04:46,233 [INFO] WebApp:533 - Chromium requires no authentication
2024-11-30 22:04:46,243 [INFO] WebApp:476 - Direct internet connection detected
2024-11-30 22:04:46,292 [INFO] WebApp:869 - Register for checkConnection events
2024-11-30 22:04:46,292 [INFO] WebApp:448 - Apply proxy settings
2024-11-30 22:04:46,292 [INFO] WebApp:533 - Chromium requires no authentication
2024-11-30 22:04:46,293 [INFO] WebApp:476 - Direct internet connection detected
2024-11-30 22:04:46,496 [INFO] WebApp:220 - Starting web application
2024-11-30 22:04:46,496 [INFO] WebApp:578 - Web application path used C:\ST\STM32CubeIDE_1.16.1\STM32CubeIDE\plugins\com.st.stm32cube.common.mx_6.12.1.202409122256\db\plugins\mcufinder\reactClient1\index.html
2024-11-30 22:04:46,769 [INFO] UserAuth:417 - Internet connection configuration mode: 1
2024-11-30 22:04:47,239 [INFO] WebApp:186 - Connection restablished
2024-11-30 22:04:56,897 [INFO] McuFinderGlobals:63 - Set McuFinder mode to 2 (CubeIDE integrated)
2024-11-30 22:04:56,927 [INFO] MainUpdater:2873 - connection check result : 10
2024-11-30 22:04:56,954 [INFO] McuFinderGlobals:76 - Set McuFinderConnectedMode to true
2024-11-30 22:04:57,253 [INFO] ServerAccessManage:473 - Download File mcusAds.json._tmp_
2024-11-30 22:04:57,370 [INFO] LoadUrlFilesThread:156 - End of LoadUrlFiles Thread
2024-11-30 22:04:59,028 [INFO] ServerAccessManage:473 - Download File cube-finder-db.zip
2024-11-30 22:05:08,206 [INFO] FileExtend:240 - Unzip File : cube-finder-db.zip
2024-11-30 22:05:08,210 [INFO] FileExtend:255 - Standard Zip Deflate
2024-11-30 22:05:09,723 [INFO] LoadUrlFilesThread:156 - End of LoadUrlFiles Thread
2024-11-30 22:05:10,805 [INFO] ServerAccessManage:473 - Download File crdb.zip
2024-11-30 22:05:12,169 [INFO] FileExtend:240 - Unzip File : crdb.zip
2024-11-30 22:05:12,169 [INFO] FileExtend:255 - Standard Zip Deflate
2024-11-30 22:05:12,321 [INFO] LoadUrlFilesThread:156 - End of LoadUrlFiles Thread
2024-11-30 22:05:13,610 [INFO] ServerAccessManage:473 - Download File tutoVideoDB.zip
2024-11-30 22:05:13,636 [INFO] FileExtend:240 - Unzip File : tutoVideoDB.zip
2024-11-30 22:05:13,636 [INFO] FileExtend:255 - Standard Zip Deflate
2024-11-30 22:05:13,755 [INFO] LoadUrlFilesThread:156 - End of LoadUrlFiles Thread
2024-11-30 22:05:13,757 [WARN] DbFile:41 - Overriding database path with different value: C:\Users\vermi\.stmcufinder\plugins\mcufinder/ => C:\Users\vermi\.stmcufinder\plugins\mcufinder
2024-11-30 22:05:14,487 [INFO] ServerAccessManage:473 - Download File api_config.json
2024-11-30 22:05:14,593 [INFO] LoadUrlFilesThread:156 - End of LoadUrlFiles Thread
2024-11-30 22:05:14,594 [INFO] DbMcusAds:53 - JSON generation date=Fri Sep 20 22:04:23 KST 2024 (1726837463113)
2024-11-30 22:05:14,613 [INFO] LoadUrlFilesThread:185 - End of LoadServerUrlFiles without Thread
2024-11-30 22:05:14,613 [INFO] TargetSelectorAdapter:259 - Refresh data is successful
2024-11-30 22:05:14,807 [INFO] ApiDb:581 - Connected to CubeFinder SQLite database (C:\Users\vermi\.stmcufinder\plugins\mcufinder\mcu\cube-finder-db.db)
2024-11-30 22:05:14,915 [INFO] ApiDb:668 - CubeFinder database Data Model version=2.1
2024-11-30 22:05:14,915 [INFO] ApiDb:669 - CubeFinder database Configuration version=3.0.39
2024-11-30 22:05:14,915 [INFO] ApiDb:670 - CubeFinder database generation date=2024-11-21 (1732182206)
2024-11-30 22:05:14,915 [INFO] ApiDb:671 - CubeFinder database FW Pack versions=[FP-ATR-ASTRA1_V2.0.0, FP-SNS-FLIGHT1_V5.0.2, FP-SNS-MOTENV1_V5.0.0, FP-SNS-MOTENVWB1_V1.4.0, FP-SNS-SMARTAG2_V1.2.0, FP-SNS-STBOX1_V2.0.0, STM32Cube_FW_C0_V1.3.0, STM32Cube_FW_F4_V1.28.1, STM32Cube_FW_F7_V1.17.2, STM32Cube_FW_G0_V1.6.2, STM32Cube_FW_G4_V1.6.1, STM32Cube_FW_H5_V1.4.0, STM32Cube_FW_H7RS_V1.1.0, STM32Cube_FW_H7_V1.12.0, STM32Cube_FW_L0_V1.12.2, STM32Cube_FW_L4_V1.18.1, STM32Cube_FW_L5_V1.5.1, STM32Cube_FW_N6_V1.0.0, STM32Cube_FW_U0_V1.2.0, STM32Cube_FW_U3_V1.0.0, STM32Cube_FW_U5_V1.7.0, STM32Cube_FW_WB0_V1.1.0, STM32Cube_FW_WBA_V1.5.0, STM32Cube_FW_WB_V1.21.0, STM32Cube_FW_WL3_V1.0.0, STM32Cube_FW_WL_V1.3.0, X-CUBE-ALGOBUILD_V1.4.0, X-CUBE-ALS_V1.0.2, X-CUBE-AZRTOS-F4_V1.1.0, X-CUBE-AZRTOS-F7_V1.1.0, X-CUBE-AZRTOS-G0_V1.1.0, X-CUBE-AZRTOS-G4_V2.0.0, X-CUBE-AZRTOS-H7RS_V1.0.0, X-CUBE-AZRTOS-H7_V3.3.0, X-CUBE-AZRTOS-L4_V2.0.0, X-CUBE-AZRTOS-L5_V2.0.0, X-CUBE-AZRTOS-WB_V2.0.0, X-CUBE-AZRTOS-WL_V2.0.0, X-CUBE-BLE1_V7.0.0, X-CUBE-BLE2_V3.3.0, X-CUBE-BLEMGR_V3.1.0, X-CUBE-EEPRMA1_V5.1.0, X-CUBE-FREERTOS_V1.2.0, X-CUBE-GNSS1_V6.0.0, X-CUBE-MEMS1_V11.0.0, X-CUBE-NFC4_V3.0.0, X-CUBE-NFC7_V1.0.1, X-CUBE-SFXS2LP1_V4.0.0, X-CUBE-SUBG2_V5.0.0, X-CUBE-TOF1_V3.4.2]
2024-11-30 22:05:17,689 [INFO] ApiDb:240 - Found 646 in-development CPN: [B-G473E-ZEST1S, B-WB1M-WPAN1, B-WL5M-SUBG1, NUCLEO-C031C6, NUCLEO-C071RB, NUCLEO-H503RB, NUCLEO-H533RE, NUCLEO-H563ZI, NUCLEO-H7S3L8, NUCLEO-U031R8, NUCLEO-U083RC, NUCLEO-U545RE-Q, NUCLEO-U5A5ZJ-Q, NUCLEO-WB05KZ, NUCLEO-WB07CC, NUCLEO-WB09KE, NUCLEO-WBA52CG, NUCLEO-WBA55CG, STEVAL-PROTEUS1, STEVAL-SMARTAG2, STEVAL-STWINBX1, STM320518-EVAL, STM32C0116-DK, STM32C011D6Y3TR, STM32C011D6Y6TR, STM32C011F4P3, STM32C011F4P6, STM32C011F4U3, STM32C011F4U6TR, STM32C011F6P3, STM32C011F6P6, STM32C011F6U3, STM32C011F6U6TR, STM32C011J4M3, STM32C011J4M6, STM32C011J6M3, STM32C011J6M6, STM32C0316-DK, STM32C031C4T3, STM32C031C4T6, STM32C031C4U3, STM32C031C4U6, STM32C031C6T3, STM32C031C6T6, STM32C031C6U3, STM32C031C6U6, STM32C031F4P3, STM32C031F4P6, STM32C031F6P3, STM32C031F6P6, STM32C031G4U3, STM32C031G4U6, STM32C031G6U3, STM32C031G6U6, STM32C031K4T3, STM32C031K4T6, STM32C031K4U3, STM32C031K4U6, STM32C031K6T3, STM32C031K6T6, STM32C031K6U3, STM32C031K6U6, STM32C071C8T6, STM32C071C8T6N, STM32C071C8U6, STM32C071C8U6N, STM32C071CBT6, STM32C071CBT6N, STM32C071CBU6, STM32C071CBU6N, STM32C071F8P6, STM32C071F8P6N, STM32C071FBP6, STM32C071FBP6N, STM32C071FBY6TR, STM32C071G8U6, STM32C071G8U6N, STM32C071GBU6, STM32C071GBU6N, STM32C071K8T6, STM32C071K8T6N, STM32C071K8U6, STM32C071K8U6N, STM32C071KBT6, STM32C071KBT6N, STM32C071KBU6, STM32C071KBU6N, STM32C071R8T6, STM32C071R8T6N, STM32C071RBI6N, STM32C071RBT6, STM32C071RBT6N, STM32G071K8TXN, STM32G071K8UXN, STM32G081GBU6N, STM32G081KBT6N, STM32G081KBUXN, STM32G0B1CCT6N, STM32G0B1KCT6, STM32G0B1NEY6TR, STM32G0B1RCT6N, STM32G0C1CCT6, STM32G0C1CCT6N, STM32G0C1CCU6N, STM32G0C1CET6N, STM32G0C1CEU6N, STM32G0C1KCT6, STM32G0C1NEY6TR, STM32G0C1RCI6N, STM32G0C1RCT6N, STM32G0C1REI6N, STM32G0C1RET6N, STM32G0C1VCI6, STM32G0C1VEI6, STM32G411C6T3, STM32G411C6T6, STM32G411C6U3, STM32G411C6U6, STM32G411C8T3, STM32G411C8T6, STM32G411C8U3, STM32G411C8U6, STM32G411CBT3, STM32G411CBT6, STM32G411CBU3, STM32G411CBU6, STM32G411K6T3, STM32G411K6T6, STM32G411K6U3, STM32G411K6U6, STM32G411K8T3, STM32G411K8T6, STM32G411K8U3, STM32G411K8U6, STM32G411KBT3, STM32G411KBT6, STM32G411KBU3, STM32G411KBU6, STM32G411M6T3, STM32G411M6T6, STM32G411M8T3, STM32G411M8T6, STM32G411MBT3, STM32G411MBT6, STM32G411R6T3, STM32G411R6T6, STM32G411R8T3, STM32G411R8T6, STM32G411RBT3, STM32G411RBT6, STM32G414CBT3, STM32G414CBT6, STM32G414CBU3, STM32G414CBU6, STM32G414CCT3, STM32G414CCT6, STM32G414CCU3, STM32G414CCU6, STM32G414MBT3, STM32G414MBT6, STM32G414MCT3, STM32G414MCT6, STM32G414RBT3, STM32G414RBT6, STM32G414RCT3, STM32G414RCT6, STM32G414VBT3, STM32G414VBT6, STM32G414VCT3, STM32G414VCT6, STM32G431CBT3Z, STM32G431RBT3Z, STM32G471CCT6, STM32G471CCU6, STM32G471CET3, STM32G471CET6, STM32G471CEU3, STM32G471CEU6, STM32G471MCT6, STM32G471MET3, STM32G471MET6, STM32G471MEY6TR, STM32G471QCT6, STM32G471QET3, STM32G471RCT6, STM32G471RET3, STM32G471RET6, STM32G471VCH6, STM32G471VCI6, STM32G471VCT6, STM32G471VEH3, STM32G471VEH6, STM32G471VEI3, STM32G471VEI6, STM32G471VET3, STM32G471VET6, STM32G473QET3Z, STM32G473RET3Z, STM32G474CCT6, STM32G491RET3Z, STM32H503CBT6, STM32H503CBU6, STM32H503EBY6TR, STM32H503KBU6, STM32H503RBT6, STM32H523CCT6, STM32H523CCU6, STM32H523CET6, STM32H523CEU6, STM32H523HEY6TR, STM32H523RCT6, STM32H523RET6, STM32H523VCI6, STM32H523VCT6, STM32H523VEI6, STM32H523VET6, STM32H523ZCJ6, STM32H523ZCT6, STM32H523ZEJ6, STM32H523ZET6, STM32H533CET6, STM32H533CEU6, STM32H533HEY6TR, STM32H533RET6, STM32H533VEI6, STM32H533VET6, STM32H533ZEJ6, STM32H533ZET6, STM32H562AGI6, STM32H562AII6, STM32H562IGK6, STM32H562IGT6, STM32H562IIK6, STM32H562IIT6, STM32H562RGT6, STM32H562RGV6, STM32H562RIT6, STM32H562RIV6, STM32H562VGT6, STM32H562VIT6, STM32H562ZGT6, STM32H562ZIT6, STM32H563AGI6, STM32H563AII3Q, STM32H563AII6, STM32H563IGK6, STM32H563IGT6, STM32H563IIK3Q, STM32H563IIK6, STM32H563IIT3Q, STM32H563IIT6, STM32H563MIY3QTR, STM32H563RGT6, STM32H563RGV6, STM32H563RIT6, STM32H563RIV6, STM32H563VGT6, STM32H563VIT3Q, STM32H563VIT6, STM32H563ZGT6, STM32H563ZIT3Q, STM32H563ZIT6, STM32H573AII3Q, STM32H573AII6, STM32H573I-DK, STM32H573IIK3Q, STM32H573IIK6, STM32H573IIT3Q, STM32H573IIT6, STM32H573MIY3QTR, STM32H573RIT6, STM32H573RIV6, STM32H573VIT3Q, STM32H573VIT6, STM32H573ZIT3Q, STM32H573ZIT6, STM32H7R3A8I6, STM32H7R3I8K6, STM32H7R3I8T6, STM32H7R3L8H6, STM32H7R3L8H6H, STM32H7R3R8V6, STM32H7R3V8H6, STM32H7R3V8T6, STM32H7R3V8Y6TR, STM32H7R3Z8J6, STM32H7R3Z8T6, STM32H7R7A8I6, STM32H7R7I8K6, STM32H7R7I8T6, STM32H7R7L8H6, STM32H7R7L8H6H, STM32H7R7Z8J6, STM32H7S3A8I6, STM32H7S3I8K6, STM32H7S3I8T6, STM32H7S3L8H6, STM32H7S3L8H6H, STM32H7S3R8V6, STM32H7S3V8H6, STM32H7S3V8T6, STM32H7S3V8Y6TR, STM32H7S3Z8J6, STM32H7S3Z8T6, STM32H7S78-DK, STM32H7S7A8I6, STM32H7S7I8K6, STM32H7S7I8T6, STM32H7S7L8H6, STM32H7S7L8H6H, STM32H7S7Z8J6, STM32L4R5QGI6STR, STM32MP131AAE3, STM32MP131AAF3, STM32MP131AAG3, STM32MP131CAE3, STM32MP131CAF3, STM32MP131CAG3, STM32MP131DAE7, STM32MP131DAF7, STM32MP131DAG7, STM32MP131FAE7, STM32MP131FAF7, STM32MP131FAG7, STM32MP133AAE3, STM32MP133AAF3, STM32MP133AAG3, STM32MP133CAE3, STM32MP133CAF3, STM32MP133CAG3, STM32MP133DAE7, STM32MP133DAF7, STM32MP133DAG7, STM32MP133FAE7, STM32MP133FAF7, STM32MP133FAG7, STM32MP135AAE3, STM32MP135AAF3, STM32MP135AAG3, STM32MP135CAE3, STM32MP135CAF3, STM32MP135CAG3, STM32MP135DAE7, STM32MP135DAF7, STM32MP135DAG7, STM32MP135F-DK, STM32MP135FAE7, STM32MP135FAF7, STM32MP135FAF7T, STM32MP135FAF7U, STM32MP135FAG7, STM32MP251AAI3, STM32MP251AAK3, STM32MP251AAL3, STM32MP251CAI3, STM32MP251CAK3, STM32MP251CAL3, STM32MP251DAI3, STM32MP251DAK3, STM32MP251DAL3, STM32MP251FAI3, STM32MP251FAK3, STM32MP251FAL3, STM32MP253AAI3, STM32MP253AAK3, STM32MP253AAL3, STM32MP253CAI3, STM32MP253CAK3, STM32MP253CAL3, STM32MP253DAI3, STM32MP253DAK3, STM32MP253DAL3, STM32MP253FAI3, STM32MP253FAK3, STM32MP253FAL3, STM32MP255AAI3, STM32MP255AAK3, STM32MP255AAL3, STM32MP255CAI3, STM32MP255CAK3, STM32MP255CAL3, STM32MP255DAI3, STM32MP255DAK3, STM32MP255DAL3, STM32MP255FAI3, STM32MP255FAK3, STM32MP255FAL3, STM32MP257AAI3, STM32MP257AAK3, STM32MP257AAL3, STM32MP257CAI3, STM32MP257CAK3, STM32MP257CAL3, STM32MP257DAI3, STM32MP257DAK3, STM32MP257DAL3, STM32MP257F-DK, STM32MP257F-EV1, STM32MP257FAI3, STM32MP257FAK3, STM32MP257FAL3, STM32U031C6T6, STM32U031C6U6, STM32U031C8T6, STM32U031C8U6, STM32U031F4P6, STM32U031F6P6, STM32U031F8P6, STM32U031G6Y6TR, STM32U031G8Y6TR, STM32U031K4U6, STM32U031K6U6, STM32U031K8U6, STM32U031R6I6, STM32U031R6T6, STM32U031R8I6, STM32U031R8T6, STM32U073C8T6, STM32U073C8U6, STM32U073CBT6, STM32U073CBU6, STM32U073CCT6, STM32U073CCU6, STM32U073H8Y6TR, STM32U073HBY6TR, STM32U073HCY6TR, STM32U073K8U6, STM32U073KBU6, STM32U073KCU6, STM32U073M8I6, STM32U073M8T6, STM32U073MBI6, STM32U073MBT6, STM32U073MCI6, STM32U073MCT6, STM32U073R8I6, STM32U073R8T6, STM32U073RBI6, STM32U073RBT6, STM32U073RCI6, STM32U073RCT6, STM32U083C-DK, STM32U083CCT6, STM32U083CCU6, STM32U083HCY6TR, STM32U083KCU6, STM32U083MCI6, STM32U083MCT6, STM32U083RCI6, STM32U083RCT6, STM32U535CBT6, STM32U535CBT6Q, STM32U535CBU6, STM32U535CBU6Q, STM32U535CCT6, STM32U535CCT6Q, STM32U535CCU6, STM32U535CCU6Q, STM32U535CET6, STM32U535CET6Q, STM32U535CEU6, STM32U535CEU6Q, STM32U535JEY6QTR, STM32U535NCY6QTR, STM32U535NEY6QTR, STM32U535RBI6, STM32U535RBI6Q, STM32U535RBT6, STM32U535RBT6Q, STM32U535RCI6, STM32U535RCI6Q, STM32U535RCT6, STM32U535RCT6Q, STM32U535REI6, STM32U535REI6Q, STM32U535RET6, STM32U535RET6Q, STM32U535VCI6, STM32U535VCI6Q, STM32U535VCT6, STM32U535VCT6Q, STM32U535VEI6, STM32U535VEI6Q, STM32U535VET6, STM32U535VET6Q, STM32U545CET6, STM32U545CET6Q, STM32U545CEU6, STM32U545CEU6Q, STM32U545JEY6QTR, STM32U545NEY6QTR, STM32U545REI6, STM32U545REI6Q, STM32U545RET6, STM32U545RET6Q, STM32U545VEI6, STM32U545VEI6Q, STM32U545VET6, STM32U545VET6Q, STM32U595AIH6, STM32U595AIH6Q, STM32U595AJH6, STM32U595AJH6Q, STM32U595QII6, STM32U595QII6Q, STM32U595QJI6, STM32U595QJI6Q, STM32U595RIT6, STM32U595RIT6Q, STM32U595RJT6, STM32U595RJT6Q, STM32U595VIT6, STM32U595VIT6Q, STM32U595VJT6, STM32U595VJT6Q, STM32U595ZIT6, STM32U595ZIT6Q, STM32U595ZIY6QTR, STM32U595ZJT6, STM32U595ZJT6Q, STM32U595ZJY6QTR, STM32U599BJY6QTR, STM32U599NIH6Q, STM32U599NJH6Q, STM32U599VIT6Q, STM32U599VJT6, STM32U599VJT6Q, STM32U599ZIT6Q, STM32U599ZIY6QTR, STM32U599ZJT6Q, STM32U599ZJY6QTR, STM32U5A5AJH6, STM32U5A5AJH6Q, STM32U5A5QII3Q , STM32U5A5QJI6, STM32U5A5QJI6Q, STM32U5A5RJT6, STM32U5A5RJT6Q, STM32U5A5VJT6, STM32U5A5VJT6Q, STM32U5A5ZJT6, STM32U5A5ZJT6Q, STM32U5A5ZJY6QTR, STM32U5A9BJY6QTR, STM32U5A9J-DK, STM32U5A9NJH6Q, STM32U5A9VJT6Q, STM32U5A9ZJT6Q, STM32U5A9ZJY6QTR, STM32U5F7VIT6, STM32U5F7VIT6Q, STM32U5F7VJT6, STM32U5F7VJT6Q, STM32U5F9BJY6QTR, STM32U5F9NJH6Q, STM32U5F9VIT6Q, STM32U5F9VJT6Q, STM32U5F9ZIJ6QTR, STM32U5F9ZIT6Q, STM32U5F9ZJJ6QTR, STM32U5F9ZJT6Q, STM32U5G7VJT6, STM32U5G7VJT6Q, STM32U5G9BJY6QTR, STM32U5G9J-DK1, STM32U5G9J-DK2, STM32U5G9NJH6Q, STM32U5G9VJT6Q, STM32U5G9ZJJ6QTR, STM32U5G9ZJT6Q, STM32WB05KZV6TR, STM32WB05KZV7TR, STM32WB05TZF6TR, STM32WB05TZF7TR, STM32WB06CCF6TR, STM32WB06CCF7TR, STM32WB06CCV6TR, STM32WB06CCV7TR, STM32WB06KCV6TR, STM32WB06KCV7TR, STM32WB07CCF6TR, STM32WB07CCF7TR, STM32WB07CCV6TR, STM32WB07CCV7TR, STM32WB07KCV6TR, STM32WB07KCV7TR, STM32WB09KEV6TR, STM32WB09KEV7TR, STM32WB09TEF6TR, STM32WB09TEF7TR, STM32WB1MMCH6, STM32WBA50KGU6, STM32WBA50KGU6TR, STM32WBA52CEU6, STM32WBA52CEU6TR, STM32WBA52CEU7, STM32WBA52CEU7TR, STM32WBA52CGU6, STM32WBA52CGU6TR, STM32WBA52CGU6U, STM32WBA52CGU7, STM32WBA52CGU7TR, STM32WBA52KEU6, STM32WBA52KEU6TR, STM32WBA52KGU6, STM32WBA52KGU6TR, STM32WBA54CEU6, STM32WBA54CEU6TR, STM32WBA54CEU7, STM32WBA54CEU7TR, STM32WBA54CGU6, STM32WBA54CGU6TR, STM32WBA54CGU7, STM32WBA54CGU7TR, STM32WBA54KEU6, STM32WBA54KEU6TR, STM32WBA54KEU7, STM32WBA54KEU7TR, STM32WBA54KGU6, STM32WBA54KGU6TR, STM32WBA54KGU7, STM32WBA54KGU7TR, STM32WBA55CEU6, STM32WBA55CEU6TR, STM32WBA55CEU7, STM32WBA55CEU7TR, STM32WBA55CGU6, STM32WBA55CGU6TR, STM32WBA55CGU6U, STM32WBA55CGU7, STM32WBA55CGU7TR, STM32WBA55G-DK1, STM32WBA55HEF6, STM32WBA55HEF7, STM32WBA55HGF6, STM32WBA55HGF7, STM32WBA55UEI6, STM32WBA55UEI6TR, STM32WBA55UEI7, STM32WBA55UEI7TR, STM32WBA55UGI6, STM32WBA55UGI6TR, STM32WBA55UGI7, STM32WBA55UGI7TR, STM32WL5MOCH6, STM32WL5MOCH6TR]
2024-11-30 22:05:17,697 [INFO] DbMcus:218 - Found 4389 MCUs, 4389 are supported
2024-11-30 22:05:17,707 [INFO] ApiDb:423 - Load user favorites file C:\Users\vermi/.stm32cubeide/favorites.mcus.txt: 2 item(s)
2024-11-30 22:05:17,707 [INFO] ApiDb:427 - User favorites MCUs=[STM32F405RGT6, STM32F446RET6]
2024-11-30 22:05:17,708 [INFO] DbMcus:224 - Set 2 / 2 favorites MCUs
2024-11-30 22:05:18,139 [INFO] ApiDb:668 - CubeFinder database Data Model version=2.1
2024-11-30 22:05:18,139 [INFO] ApiDb:669 - CubeFinder database Configuration version=3.0.39
2024-11-30 22:05:18,139 [INFO] ApiDb:670 - CubeFinder database generation date=2024-11-21 (1732182206)
2024-11-30 22:05:18,139 [INFO] ApiDb:671 - CubeFinder database FW Pack versions=[FP-ATR-ASTRA1_V2.0.0, FP-SNS-FLIGHT1_V5.0.2, FP-SNS-MOTENV1_V5.0.0, FP-SNS-MOTENVWB1_V1.4.0, FP-SNS-SMARTAG2_V1.2.0, FP-SNS-STBOX1_V2.0.0, STM32Cube_FW_C0_V1.3.0, STM32Cube_FW_F4_V1.28.1, STM32Cube_FW_F7_V1.17.2, STM32Cube_FW_G0_V1.6.2, STM32Cube_FW_G4_V1.6.1, STM32Cube_FW_H5_V1.4.0, STM32Cube_FW_H7RS_V1.1.0, STM32Cube_FW_H7_V1.12.0, STM32Cube_FW_L0_V1.12.2, STM32Cube_FW_L4_V1.18.1, STM32Cube_FW_L5_V1.5.1, STM32Cube_FW_N6_V1.0.0, STM32Cube_FW_U0_V1.2.0, STM32Cube_FW_U3_V1.0.0, STM32Cube_FW_U5_V1.7.0, STM32Cube_FW_WB0_V1.1.0, STM32Cube_FW_WBA_V1.5.0, STM32Cube_FW_WB_V1.21.0, STM32Cube_FW_WL3_V1.0.0, STM32Cube_FW_WL_V1.3.0, X-CUBE-ALGOBUILD_V1.4.0, X-CUBE-ALS_V1.0.2, X-CUBE-AZRTOS-F4_V1.1.0, X-CUBE-AZRTOS-F7_V1.1.0, X-CUBE-AZRTOS-G0_V1.1.0, X-CUBE-AZRTOS-G4_V2.0.0, X-CUBE-AZRTOS-H7RS_V1.0.0, X-CUBE-AZRTOS-H7_V3.3.0, X-CUBE-AZRTOS-L4_V2.0.0, X-CUBE-AZRTOS-L5_V2.0.0, X-CUBE-AZRTOS-WB_V2.0.0, X-CUBE-AZRTOS-WL_V2.0.0, X-CUBE-BLE1_V7.0.0, X-CUBE-BLE2_V3.3.0, X-CUBE-BLEMGR_V3.1.0, X-CUBE-EEPRMA1_V5.1.0, X-CUBE-FREERTOS_V1.2.0, X-CUBE-GNSS1_V6.0.0, X-CUBE-MEMS1_V11.0.0, X-CUBE-NFC4_V3.0.0, X-CUBE-NFC7_V1.0.1, X-CUBE-SFXS2LP1_V4.0.0, X-CUBE-SUBG2_V5.0.0, X-CUBE-TOF1_V3.4.2]
2024-11-30 22:05:18,215 [INFO] DbBoardsSqlite:226 - include board P-NUCLEO-WB55-NUCLEO as a kit item of type 'Nucleo-64'
2024-11-30 22:05:18,216 [INFO] DbBoardsSqlite:226 - include board P-NUCLEO-WB55-USBDONGLE as a kit item of type 'Nucleo USB Dongle'
2024-11-30 22:05:18,216 [INFO] DbBoardsSqlite:226 - include board STEVAL-IDP005V1 as a kit item of type 'Evaluation Board'
2024-11-30 22:05:18,216 [INFO] DbBoardsSqlite:226 - include board STEVAL-IDP005V2 as a kit item of type 'Evaluation Board'
2024-11-30 22:05:18,347 [INFO] ApiDb:240 - Found 646 in-development CPN: [B-G473E-ZEST1S, B-WB1M-WPAN1, B-WL5M-SUBG1, NUCLEO-C031C6, NUCLEO-C071RB, NUCLEO-H503RB, NUCLEO-H533RE, NUCLEO-H563ZI, NUCLEO-H7S3L8, NUCLEO-U031R8, NUCLEO-U083RC, NUCLEO-U545RE-Q, NUCLEO-U5A5ZJ-Q, NUCLEO-WB05KZ, NUCLEO-WB07CC, NUCLEO-WB09KE, NUCLEO-WBA52CG, NUCLEO-WBA55CG, STEVAL-PROTEUS1, STEVAL-SMARTAG2, STEVAL-STWINBX1, STM320518-EVAL, STM32C0116-DK, STM32C011D6Y3TR, STM32C011D6Y6TR, STM32C011F4P3, STM32C011F4P6, STM32C011F4U3, STM32C011F4U6TR, STM32C011F6P3, STM32C011F6P6, STM32C011F6U3, STM32C011F6U6TR, STM32C011J4M3, STM32C011J4M6, STM32C011J6M3, STM32C011J6M6, STM32C0316-DK, STM32C031C4T3, STM32C031C4T6, STM32C031C4U3, STM32C031C4U6, STM32C031C6T3, STM32C031C6T6, STM32C031C6U3, STM32C031C6U6, STM32C031F4P3, STM32C031F4P6, STM32C031F6P3, STM32C031F6P6, STM32C031G4U3, STM32C031G4U6, STM32C031G6U3, STM32C031G6U6, STM32C031K4T3, STM32C031K4T6, STM32C031K4U3, STM32C031K4U6, STM32C031K6T3, STM32C031K6T6, STM32C031K6U3, STM32C031K6U6, STM32C071C8T6, STM32C071C8T6N, STM32C071C8U6, STM32C071C8U6N, STM32C071CBT6, STM32C071CBT6N, STM32C071CBU6, STM32C071CBU6N, STM32C071F8P6, STM32C071F8P6N, STM32C071FBP6, STM32C071FBP6N, STM32C071FBY6TR, STM32C071G8U6, STM32C071G8U6N, STM32C071GBU6, STM32C071GBU6N, STM32C071K8T6, STM32C071K8T6N, STM32C071K8U6, STM32C071K8U6N, STM32C071KBT6, STM32C071KBT6N, STM32C071KBU6, STM32C071KBU6N, STM32C071R8T6, STM32C071R8T6N, STM32C071RBI6N, STM32C071RBT6, STM32C071RBT6N, STM32G071K8TXN, STM32G071K8UXN, STM32G081GBU6N, STM32G081KBT6N, STM32G081KBUXN, STM32G0B1CCT6N, STM32G0B1KCT6, STM32G0B1NEY6TR, STM32G0B1RCT6N, STM32G0C1CCT6, STM32G0C1CCT6N, STM32G0C1CCU6N, STM32G0C1CET6N, STM32G0C1CEU6N, STM32G0C1KCT6, STM32G0C1NEY6TR, STM32G0C1RCI6N, STM32G0C1RCT6N, STM32G0C1REI6N, STM32G0C1RET6N, STM32G0C1VCI6, STM32G0C1VEI6, STM32G411C6T3, STM32G411C6T6, STM32G411C6U3, STM32G411C6U6, STM32G411C8T3, STM32G411C8T6, STM32G411C8U3, STM32G411C8U6, STM32G411CBT3, STM32G411CBT6, STM32G411CBU3, STM32G411CBU6, STM32G411K6T3, STM32G411K6T6, STM32G411K6U3, STM32G411K6U6, STM32G411K8T3, STM32G411K8T6, STM32G411K8U3, STM32G411K8U6, STM32G411KBT3, STM32G411KBT6, STM32G411KBU3, STM32G411KBU6, STM32G411M6T3, STM32G411M6T6, STM32G411M8T3, STM32G411M8T6, STM32G411MBT3, STM32G411MBT6, STM32G411R6T3, STM32G411R6T6, STM32G411R8T3, STM32G411R8T6, STM32G411RBT3, STM32G411RBT6, STM32G414CBT3, STM32G414CBT6, STM32G414CBU3, STM32G414CBU6, STM32G414CCT3, STM32G414CCT6, STM32G414CCU3, STM32G414CCU6, STM32G414MBT3, STM32G414MBT6, STM32G414MCT3, STM32G414MCT6, STM32G414RBT3, STM32G414RBT6, STM32G414RCT3, STM32G414RCT6, STM32G414VBT3, STM32G414VBT6, STM32G414VCT3, STM32G414VCT6, STM32G431CBT3Z, STM32G431RBT3Z, STM32G471CCT6, STM32G471CCU6, STM32G471CET3, STM32G471CET6, STM32G471CEU3, STM32G471CEU6, STM32G471MCT6, STM32G471MET3, STM32G471MET6, STM32G471MEY6TR, STM32G471QCT6, STM32G471QET3, STM32G471RCT6, STM32G471RET3, STM32G471RET6, STM32G471VCH6, STM32G471VCI6, STM32G471VCT6, STM32G471VEH3, STM32G471VEH6, STM32G471VEI3, STM32G471VEI6, STM32G471VET3, STM32G471VET6, STM32G473QET3Z, STM32G473RET3Z, STM32G474CCT6, STM32G491RET3Z, STM32H503CBT6, STM32H503CBU6, STM32H503EBY6TR, STM32H503KBU6, STM32H503RBT6, STM32H523CCT6, STM32H523CCU6, STM32H523CET6, STM32H523CEU6, STM32H523HEY6TR, STM32H523RCT6, STM32H523RET6, STM32H523VCI6, STM32H523VCT6, STM32H523VEI6, STM32H523VET6, STM32H523ZCJ6, STM32H523ZCT6, STM32H523ZEJ6, STM32H523ZET6, STM32H533CET6, STM32H533CEU6, STM32H533HEY6TR, STM32H533RET6, STM32H533VEI6, STM32H533VET6, STM32H533ZEJ6, STM32H533ZET6, STM32H562AGI6, STM32H562AII6, STM32H562IGK6, STM32H562IGT6, STM32H562IIK6, STM32H562IIT6, STM32H562RGT6, STM32H562RGV6, STM32H562RIT6, STM32H562RIV6, STM32H562VGT6, STM32H562VIT6, STM32H562ZGT6, STM32H562ZIT6, STM32H563AGI6, STM32H563AII3Q, STM32H563AII6, STM32H563IGK6, STM32H563IGT6, STM32H563IIK3Q, STM32H563IIK6, STM32H563IIT3Q, STM32H563IIT6, STM32H563MIY3QTR, STM32H563RGT6, STM32H563RGV6, STM32H563RIT6, STM32H563RIV6, STM32H563VGT6, STM32H563VIT3Q, STM32H563VIT6, STM32H563ZGT6, STM32H563ZIT3Q, STM32H563ZIT6, STM32H573AII3Q, STM32H573AII6, STM32H573I-DK, STM32H573IIK3Q, STM32H573IIK6, STM32H573IIT3Q, STM32H573IIT6, STM32H573MIY3QTR, STM32H573RIT6, STM32H573RIV6, STM32H573VIT3Q, STM32H573VIT6, STM32H573ZIT3Q, STM32H573ZIT6, STM32H7R3A8I6, STM32H7R3I8K6, STM32H7R3I8T6, STM32H7R3L8H6, STM32H7R3L8H6H, STM32H7R3R8V6, STM32H7R3V8H6, STM32H7R3V8T6, STM32H7R3V8Y6TR, STM32H7R3Z8J6, STM32H7R3Z8T6, STM32H7R7A8I6, STM32H7R7I8K6, STM32H7R7I8T6, STM32H7R7L8H6, STM32H7R7L8H6H, STM32H7R7Z8J6, STM32H7S3A8I6, STM32H7S3I8K6, STM32H7S3I8T6, STM32H7S3L8H6, STM32H7S3L8H6H, STM32H7S3R8V6, STM32H7S3V8H6, STM32H7S3V8T6, STM32H7S3V8Y6TR, STM32H7S3Z8J6, STM32H7S3Z8T6, STM32H7S78-DK, STM32H7S7A8I6, STM32H7S7I8K6, STM32H7S7I8T6, STM32H7S7L8H6, STM32H7S7L8H6H, STM32H7S7Z8J6, STM32L4R5QGI6STR, STM32MP131AAE3, STM32MP131AAF3, STM32MP131AAG3, STM32MP131CAE3, STM32MP131CAF3, STM32MP131CAG3, STM32MP131DAE7, STM32MP131DAF7, STM32MP131DAG7, STM32MP131FAE7, STM32MP131FAF7, STM32MP131FAG7, STM32MP133AAE3, STM32MP133AAF3, STM32MP133AAG3, STM32MP133CAE3, STM32MP133CAF3, STM32MP133CAG3, STM32MP133DAE7, STM32MP133DAF7, STM32MP133DAG7, STM32MP133FAE7, STM32MP133FAF7, STM32MP133FAG7, STM32MP135AAE3, STM32MP135AAF3, STM32MP135AAG3, STM32MP135CAE3, STM32MP135CAF3, STM32MP135CAG3, STM32MP135DAE7, STM32MP135DAF7, STM32MP135DAG7, STM32MP135F-DK, STM32MP135FAE7, STM32MP135FAF7, STM32MP135FAF7T, STM32MP135FAF7U, STM32MP135FAG7, STM32MP251AAI3, STM32MP251AAK3, STM32MP251AAL3, STM32MP251CAI3, STM32MP251CAK3, STM32MP251CAL3, STM32MP251DAI3, STM32MP251DAK3, STM32MP251DAL3, STM32MP251FAI3, STM32MP251FAK3, STM32MP251FAL3, STM32MP253AAI3, STM32MP253AAK3, STM32MP253AAL3, STM32MP253CAI3, STM32MP253CAK3, STM32MP253CAL3, STM32MP253DAI3, STM32MP253DAK3, STM32MP253DAL3, STM32MP253FAI3, STM32MP253FAK3, STM32MP253FAL3, STM32MP255AAI3, STM32MP255AAK3, STM32MP255AAL3, STM32MP255CAI3, STM32MP255CAK3, STM32MP255CAL3, STM32MP255DAI3, STM32MP255DAK3, STM32MP255DAL3, STM32MP255FAI3, STM32MP255FAK3, STM32MP255FAL3, STM32MP257AAI3, STM32MP257AAK3, STM32MP257AAL3, STM32MP257CAI3, STM32MP257CAK3, STM32MP257CAL3, STM32MP257DAI3, STM32MP257DAK3, STM32MP257DAL3, STM32MP257F-DK, STM32MP257F-EV1, STM32MP257FAI3, STM32MP257FAK3, STM32MP257FAL3, STM32U031C6T6, STM32U031C6U6, STM32U031C8T6, STM32U031C8U6, STM32U031F4P6, STM32U031F6P6, STM32U031F8P6, STM32U031G6Y6TR, STM32U031G8Y6TR, STM32U031K4U6, STM32U031K6U6, STM32U031K8U6, STM32U031R6I6, STM32U031R6T6, STM32U031R8I6, STM32U031R8T6, STM32U073C8T6, STM32U073C8U6, STM32U073CBT6, STM32U073CBU6, STM32U073CCT6, STM32U073CCU6, STM32U073H8Y6TR, STM32U073HBY6TR, STM32U073HCY6TR, STM32U073K8U6, STM32U073KBU6, STM32U073KCU6, STM32U073M8I6, STM32U073M8T6, STM32U073MBI6, STM32U073MBT6, STM32U073MCI6, STM32U073MCT6, STM32U073R8I6, STM32U073R8T6, STM32U073RBI6, STM32U073RBT6, STM32U073RCI6, STM32U073RCT6, STM32U083C-DK, STM32U083CCT6, STM32U083CCU6, STM32U083HCY6TR, STM32U083KCU6, STM32U083MCI6, STM32U083MCT6, STM32U083RCI6, STM32U083RCT6, STM32U535CBT6, STM32U535CBT6Q, STM32U535CBU6, STM32U535CBU6Q, STM32U535CCT6, STM32U535CCT6Q, STM32U535CCU6, STM32U535CCU6Q, STM32U535CET6, STM32U535CET6Q, STM32U535CEU6, STM32U535CEU6Q, STM32U535JEY6QTR, STM32U535NCY6QTR, STM32U535NEY6QTR, STM32U535RBI6, STM32U535RBI6Q, STM32U535RBT6, STM32U535RBT6Q, STM32U535RCI6, STM32U535RCI6Q, STM32U535RCT6, STM32U535RCT6Q, STM32U535REI6, STM32U535REI6Q, STM32U535RET6, STM32U535RET6Q, STM32U535VCI6, STM32U535VCI6Q, STM32U535VCT6, STM32U535VCT6Q, STM32U535VEI6, STM32U535VEI6Q, STM32U535VET6, STM32U535VET6Q, STM32U545CET6, STM32U545CET6Q, STM32U545CEU6, STM32U545CEU6Q, STM32U545JEY6QTR, STM32U545NEY6QTR, STM32U545REI6, STM32U545REI6Q, STM32U545RET6, STM32U545RET6Q, STM32U545VEI6, STM32U545VEI6Q, STM32U545VET6, STM32U545VET6Q, STM32U595AIH6, STM32U595AIH6Q, STM32U595AJH6, STM32U595AJH6Q, STM32U595QII6, STM32U595QII6Q, STM32U595QJI6, STM32U595QJI6Q, STM32U595RIT6, STM32U595RIT6Q, STM32U595RJT6, STM32U595RJT6Q, STM32U595VIT6, STM32U595VIT6Q, STM32U595VJT6, STM32U595VJT6Q, STM32U595ZIT6, STM32U595ZIT6Q, STM32U595ZIY6QTR, STM32U595ZJT6, STM32U595ZJT6Q, STM32U595ZJY6QTR, STM32U599BJY6QTR, STM32U599NIH6Q, STM32U599NJH6Q, STM32U599VIT6Q, STM32U599VJT6, STM32U599VJT6Q, STM32U599ZIT6Q, STM32U599ZIY6QTR, STM32U599ZJT6Q, STM32U599ZJY6QTR, STM32U5A5AJH6, STM32U5A5AJH6Q, STM32U5A5QII3Q , STM32U5A5QJI6, STM32U5A5QJI6Q, STM32U5A5RJT6, STM32U5A5RJT6Q, STM32U5A5VJT6, STM32U5A5VJT6Q, STM32U5A5ZJT6, STM32U5A5ZJT6Q, STM32U5A5ZJY6QTR, STM32U5A9BJY6QTR, STM32U5A9J-DK, STM32U5A9NJH6Q, STM32U5A9VJT6Q, STM32U5A9ZJT6Q, STM32U5A9ZJY6QTR, STM32U5F7VIT6, STM32U5F7VIT6Q, STM32U5F7VJT6, STM32U5F7VJT6Q, STM32U5F9BJY6QTR, STM32U5F9NJH6Q, STM32U5F9VIT6Q, STM32U5F9VJT6Q, STM32U5F9ZIJ6QTR, STM32U5F9ZIT6Q, STM32U5F9ZJJ6QTR, STM32U5F9ZJT6Q, STM32U5G7VJT6, STM32U5G7VJT6Q, STM32U5G9BJY6QTR, STM32U5G9J-DK1, STM32U5G9J-DK2, STM32U5G9NJH6Q, STM32U5G9VJT6Q, STM32U5G9ZJJ6QTR, STM32U5G9ZJT6Q, STM32WB05KZV6TR, STM32WB05KZV7TR, STM32WB05TZF6TR, STM32WB05TZF7TR, STM32WB06CCF6TR, STM32WB06CCF7TR, STM32WB06CCV6TR, STM32WB06CCV7TR, STM32WB06KCV6TR, STM32WB06KCV7TR, STM32WB07CCF6TR, STM32WB07CCF7TR, STM32WB07CCV6TR, STM32WB07CCV7TR, STM32WB07KCV6TR, STM32WB07KCV7TR, STM32WB09KEV6TR, STM32WB09KEV7TR, STM32WB09TEF6TR, STM32WB09TEF7TR, STM32WB1MMCH6, STM32WBA50KGU6, STM32WBA50KGU6TR, STM32WBA52CEU6, STM32WBA52CEU6TR, STM32WBA52CEU7, STM32WBA52CEU7TR, STM32WBA52CGU6, STM32WBA52CGU6TR, STM32WBA52CGU6U, STM32WBA52CGU7, STM32WBA52CGU7TR, STM32WBA52KEU6, STM32WBA52KEU6TR, STM32WBA52KGU6, STM32WBA52KGU6TR, STM32WBA54CEU6, STM32WBA54CEU6TR, STM32WBA54CEU7, STM32WBA54CEU7TR, STM32WBA54CGU6, STM32WBA54CGU6TR, STM32WBA54CGU7, STM32WBA54CGU7TR, STM32WBA54KEU6, STM32WBA54KEU6TR, STM32WBA54KEU7, STM32WBA54KEU7TR, STM32WBA54KGU6, STM32WBA54KGU6TR, STM32WBA54KGU7, STM32WBA54KGU7TR, STM32WBA55CEU6, STM32WBA55CEU6TR, STM32WBA55CEU7, STM32WBA55CEU7TR, STM32WBA55CGU6, STM32WBA55CGU6TR, STM32WBA55CGU6U, STM32WBA55CGU7, STM32WBA55CGU7TR, STM32WBA55G-DK1, STM32WBA55HEF6, STM32WBA55HEF7, STM32WBA55HGF6, STM32WBA55HGF7, STM32WBA55UEI6, STM32WBA55UEI6TR, STM32WBA55UEI7, STM32WBA55UEI7TR, STM32WBA55UGI6, STM32WBA55UGI6TR, STM32WBA55UGI7, STM32WBA55UGI7TR, STM32WL5MOCH6, STM32WL5MOCH6TR]
2024-11-30 22:05:18,627 [INFO] BoardInfo:889 - No configuration file found for board P-NUCLEO-WB55
2024-11-30 22:05:18,627 [INFO] DbBoards:161 - Kit is not supported: P-NUCLEO-WB55
2024-11-30 22:05:18,634 [INFO] BoardInfo:889 - No configuration file found for board STEVAL-BFA001V1B
2024-11-30 22:05:18,636 [INFO] DbBoards:161 - Kit is not supported: STEVAL-BFA001V1B
2024-11-30 22:05:18,638 [INFO] BoardInfo:889 - No configuration file found for board STEVAL-BFA001V2B
2024-11-30 22:05:18,638 [INFO] DbBoards:161 - Kit is not supported: STEVAL-BFA001V2B
2024-11-30 22:05:18,873 [INFO] DbBoards:168 - Found 201 boards, 198 are supported
2024-11-30 22:05:18,873 [INFO] DbBoards:169 - Found 201 boards, 25 of them is supported for  Bsp
2024-11-30 22:05:18,875 [INFO] ApiDb:414 - User favorites file not found: C:\Users\vermi/.stm32cubeide/favorites.boards.txt
2024-11-30 22:05:18,875 [INFO] DbBoards:198 - Set 0 / 0 favorites Boards
2024-11-30 22:05:18,876 [INFO] ApiDb:668 - CubeFinder database Data Model version=2.1
2024-11-30 22:05:18,877 [INFO] ApiDb:669 - CubeFinder database Configuration version=3.0.39
2024-11-30 22:05:18,877 [INFO] ApiDb:670 - CubeFinder database generation date=2024-11-21 (1732182206)
2024-11-30 22:05:18,877 [INFO] ApiDb:671 - CubeFinder database FW Pack versions=[FP-ATR-ASTRA1_V2.0.0, FP-SNS-FLIGHT1_V5.0.2, FP-SNS-MOTENV1_V5.0.0, FP-SNS-MOTENVWB1_V1.4.0, FP-SNS-SMARTAG2_V1.2.0, FP-SNS-STBOX1_V2.0.0, STM32Cube_FW_C0_V1.3.0, STM32Cube_FW_F4_V1.28.1, STM32Cube_FW_F7_V1.17.2, STM32Cube_FW_G0_V1.6.2, STM32Cube_FW_G4_V1.6.1, STM32Cube_FW_H5_V1.4.0, STM32Cube_FW_H7RS_V1.1.0, STM32Cube_FW_H7_V1.12.0, STM32Cube_FW_L0_V1.12.2, STM32Cube_FW_L4_V1.18.1, STM32Cube_FW_L5_V1.5.1, STM32Cube_FW_N6_V1.0.0, STM32Cube_FW_U0_V1.2.0, STM32Cube_FW_U3_V1.0.0, STM32Cube_FW_U5_V1.7.0, STM32Cube_FW_WB0_V1.1.0, STM32Cube_FW_WBA_V1.5.0, STM32Cube_FW_WB_V1.21.0, STM32Cube_FW_WL3_V1.0.0, STM32Cube_FW_WL_V1.3.0, X-CUBE-ALGOBUILD_V1.4.0, X-CUBE-ALS_V1.0.2, X-CUBE-AZRTOS-F4_V1.1.0, X-CUBE-AZRTOS-F7_V1.1.0, X-CUBE-AZRTOS-G0_V1.1.0, X-CUBE-AZRTOS-G4_V2.0.0, X-CUBE-AZRTOS-H7RS_V1.0.0, X-CUBE-AZRTOS-H7_V3.3.0, X-CUBE-AZRTOS-L4_V2.0.0, X-CUBE-AZRTOS-L5_V2.0.0, X-CUBE-AZRTOS-WB_V2.0.0, X-CUBE-AZRTOS-WL_V2.0.0, X-CUBE-BLE1_V7.0.0, X-CUBE-BLE2_V3.3.0, X-CUBE-BLEMGR_V3.1.0, X-CUBE-EEPRMA1_V5.1.0, X-CUBE-FREERTOS_V1.2.0, X-CUBE-GNSS1_V6.0.0, X-CUBE-MEMS1_V11.0.0, X-CUBE-NFC4_V3.0.0, X-CUBE-NFC7_V1.0.1, X-CUBE-SFXS2LP1_V4.0.0, X-CUBE-SUBG2_V5.0.0, X-CUBE-TOF1_V3.4.2]
2024-11-30 22:05:20,502 [ERROR] DbExamplesSqlite:437 - Missing JSON key: board_cpn
2024-11-30 22:05:20,502 [ERROR] DbExamplesSqlite:437 - Missing JSON key: board_cpn
2024-11-30 22:05:20,513 [ERROR] DbExamplesSqlite:437 - Missing JSON key: board_cpn
2024-11-30 22:05:20,522 [ERROR] DbExamplesSqlite:437 - Missing JSON key: board_cpn
2024-11-30 22:05:20,746 [ERROR] DbExamplesSqlite:437 - Missing JSON key: board_cpn
2024-11-30 22:05:20,746 [ERROR] DbExamplesSqlite:437 - Missing JSON key: board_cpn
2024-11-30 22:05:20,746 [ERROR] DbExamplesSqlite:437 - Missing JSON key: board_cpn
2024-11-30 22:05:20,747 [ERROR] DbExamplesSqlite:437 - Missing JSON key: board_cpn
2024-11-30 22:05:20,747 [ERROR] DbExamplesSqlite:437 - Missing JSON key: board_cpn
2024-11-30 22:05:20,748 [ERROR] DbExamplesSqlite:437 - Missing JSON key: board_cpn
2024-11-30 22:05:20,748 [ERROR] DbExamplesSqlite:437 - Missing JSON key: board_cpn
2024-11-30 22:05:20,748 [ERROR] DbExamplesSqlite:437 - Missing JSON key: board_cpn
2024-11-30 22:05:20,748 [ERROR] DbExamplesSqlite:437 - Missing JSON key: board_cpn
2024-11-30 22:05:20,972 [INFO] DbExamplesSqlite:395 - Ignored 77 examples not supported by CubeIDE
2024-11-30 22:05:20,973 [INFO] DbExamplesSqlite:396 - Found 10474 examples active
2024-11-30 22:05:20,973 [INFO] DbExamplesSqlite:397 - Found 0 examples obsolete
2024-11-30 22:05:20,973 [INFO] DbExamplesSqlite:398 - Found 0 examples under development
2024-11-30 22:05:20,974 [INFO] DbExamplesSqlite:399 - Found 43 examples not building
2024-11-30 22:05:20,976 [INFO] DbExamples:125 - Found 10440 examples
2024-11-30 22:05:21,164 [ERROR] DbExamples:208 - Found 682 examples with invalid data (board or MCU)
2024-11-30 22:05:21,164 [INFO] DbExamples:222 - Found 124 boards with related examples
2024-11-30 22:05:21,165 [INFO] DbExamples:235 - Found 105 MCUs with related examples
2024-11-30 22:05:21,183 [INFO] ApiDb:414 - User favorites file not found: C:\Users\vermi/.stm32cubeide/favorites.examples.txt
2024-11-30 22:05:21,183 [INFO] DbExamples:250 - Set 0 / 0 favorites Examples
2024-11-30 22:05:21,743 [INFO] McuFinderGlobals:76 - Set McuFinderConnectedMode to true
2024-11-30 22:05:21,757 [INFO] MultiScanPanel:200 - Auto-refresh data requested => check proxy status ongoing
2024-11-30 22:05:21,759 [INFO] FinderPluginLoader:95 - Searching for filters in installed packs
2024-11-30 22:05:24,785 [INFO] LoadUrlFilesThread:185 - End of LoadServerUrlFiles without Thread
2024-11-30 22:05:24,830 [INFO] DetailPanel:341 - Set advertising image to C:/Users/vermi/STM32Cube/Repository/\en.prom-stm32c071-usb-memories-mcu-finder.png
2024-11-30 22:08:49,367 [INFO] McuResultTable:1403 - Mark MCU STM32F407VET6 as favorite
2024-11-30 22:11:09,960 [INFO] MainUpdater:2873 - connection check result : 10
2024-11-30 22:11:09,961 [INFO] MainUpdater:2873 - connection check result : 10
2024-11-30 22:11:10,159 [INFO] RulesReader:64 - Compatibility file has been processed (297 Rules)
2024-11-30 22:11:10,166 [INFO] RulesReader:64 - Compatibility file has been processed (297 Rules)
2024-11-30 22:11:10,184 [INFO] MicroXplorer:468 - Change Database Path : 
2024-11-30 22:11:10,184 [INFO] MicroXplorer:498 - Change Database Version : DB.6.0.121
2024-11-30 22:11:10,190 [WARN] ThirdParty:871 - waiting for thirdparty lock release [close project]
2024-11-30 22:11:10,190 [INFO] ThirdParty:873 - entering critical section [close project]
2024-11-30 22:11:10,191 [INFO] ThirdParty:883 - exiting critical section [close project]
2024-11-30 22:11:10,200 [INFO] PinOutPanel:1561 - setPackage(No Configuration,No Configuration)
2024-11-30 22:11:10,205 [INFO] UtilMem:75 - Begin LoadConfig() Used Memory: 904703816 Bytes (1073741824)
2024-11-30 22:11:10,210 [INFO] MicroXplorer:468 - Change Database Path : 
2024-11-30 22:11:10,210 [INFO] MicroXplorer:498 - Change Database Version : DB.6.0.121
2024-11-30 22:11:10,211 [INFO] OpenFileManager:332 - Change cursor
2024-11-30 22:11:10,483 [INFO] Mcu:2032 - Initializing MCU STM32F407VETx STM32F407VETx STM32F407VET6
2024-11-30 22:11:14,518 [INFO] Context:742 - Trying to add GPIOservice into a context  which must be forbidden
2024-11-30 22:11:15,495 [INFO] ImportTextPane:205 - (OptionalMessage_ERROR) Unable to find key (Mcu.ThirdPartyNb) in loaded IOC file
2024-11-30 22:11:15,496 [INFO] ImportTextPane:205 - (OptionalMessage_ERROR) Unable to find key (Mcu.PinsNb) in loaded IOC file
2024-11-30 22:11:15,496 [INFO] ImportTextPane:205 - (OptionalMessage_ERROR) Unable to find key (Mcu.IPNb) in loaded IOC file
2024-11-30 22:11:15,679 [WARN] ModelIntegratedComponent:63 - No mode defined for component null
2024-11-30 22:11:15,679 [WARN] ModelIntegratedComponent:63 - No mode defined for component null
2024-11-30 22:11:15,679 [WARN] ModelIntegratedComponent:63 - No mode defined for component null
2024-11-30 22:11:15,679 [WARN] ModelIntegratedComponent:63 - No mode defined for component null
2024-11-30 22:11:15,679 [WARN] ModelIntegratedComponent:63 - No mode defined for component null
2024-11-30 22:11:15,679 [WARN] ModelIntegratedComponent:63 - No mode defined for component null
2024-11-30 22:11:15,679 [WARN] ModelIntegratedComponent:63 - No mode defined for component null
2024-11-30 22:11:15,679 [WARN] ModelIntegratedComponent:63 - No mode defined for component null
2024-11-30 22:11:15,680 [WARN] ModelIntegratedComponent:63 - No mode defined for component null
2024-11-30 22:11:15,680 [WARN] ModelIntegratedComponent:63 - No mode defined for component null
2024-11-30 22:11:15,680 [WARN] ModelIntegratedComponent:63 - No mode defined for component null
2024-11-30 22:11:15,680 [WARN] ModelIntegratedComponent:63 - No mode defined for component null
2024-11-30 22:11:15,680 [WARN] ModelIntegratedComponent:63 - No mode defined for component null
2024-11-30 22:11:15,680 [WARN] ModelIntegratedComponent:63 - No mode defined for component null
2024-11-30 22:11:15,680 [WARN] ModelIntegratedComponent:63 - No mode defined for component null
2024-11-30 22:11:15,680 [WARN] ModelIntegratedComponent:63 - No mode defined for component null
2024-11-30 22:11:15,680 [WARN] ModelIntegratedComponent:63 - No mode defined for component null
2024-11-30 22:11:15,680 [WARN] ModelIntegratedComponent:63 - No mode defined for component null
2024-11-30 22:11:15,680 [WARN] ModelIntegratedComponent:63 - No mode defined for component null
2024-11-30 22:11:15,681 [WARN] ModelIntegratedComponent:63 - No mode defined for component null
2024-11-30 22:11:15,681 [WARN] ModelIntegratedComponent:63 - No mode defined for component null
2024-11-30 22:11:15,681 [WARN] ModelIntegratedComponent:63 - No mode defined for component null
2024-11-30 22:11:15,681 [WARN] ModelIntegratedComponent:63 - No mode defined for component null
2024-11-30 22:11:15,681 [WARN] ModelIntegratedComponent:63 - No mode defined for component null
2024-11-30 22:11:15,681 [WARN] ModelIntegratedComponent:63 - No mode defined for component null
2024-11-30 22:11:15,681 [WARN] ModelIntegratedComponent:63 - No mode defined for component null
2024-11-30 22:11:15,681 [WARN] ModelIntegratedComponent:63 - No mode defined for component null
2024-11-30 22:11:15,681 [WARN] ModelIntegratedComponent:63 - No mode defined for component null
2024-11-30 22:11:15,681 [WARN] ModelIntegratedComponent:63 - No mode defined for component null
2024-11-30 22:11:15,681 [WARN] ModelIntegratedComponent:63 - No mode defined for component null
2024-11-30 22:11:15,682 [WARN] ModelIntegratedComponent:63 - No mode defined for component null
2024-11-30 22:11:15,682 [WARN] ModelIntegratedComponent:63 - No mode defined for component null
2024-11-30 22:11:15,682 [WARN] ModelIntegratedComponent:63 - No mode defined for component null
2024-11-30 22:11:15,682 [WARN] ModelIntegratedComponent:63 - No mode defined for component null
2024-11-30 22:11:15,682 [WARN] ModelIntegratedComponent:63 - No mode defined for component null
2024-11-30 22:11:15,682 [WARN] ModelPack:524 - Component already loaded: STMicroelectronics:HAL Drivers:0.0.0:STMicroelectronics:Device:STMicro_Driver:XSPI:HAL::0.0.1:HAL_XSPI
2024-11-30 22:11:15,695 [INFO] RtosManager:555 - Registered RTOS mode: class=CMSIS, group=RTOS, mode=CMSIS_V1, owner=FREERTOS
2024-11-30 22:11:15,695 [INFO] RtosManager:555 - Registered RTOS mode: class=CMSIS, group=RTOS2, mode=CMSIS_V2, owner=FREERTOS
2024-11-30 22:11:15,696 [INFO] RtosManager:555 - Registered RTOS mode: class=RTOS, group=Core, mode=CMSIS_V1, owner=FREERTOS
2024-11-30 22:11:15,696 [INFO] RtosManager:555 - Registered RTOS mode: class=RTOS, group=Core, mode=CMSIS_V2, owner=FREERTOS
2024-11-30 22:11:15,696 [WARN] ModelIntegratedComponent:184 - Missing modes for component STMicroelectronics:FreeRTOS:0.0.1:STMicroelectronics:RTOS:FreeRTOS:Core:::10.2.0:
2024-11-30 22:11:15,710 [INFO] ThirdPartyModel:298 - Start build external matchings
2024-11-30 22:11:15,733 [INFO] ThirdPartyModel:316 - End build external matchings
2024-11-30 22:11:16,680 [INFO] UtilMem:75 - End LoadConfig() Used Memory: 851634560 Bytes (1073741824)
2024-11-30 22:11:16,802 [WARN] ThirdParty:833 - waiting for thirdparty lock release [change project]
2024-11-30 22:11:16,803 [INFO] ThirdParty:835 - entering critical section [change project]
2024-11-30 22:11:16,803 [INFO] ThirdParty:1030 - CMSIS Pack Vendor :STMicroelectronics USBPD 4.1
2024-11-30 22:11:16,803 [INFO] ThirdParty:1030 - CMSIS Pack Vendor :STMicroelectronics X-CUBE-DISPLAY 3.0.0
2024-11-30 22:11:16,803 [INFO] ThirdParty:1030 - CMSIS Pack Vendor :STMicroelectronics USB_HOST 2.0.0
2024-11-30 22:11:16,803 [INFO] ThirdParty:1030 - CMSIS Pack Vendor :STMicroelectronics FP-SNS-MOTENVWB1 1.4.0
2024-11-30 22:11:16,803 [INFO] ThirdParty:1030 - CMSIS Pack Vendor :STMicroelectronics LIBJPEG 8.0.0
2024-11-30 22:11:16,803 [INFO] ThirdParty:1030 - CMSIS Pack Vendor :STMicroelectronics X-CUBE-BLE1 7.0.0
2024-11-30 22:11:16,806 [INFO] ThirdParty:1030 - CMSIS Pack Vendor :STMicroelectronics FP-ATR-SIGFOX1 3.2.0
2024-11-30 22:11:16,806 [INFO] ThirdParty:1030 - CMSIS Pack Vendor :STMicroelectronics USB_DEVICE 3.0.0
2024-11-30 22:11:16,806 [INFO] ThirdParty:1030 - CMSIS Pack Vendor :STMicroelectronics X-CUBE-EEPRMA1 5.1.0
2024-11-30 22:11:16,806 [INFO] ThirdParty:1030 - CMSIS Pack Vendor :STMicroelectronics HAL Drivers 0.0.0
2024-11-30 22:11:16,806 [INFO] ThirdParty:1030 - CMSIS Pack Vendor :STMicroelectronics MBEDTLS 2.16.2
2024-11-30 22:11:16,807 [INFO] ThirdParty:1030 - CMSIS Pack Vendor :STMicroelectronics X-CUBE-FREERTOS 1.2.0
2024-11-30 22:11:16,807 [INFO] ThirdParty:1030 - CMSIS Pack Vendor :STMicroelectronics X-CUBE-ALS 1.0.2
2024-11-30 22:11:16,807 [INFO] ThirdParty:1030 - CMSIS Pack Vendor :STMicroelectronics MBEDTLS 2.14.1
2024-11-30 22:11:16,807 [INFO] ThirdParty:1030 - CMSIS Pack Vendor :STMicroelectronics USB_DEVICE 2.0.0
2024-11-30 22:11:16,807 [INFO] ThirdParty:1030 - CMSIS Pack Vendor :STMicroelectronics X-CUBE-BLEMGR 3.1.0
2024-11-30 22:11:16,807 [INFO] ThirdParty:1030 - CMSIS Pack Vendor :STMicroelectronics ThreadX 1.0.0
2024-11-30 22:11:16,807 [INFO] ThirdParty:1030 - CMSIS Pack Vendor :STMicroelectronics FP-SNS-SMARTAG2 1.2.0
2024-11-30 22:11:16,807 [INFO] ThirdParty:1030 - CMSIS Pack Vendor :STMicroelectronics FreeRTOS 0.0.1
2024-11-30 22:11:16,807 [INFO] ThirdParty:1030 - CMSIS Pack Vendor :STMicroelectronics FP-SNS-MOTENV1 5.0.0
2024-11-30 22:11:16,807 [INFO] ThirdParty:1030 - CMSIS Pack Vendor :STMicroelectronics USB_DEVICE 1.0.0
2024-11-30 22:11:16,808 [INFO] ThirdParty:1030 - CMSIS Pack Vendor :STMicroelectronics STM32_WPAN 1.0.0
2024-11-30 22:11:16,808 [INFO] ThirdParty:1030 - CMSIS Pack Vendor :STMicroelectronics ThreadX 0.0.2
2024-11-30 22:11:16,808 [INFO] ThirdParty:1030 - CMSIS Pack Vendor :STMicroelectronics lwIP 2.0.3
2024-11-30 22:11:16,817 [INFO] ThirdParty:1030 - CMSIS Pack Vendor :STMicroelectronics lwIP 2.1.2
2024-11-30 22:11:16,817 [INFO] ThirdParty:1030 - CMSIS Pack Vendor :STMicroelectronics FP-SNS-FLIGHT1 5.0.2
2024-11-30 22:11:16,818 [INFO] ThirdParty:1030 - CMSIS Pack Vendor :STMicroelectronics X-CUBE-BLE2 3.3.0
2024-11-30 22:11:16,818 [INFO] ThirdParty:1030 - CMSIS Pack Vendor :STMicroelectronics USB_HOST 1.0.0
2024-11-30 22:11:16,818 [INFO] ThirdParty:1030 - CMSIS Pack Vendor :STMicroelectronics PDM2PCM 3.1.0
2024-11-30 22:11:16,818 [INFO] ThirdParty:1030 - CMSIS Pack Vendor :STMicroelectronics PDM2PCM 3.2.0
2024-11-30 22:11:16,818 [INFO] ThirdParty:1030 - CMSIS Pack Vendor :STMicroelectronics PDM2PCM 3.3.0
2024-11-30 22:11:16,819 [INFO] ThirdParty:841 - exiting critical section [change project]
2024-11-30 22:11:17,827 [INFO] PinOutPanel:1561 - setPackage(No Configuration,No Configuration)
2024-11-30 22:11:17,847 [INFO] PinOutPanel:1561 - setPackage(STM32F407VETx,LQFP100)
2024-11-30 22:11:19,185 [INFO] UtilMem:75 - Before build in PCC Used Memory: 643674544 Bytes (1073741824)
2024-11-30 22:11:21,082 [INFO] UtilMem:75 - After build in PCC Used Memory: 711305648 Bytes (1073741824)
2024-11-30 22:11:21,114 [INFO] IPUIPlugin:80 - create IPUIPlugin
2024-11-30 22:11:21,114 [INFO] IPUIPlugin:80 - create IPUIPlugin
2024-11-30 22:11:21,114 [INFO] IPUIPlugin:80 - create IPUIPlugin
2024-11-30 22:11:21,114 [INFO] IPUIPlugin:80 - create IPUIPlugin
2024-11-30 22:11:21,114 [INFO] IPUIPlugin:80 - create IPUIPlugin
2024-11-30 22:11:21,114 [INFO] IPUIPlugin:80 - create IPUIPlugin
2024-11-30 22:11:21,114 [INFO] IPUIPlugin:80 - create IPUIPlugin
2024-11-30 22:11:21,122 [INFO] IPUIPlugin:80 - create IPUIPlugin
2024-11-30 22:11:21,122 [INFO] IPUIPlugin:80 - create IPUIPlugin
2024-11-30 22:11:21,122 [INFO] IPUIPlugin:80 - create IPUIPlugin
2024-11-30 22:11:21,122 [INFO] IPUIPlugin:80 - create IPUIPlugin
2024-11-30 22:11:21,122 [INFO] IPUIPlugin:80 - create IPUIPlugin
2024-11-30 22:11:21,122 [INFO] IPUIPlugin:80 - create IPUIPlugin
2024-11-30 22:11:21,122 [INFO] IPUIPlugin:80 - create IPUIPlugin
2024-11-30 22:11:21,124 [INFO] IPUIPlugin:80 - create IPUIPlugin
2024-11-30 22:11:21,124 [INFO] IPUIPlugin:80 - create IPUIPlugin
2024-11-30 22:11:21,124 [INFO] IPUIPlugin:80 - create IPUIPlugin
2024-11-30 22:11:21,124 [INFO] IPUIPlugin:80 - create IPUIPlugin
2024-11-30 22:11:21,124 [INFO] IPUIPlugin:80 - create IPUIPlugin
2024-11-30 22:11:21,125 [INFO] IPUIPlugin:80 - create IPUIPlugin
2024-11-30 22:11:21,125 [INFO] IPUIPlugin:80 - create IPUIPlugin
2024-11-30 22:11:21,125 [INFO] IPUIPlugin:80 - create IPUIPlugin
2024-11-30 22:11:21,125 [INFO] IPUIPlugin:80 - create IPUIPlugin
2024-11-30 22:11:21,125 [INFO] IPUIPlugin:80 - create IPUIPlugin
2024-11-30 22:11:21,126 [INFO] IPUIPlugin:80 - create IPUIPlugin
2024-11-30 22:11:21,126 [INFO] IPUIPlugin:80 - create IPUIPlugin
2024-11-30 22:11:21,126 [INFO] IPUIPlugin:80 - create IPUIPlugin
2024-11-30 22:11:21,127 [INFO] IPUIPlugin:80 - create IPUIPlugin
2024-11-30 22:11:21,127 [INFO] IPUIPlugin:80 - create IPUIPlugin
2024-11-30 22:11:21,127 [INFO] IPUIPlugin:80 - create IPUIPlugin
2024-11-30 22:11:21,127 [INFO] IPUIPlugin:80 - create IPUIPlugin
2024-11-30 22:11:21,127 [INFO] IPUIPlugin:80 - create IPUIPlugin
2024-11-30 22:11:21,127 [INFO] IPUIPlugin:80 - create IPUIPlugin
2024-11-30 22:11:21,127 [INFO] IPUIPlugin:80 - create IPUIPlugin
2024-11-30 22:11:21,129 [INFO] IPUIPlugin:80 - create IPUIPlugin
2024-11-30 22:11:21,129 [INFO] IPUIPlugin:80 - create IPUIPlugin
2024-11-30 22:11:21,129 [INFO] IPUIPlugin:80 - create IPUIPlugin
2024-11-30 22:11:21,130 [INFO] IPUIPlugin:80 - create IPUIPlugin
2024-11-30 22:11:21,130 [INFO] IPUIPlugin:80 - create IPUIPlugin
2024-11-30 22:11:21,130 [INFO] IPUIPlugin:80 - create IPUIPlugin
2024-11-30 22:11:21,130 [INFO] IPUIPlugin:80 - create IPUIPlugin
2024-11-30 22:11:21,131 [INFO] IPUIPlugin:80 - create IPUIPlugin
2024-11-30 22:11:21,131 [INFO] IPUIPlugin:80 - create IPUIPlugin
2024-11-30 22:11:21,131 [INFO] IPUIPlugin:80 - create IPUIPlugin
2024-11-30 22:11:21,131 [INFO] IPUIPlugin:80 - create IPUIPlugin
2024-11-30 22:11:21,132 [INFO] IPUIPlugin:80 - create IPUIPlugin
2024-11-30 22:11:21,132 [INFO] IPUIPlugin:80 - create IPUIPlugin
2024-11-30 22:11:21,132 [INFO] IPUIPlugin:80 - create IPUIPlugin
2024-11-30 22:11:21,133 [INFO] IPUIPlugin:80 - create IPUIPlugin
2024-11-30 22:11:21,133 [INFO] IPUIPlugin:80 - create IPUIPlugin
2024-11-30 22:11:21,134 [INFO] IPUIPlugin:80 - create IPUIPlugin
2024-11-30 22:11:21,134 [INFO] IPUIPlugin:80 - create IPUIPlugin
2024-11-30 22:11:21,134 [INFO] IPUIPlugin:80 - create IPUIPlugin
2024-11-30 22:11:21,135 [INFO] IPUIPlugin:80 - create IPUIPlugin
2024-11-30 22:11:21,136 [INFO] IPUIPlugin:80 - create IPUIPlugin
2024-11-30 22:11:21,136 [INFO] IPUIPlugin:80 - create IPUIPlugin
2024-11-30 22:11:21,136 [INFO] IPUIPlugin:80 - create IPUIPlugin
2024-11-30 22:11:21,137 [INFO] IPUIPlugin:80 - create IPUIPlugin
2024-11-30 22:11:21,345 [INFO] ApiDbMcu:508 - Load IP Config File for PDM2PCM
2024-11-30 22:11:21,631 [INFO] CADModel:165 - CPN selected for project levelSTM32F407VET6
2024-11-30 22:11:21,632 [INFO] CADModel:114 - Register for checkConnection events
2024-11-30 22:11:21,670 [INFO] OpenFileManager:363 - Restore cursor
2024-11-30 22:11:22,545 [INFO] UtilMem:75 - End SaveConfig() Used Memory: 835507536 Bytes (1073741824)
2024-11-30 22:11:22,891 [INFO] UtilMem:75 - End SaveConfig() Used Memory: 857644072 Bytes (1073741824)
2024-11-30 22:11:24,067 [INFO] BlockDiagram:2766 - set Specific Code input for plugin: RCC
2024-11-30 22:11:24,067 [INFO] BlockDiagram:2766 - set Specific Code input for plugin: NVIC
2024-11-30 22:11:24,081 [INFO] CodeGenerator:807 - code generatio: config db path: C:\ST\STM32CubeIDE_1.16.1\STM32CubeIDE\plugins\com.st.stm32cube.common.mx_6.12.1.202409122256\\db\
2024-11-30 22:11:24,386 [INFO] CodeEngine:255 - oldGeneratedFile, C:\Github\digital-alarm-clock-challenge\Challenge 1-1. Button input to toggle LED\MXTmpFiles\license.tmp_save
2024-11-30 22:11:25,185 [INFO] CodeEngine:279 - Generated code: C:\Github\digital-alarm-clock-challenge\Challenge 1-1. Button input to toggle LED\MXTmpFiles\license.tmp
2024-11-30 22:11:25,236 [INFO] CodeEngine:255 - oldGeneratedFile, C:\Github\digital-alarm-clock-challenge\Challenge 1-1. Button input to toggle LED\Core\Src\stm32f4xx_it.c_save
2024-11-30 22:11:26,106 [INFO] CodeEngine:279 - Generated code: C:\Github\digital-alarm-clock-challenge\Challenge 1-1. Button input to toggle LED\Core\Src\stm32f4xx_it.c
2024-11-30 22:11:26,125 [INFO] CodeEngine:255 - oldGeneratedFile, C:\Github\digital-alarm-clock-challenge\Challenge 1-1. Button input to toggle LED\Core\Inc\stm32f4xx_it.h_save
2024-11-30 22:11:26,453 [INFO] CodeEngine:279 - Generated code: C:\Github\digital-alarm-clock-challenge\Challenge 1-1. Button input to toggle LED\Core\Inc\stm32f4xx_it.h
2024-11-30 22:11:26,710 [INFO] CodeEngine:255 - oldGeneratedFile, C:\Github\digital-alarm-clock-challenge\Challenge 1-1. Button input to toggle LED\Core\Src\stm32f4xx_hal_msp.c_save
2024-11-30 22:11:27,016 [INFO] CodeEngine:279 - Generated code: C:\Github\digital-alarm-clock-challenge\Challenge 1-1. Button input to toggle LED\Core\Src\stm32f4xx_hal_msp.c
2024-11-30 22:11:27,028 [INFO] CodeEngine:255 - oldGeneratedFile, C:\Github\digital-alarm-clock-challenge\Challenge 1-1. Button input to toggle LED\MXTmpFiles\system.tmp_save
2024-11-30 22:11:27,119 [INFO] CodeEngine:279 - Generated code: C:\Github\digital-alarm-clock-challenge\Challenge 1-1. Button input to toggle LED\MXTmpFiles\system.tmp
2024-11-30 22:11:27,146 [INFO] CodeEngine:311 - oldGeneratedFile, C:\Github\digital-alarm-clock-challenge\Challenge 1-1. Button input to toggle LED\Core\Inc\stm32f4xx_hal_conf.h_save
2024-11-30 22:11:27,337 [INFO] CodeEngine:335 - Generated code: C:\Github\digital-alarm-clock-challenge\Challenge 1-1. Button input to toggle LED\Core\Inc\stm32f4xx_hal_conf.h
2024-11-30 22:11:27,517 [INFO] CodeEngine:255 - oldGeneratedFile, C:\Github\digital-alarm-clock-challenge\Challenge 1-1. Button input to toggle LED\Core\Inc\main.h_save
2024-11-30 22:11:27,713 [INFO] CodeEngine:279 - Generated code: C:\Github\digital-alarm-clock-challenge\Challenge 1-1. Button input to toggle LED\Core\Inc\main.h
2024-11-30 22:11:27,730 [INFO] CodeEngine:255 - oldGeneratedFile, C:\Github\digital-alarm-clock-challenge\Challenge 1-1. Button input to toggle LED\Core\Src\main.c_save
2024-11-30 22:11:27,972 [INFO] CodeEngine:279 - Generated code: C:\Github\digital-alarm-clock-challenge\Challenge 1-1. Button input to toggle LED\Core\Src\main.c
2024-11-30 22:11:28,459 [INFO] ProjectBuilder:3249 - Time for Copy HAL[1] : 213mS.
2024-11-30 22:11:28,467 [INFO] ProjectBuilder:4828 - Project Generator version: 4.5.0-B34
2024-11-30 22:11:28,606 [INFO] ConfigFileManager:1531 - The Die is : DIE413
2024-11-30 22:11:28,626 [INFO] ApiDbMcu:508 - Load IP Config File for FATFS
2024-11-30 22:11:28,659 [INFO] ApiDbMcu:508 - Load IP Config File for FREERTOS
2024-11-30 22:11:28,671 [INFO] ApiDbMcu:508 - Load IP Config File for LIBJPEG
2024-11-30 22:11:28,689 [INFO] ApiDbMcu:508 - Load IP Config File for LWIP
2024-11-30 22:11:28,712 [INFO] ApiDbMcu:508 - Load IP Config File for MBEDTLS
2024-11-30 22:11:28,758 [INFO] ApiDbMcu:508 - Load IP Config File for USB_DEVICE
2024-11-30 22:11:28,778 [INFO] ApiDbMcu:508 - Load IP Config File for USB_HOST
2024-11-30 22:11:29,895 [INFO] LogOutputStream:77 - [STDOUT_REDIRECT] 
2024-11-30 22:11:35,623 [INFO] ProjectBuilder:5097 - Time for Generating toolchain IDE Files: 7155mS.
2024-11-30 22:11:35,626 [INFO] ProjectBuilder:3107 - Time for Copy CMSIS : 0mS.
2024-11-30 22:11:35,629 [INFO] ProjectBuilder:3107 - Time for Copy CMSIS : 0mS.
2024-11-30 22:11:39,670 [INFO] McuFinderGlobals:76 - Set McuFinderConnectedMode to true
2024-11-30 22:11:39,676 [INFO] ApiDb:448 - Save user favorites file C:\Users\vermi/.stm32cubeide/favorites.mcus.txt: 3 item(s)
2024-11-30 22:11:39,677 [INFO] ApiDb:452 - User favorites MCUs=[STM32F405RGT6, STM32F407VET6, STM32F446RET6]
2024-11-30 23:19:07,541 [INFO] MainUpdater:2873 - connection check result : 10
2024-11-30 23:19:07,542 [INFO] MainUpdater:2873 - connection check result : 10
2024-11-30 23:19:07,807 [INFO] MicroXplorer:468 - Change Database Path : 
2024-11-30 23:19:07,807 [INFO] MicroXplorer:498 - Change Database Version : DB.6.0.121
2024-11-30 23:19:07,826 [ERROR] ProjectManagerView:394 - 
java.lang.NullPointerException: Cannot invoke "javax.swing.JTextField.getText()" because the return value of "java.util.List.get(int)" is null
	at com.st.microxplorer.plugins.projectmanager.gui.ProjectChoiceTab$10.caretUpdate(ProjectChoiceTab.java:2622) ~[filemanager.jar:?]
	at javax.swing.text.JTextComponent.fireCaretUpdate(JTextComponent.java:412) ~[?:?]
	at javax.swing.text.JTextComponent$MutableCaretEvent.fire(JTextComponent.java:4491) ~[?:?]
	at javax.swing.text.JTextComponent$MutableCaretEvent.stateChanged(JTextComponent.java:4513) ~[?:?]
	at javax.swing.text.DefaultCaret.fireStateChanged(DefaultCaret.java:842) ~[?:?]
	at javax.swing.text.DefaultCaret.changeCaretPosition(DefaultCaret.java:1313) ~[?:?]
	at javax.swing.text.DefaultCaret.handleSetDot(DefaultCaret.java:1212) ~[?:?]
	at javax.swing.text.DefaultCaret.setDot(DefaultCaret.java:1193) ~[?:?]
	at javax.swing.text.DefaultCaret$Handler.insertUpdate(DefaultCaret.java:1789) ~[?:?]
	at javax.swing.text.AbstractDocument.fireInsertUpdate(AbstractDocument.java:226) ~[?:?]
	at javax.swing.text.AbstractDocument.handleInsertString(AbstractDocument.java:780) ~[?:?]
	at javax.swing.text.AbstractDocument.insertString(AbstractDocument.java:739) ~[?:?]
	at javax.swing.text.PlainDocument.insertString(PlainDocument.java:131) ~[?:?]
	at javax.swing.text.AbstractDocument.replace(AbstractDocument.java:698) ~[?:?]
	at javax.swing.text.JTextComponent.setText(JTextComponent.java:1729) ~[?:?]
	at com.st.microxplorer.plugins.projectmanager.gui.ProjectChoiceTab.createHeapStackFields(ProjectChoiceTab.java:972) ~[filemanager.jar:?]
	at com.st.microxplorer.plugins.projectmanager.gui.ProjectChoiceTab.buildLinkSettingsPanel(ProjectChoiceTab.java:3597) ~[filemanager.jar:?]
	at com.st.microxplorer.plugins.projectmanager.gui.ProjectChoiceTab.defineWindowsFields(ProjectChoiceTab.java:1940) ~[filemanager.jar:?]
	at com.st.microxplorer.plugins.projectmanager.gui.ProjectChoiceTab.updateSettings(ProjectChoiceTab.java:550) ~[filemanager.jar:?]
	at com.st.microxplorer.plugins.projectmanager.gui.ProjectSettingsPanel.UpdateDialog(ProjectSettingsPanel.java:245) ~[filemanager.jar:?]
	at com.st.microxplorer.plugins.projectmanager.ProjectManagerView.propertyChange(ProjectManagerView.java:391) ~[filemanager.jar:?]
	at java.beans.PropertyChangeSupport.fire(PropertyChangeSupport.java:343) ~[?:?]
	at java.beans.PropertyChangeSupport.firePropertyChange(PropertyChangeSupport.java:335) ~[?:?]
	at java.beans.PropertyChangeSupport.firePropertyChange(PropertyChangeSupport.java:268) ~[?:?]
	at com.st.microxplorer.util.MXPropertyChangeSupport.firePropertyChange(MXPropertyChangeSupport.java:54) ~[STM32CubeMX.jar:?]
	at com.st.microxplorer.mxsystem.MxSystem.closeConfig(MxSystem.java:900) ~[STM32CubeMX.jar:?]
	at com.st.microxplorer.maingui.MainPanel.closeConfig(MainPanel.java:781) ~[STM32CubeMX.jar:?]
	at com.st.microxplorer.plugins.filemanager.engine.OpenFileManager.loadConfigurationFile(OpenFileManager.java:265) ~[filemanager.jar:?]
	at com.st.microxplorer.plugins.filemanager.engine.MainFileManager.userLoadConfig(MainFileManager.java:352) ~[filemanager.jar:?]
	at com.st.microxplorer.plugins.filemanager.engine.MainFileManager.userLoadConfig(MainFileManager.java:330) ~[filemanager.jar:?]
	at com.st.microxplorer.plugins.filemanager.FileManagerView.getSpecificTask(FileManagerView.java:246) ~[filemanager.jar:?]
	at com.st.stm32cube.common.mx.editor.CubeMxEditor.getMxTabbedPaneInstance(CubeMxEditor.java:1198) ~[com.st.stm32cube.common.mx_6.12.1.202409122256/:?]
	at com.st.stm32cube.common.mx.editor.CubeMxEditor$12$1.createSwingComponent(CubeMxEditor.java:1068) ~[com.st.stm32cube.common.mx_6.12.1.202409122256/:?]
	at com.st.stm32cube.common.mx.oss.core.awtswtbridge.EmbeddedSwingComposite.doComponentCreation(EmbeddedSwingComposite.java:492) ~[com.st.stm32cube.common.mx.oss_6.12.1.202409122256/:?]
	at com.st.stm32cube.common.mx.oss.core.awtswtbridge.EmbeddedSwingComposite$4.run(EmbeddedSwingComposite.java:291) ~[com.st.stm32cube.common.mx.oss_6.12.1.202409122256/:?]
	at com.st.stm32cube.common.mx.oss.core.awtswtbridge.AwtEnvironment$2.run(AwtEnvironment.java:166) ~[com.st.stm32cube.common.mx.oss_6.12.1.202409122256/:?]
	at java.awt.event.InvocationEvent.dispatch(InvocationEvent.java:318) ~[?:?]
	at java.awt.EventQueue.dispatchEventImpl(EventQueue.java:773) ~[?:?]
	at java.awt.EventQueue$4.run(EventQueue.java:720) ~[?:?]
	at java.awt.EventQueue$4.run(EventQueue.java:714) ~[?:?]
	at java.security.AccessController.doPrivileged(AccessController.java:399) ~[?:?]
	at java.security.ProtectionDomain$JavaSecurityAccessImpl.doIntersectionPrivilege(ProtectionDomain.java:86) ~[?:?]
	at java.awt.EventQueue.dispatchEvent(EventQueue.java:742) ~[?:?]
	at java.awt.EventDispatchThread.pumpOneEventForFilters(EventDispatchThread.java:203) ~[?:?]
	at java.awt.EventDispatchThread.pumpEventsForFilter(EventDispatchThread.java:124) ~[?:?]
	at java.awt.EventDispatchThread.pumpEventsForHierarchy(EventDispatchThread.java:113) ~[?:?]
	at java.awt.EventDispatchThread.pumpEvents(EventDispatchThread.java:109) ~[?:?]
	at java.awt.EventDispatchThread.pumpEvents(EventDispatchThread.java:101) ~[?:?]
	at java.awt.EventDispatchThread.run(EventDispatchThread.java:90) ~[?:?]
2024-11-30 23:19:07,831 [WARN] ThirdParty:871 - waiting for thirdparty lock release [close project]
2024-11-30 23:19:07,832 [INFO] ThirdParty:873 - entering critical section [close project]
2024-11-30 23:19:07,832 [INFO] ThirdParty:883 - exiting critical section [close project]
2024-11-30 23:19:07,833 [INFO] PinOutPanel:1561 - setPackage(No Configuration,No Configuration)
2024-11-30 23:19:07,846 [WARN] IpParametersView:151 - Warning: This peripheral hasn't parameters
2024-11-30 23:19:07,862 [WARN] MainPanel:284 - <html><b><center>Warning: This peripheral has no parameters to be configured<br></b></html>
2024-11-30 23:19:07,878 [INFO] UtilMem:75 - Begin LoadConfig() Used Memory: 922455920 Bytes (1073741824)
2024-11-30 23:19:07,879 [INFO] MicroXplorer:468 - Change Database Path : 
2024-11-30 23:19:07,879 [INFO] MicroXplorer:498 - Change Database Version : DB.6.0.121
2024-11-30 23:19:07,879 [INFO] OpenFileManager:332 - Change cursor
2024-11-30 23:19:07,923 [INFO] RulesReader:64 - Compatibility file has been processed (297 Rules)
2024-11-30 23:19:07,945 [INFO] Mcu:2032 - Initializing MCU STM32F407V(E-G)Tx STM32F407VETx STM32F407VET6
2024-11-30 23:19:09,784 [INFO] Context:742 - Trying to add GPIOservice into a context  which must be forbidden
2024-11-30 23:19:10,349 [WARN] ModelIntegratedComponent:63 - No mode defined for component null
2024-11-30 23:19:10,349 [WARN] ModelIntegratedComponent:63 - No mode defined for component null
2024-11-30 23:19:10,350 [WARN] ModelIntegratedComponent:63 - No mode defined for component null
2024-11-30 23:19:10,350 [WARN] ModelIntegratedComponent:63 - No mode defined for component null
2024-11-30 23:19:10,350 [WARN] ModelIntegratedComponent:63 - No mode defined for component null
2024-11-30 23:19:10,350 [WARN] ModelIntegratedComponent:63 - No mode defined for component null
2024-11-30 23:19:10,350 [WARN] ModelIntegratedComponent:63 - No mode defined for component null
2024-11-30 23:19:10,350 [WARN] ModelIntegratedComponent:63 - No mode defined for component null
2024-11-30 23:19:10,350 [WARN] ModelIntegratedComponent:63 - No mode defined for component null
2024-11-30 23:19:10,350 [WARN] ModelIntegratedComponent:63 - No mode defined for component null
2024-11-30 23:19:10,350 [WARN] ModelIntegratedComponent:63 - No mode defined for component null
2024-11-30 23:19:10,350 [WARN] ModelIntegratedComponent:63 - No mode defined for component null
2024-11-30 23:19:10,350 [WARN] ModelIntegratedComponent:63 - No mode defined for component null
2024-11-30 23:19:10,350 [WARN] ModelIntegratedComponent:63 - No mode defined for component null
2024-11-30 23:19:10,350 [WARN] ModelIntegratedComponent:63 - No mode defined for component null
2024-11-30 23:19:10,350 [WARN] ModelIntegratedComponent:63 - No mode defined for component null
2024-11-30 23:19:10,350 [WARN] ModelIntegratedComponent:63 - No mode defined for component null
2024-11-30 23:19:10,350 [WARN] ModelIntegratedComponent:63 - No mode defined for component null
2024-11-30 23:19:10,350 [WARN] ModelIntegratedComponent:63 - No mode defined for component null
2024-11-30 23:19:10,350 [WARN] ModelIntegratedComponent:63 - No mode defined for component null
2024-11-30 23:19:10,350 [WARN] ModelIntegratedComponent:63 - No mode defined for component null
2024-11-30 23:19:10,350 [WARN] ModelIntegratedComponent:63 - No mode defined for component null
2024-11-30 23:19:10,350 [WARN] ModelIntegratedComponent:63 - No mode defined for component null
2024-11-30 23:19:10,350 [WARN] ModelIntegratedComponent:63 - No mode defined for component null
2024-11-30 23:19:10,350 [WARN] ModelIntegratedComponent:63 - No mode defined for component null
2024-11-30 23:19:10,350 [WARN] ModelIntegratedComponent:63 - No mode defined for component null
2024-11-30 23:19:10,350 [WARN] ModelIntegratedComponent:63 - No mode defined for component null
2024-11-30 23:19:10,352 [WARN] ModelIntegratedComponent:63 - No mode defined for component null
2024-11-30 23:19:10,352 [WARN] ModelIntegratedComponent:63 - No mode defined for component null
2024-11-30 23:19:10,352 [WARN] ModelIntegratedComponent:63 - No mode defined for component null
2024-11-30 23:19:10,352 [WARN] ModelIntegratedComponent:63 - No mode defined for component null
2024-11-30 23:19:10,352 [WARN] ModelIntegratedComponent:63 - No mode defined for component null
2024-11-30 23:19:10,352 [WARN] ModelIntegratedComponent:63 - No mode defined for component null
2024-11-30 23:19:10,352 [WARN] ModelIntegratedComponent:63 - No mode defined for component null
2024-11-30 23:19:10,353 [WARN] ModelIntegratedComponent:63 - No mode defined for component null
2024-11-30 23:19:10,353 [WARN] ModelPack:524 - Component already loaded: STMicroelectronics:HAL Drivers:0.0.0:STMicroelectronics:Device:STMicro_Driver:XSPI:HAL::0.0.1:HAL_XSPI
2024-11-30 23:19:10,355 [INFO] RtosManager:555 - Registered RTOS mode: class=CMSIS, group=RTOS, mode=CMSIS_V1, owner=FREERTOS
2024-11-30 23:19:10,355 [INFO] RtosManager:555 - Registered RTOS mode: class=CMSIS, group=RTOS2, mode=CMSIS_V2, owner=FREERTOS
2024-11-30 23:19:10,355 [INFO] RtosManager:555 - Registered RTOS mode: class=RTOS, group=Core, mode=CMSIS_V1, owner=FREERTOS
2024-11-30 23:19:10,355 [INFO] RtosManager:555 - Registered RTOS mode: class=RTOS, group=Core, mode=CMSIS_V2, owner=FREERTOS
2024-11-30 23:19:10,356 [WARN] ModelIntegratedComponent:184 - Missing modes for component STMicroelectronics:FreeRTOS:0.0.1:STMicroelectronics:RTOS:FreeRTOS:Core:::10.2.0:
2024-11-30 23:19:10,359 [INFO] ThirdPartyModel:298 - Start build external matchings
2024-11-30 23:19:10,367 [INFO] ThirdPartyModel:316 - End build external matchings
2024-11-30 23:19:10,650 [INFO] UtilMem:75 - End LoadConfig() Used Memory: 665729768 Bytes (1073741824)
2024-11-30 23:19:10,686 [WARN] ThirdParty:833 - waiting for thirdparty lock release [change project]
2024-11-30 23:19:10,687 [INFO] ThirdParty:835 - entering critical section [change project]
2024-11-30 23:19:10,687 [INFO] ThirdParty:1030 - CMSIS Pack Vendor :STMicroelectronics USBPD 4.1
2024-11-30 23:19:10,687 [INFO] ThirdParty:1030 - CMSIS Pack Vendor :STMicroelectronics X-CUBE-DISPLAY 3.0.0
2024-11-30 23:19:10,687 [INFO] ThirdParty:1030 - CMSIS Pack Vendor :STMicroelectronics USB_HOST 2.0.0
2024-11-30 23:19:10,687 [INFO] ThirdParty:1030 - CMSIS Pack Vendor :STMicroelectronics FP-SNS-MOTENVWB1 1.4.0
2024-11-30 23:19:10,687 [INFO] ThirdParty:1030 - CMSIS Pack Vendor :STMicroelectronics LIBJPEG 8.0.0
2024-11-30 23:19:10,687 [INFO] ThirdParty:1030 - CMSIS Pack Vendor :STMicroelectronics X-CUBE-BLE1 7.0.0
2024-11-30 23:19:10,687 [INFO] ThirdParty:1030 - CMSIS Pack Vendor :STMicroelectronics FP-ATR-SIGFOX1 3.2.0
2024-11-30 23:19:10,687 [INFO] ThirdParty:1030 - CMSIS Pack Vendor :STMicroelectronics USB_DEVICE 3.0.0
2024-11-30 23:19:10,687 [INFO] ThirdParty:1030 - CMSIS Pack Vendor :STMicroelectronics X-CUBE-EEPRMA1 5.1.0
2024-11-30 23:19:10,687 [INFO] ThirdParty:1030 - CMSIS Pack Vendor :STMicroelectronics HAL Drivers 0.0.0
2024-11-30 23:19:10,687 [INFO] ThirdParty:1030 - CMSIS Pack Vendor :STMicroelectronics MBEDTLS 2.16.2
2024-11-30 23:19:10,687 [INFO] ThirdParty:1030 - CMSIS Pack Vendor :STMicroelectronics X-CUBE-FREERTOS 1.2.0
2024-11-30 23:19:10,687 [INFO] ThirdParty:1030 - CMSIS Pack Vendor :STMicroelectronics X-CUBE-ALS 1.0.2
2024-11-30 23:19:10,687 [INFO] ThirdParty:1030 - CMSIS Pack Vendor :STMicroelectronics MBEDTLS 2.14.1
2024-11-30 23:19:10,687 [INFO] ThirdParty:1030 - CMSIS Pack Vendor :STMicroelectronics USB_DEVICE 2.0.0
2024-11-30 23:19:10,687 [INFO] ThirdParty:1030 - CMSIS Pack Vendor :STMicroelectronics X-CUBE-BLEMGR 3.1.0
2024-11-30 23:19:10,687 [INFO] ThirdParty:1030 - CMSIS Pack Vendor :STMicroelectronics ThreadX 1.0.0
2024-11-30 23:19:10,687 [INFO] ThirdParty:1030 - CMSIS Pack Vendor :STMicroelectronics FP-SNS-SMARTAG2 1.2.0
2024-11-30 23:19:10,687 [INFO] ThirdParty:1030 - CMSIS Pack Vendor :STMicroelectronics FreeRTOS 0.0.1
2024-11-30 23:19:10,688 [INFO] ThirdParty:1030 - CMSIS Pack Vendor :STMicroelectronics FP-SNS-MOTENV1 5.0.0
2024-11-30 23:19:10,688 [INFO] ThirdParty:1030 - CMSIS Pack Vendor :STMicroelectronics USB_DEVICE 1.0.0
2024-11-30 23:19:10,688 [INFO] ThirdParty:1030 - CMSIS Pack Vendor :STMicroelectronics STM32_WPAN 1.0.0
2024-11-30 23:19:10,688 [INFO] ThirdParty:1030 - CMSIS Pack Vendor :STMicroelectronics ThreadX 0.0.2
2024-11-30 23:19:10,688 [INFO] ThirdParty:1030 - CMSIS Pack Vendor :STMicroelectronics lwIP 2.0.3
2024-11-30 23:19:10,688 [INFO] ThirdParty:1030 - CMSIS Pack Vendor :STMicroelectronics lwIP 2.1.2
2024-11-30 23:19:10,688 [INFO] ThirdParty:1030 - CMSIS Pack Vendor :STMicroelectronics FP-SNS-FLIGHT1 5.0.2
2024-11-30 23:19:10,688 [INFO] ThirdParty:1030 - CMSIS Pack Vendor :STMicroelectronics X-CUBE-BLE2 3.3.0
2024-11-30 23:19:10,688 [INFO] ThirdParty:1030 - CMSIS Pack Vendor :STMicroelectronics USB_HOST 1.0.0
2024-11-30 23:19:10,688 [INFO] ThirdParty:1030 - CMSIS Pack Vendor :STMicroelectronics PDM2PCM 3.1.0
2024-11-30 23:19:10,688 [INFO] ThirdParty:1030 - CMSIS Pack Vendor :STMicroelectronics PDM2PCM 3.2.0
2024-11-30 23:19:10,688 [INFO] ThirdParty:1030 - CMSIS Pack Vendor :STMicroelectronics PDM2PCM 3.3.0
2024-11-30 23:19:10,688 [INFO] ThirdParty:841 - exiting critical section [change project]
2024-11-30 23:19:10,935 [INFO] PinOutPanel:1561 - setPackage(No Configuration,No Configuration)
2024-11-30 23:19:10,937 [INFO] PinOutPanel:1561 - setPackage(STM32F407VETx,LQFP100)
2024-11-30 23:19:11,207 [INFO] UtilMem:75 - Before build in PCC Used Memory: 674403872 Bytes (1073741824)
2024-11-30 23:19:11,493 [INFO] UtilMem:75 - After build in PCC Used Memory: 720018976 Bytes (1073741824)
2024-11-30 23:19:11,526 [INFO] IPUIPlugin:80 - create IPUIPlugin
2024-11-30 23:19:11,526 [INFO] IPUIPlugin:80 - create IPUIPlugin
2024-11-30 23:19:11,526 [INFO] IPUIPlugin:80 - create IPUIPlugin
2024-11-30 23:19:11,526 [INFO] IPUIPlugin:80 - create IPUIPlugin
2024-11-30 23:19:11,526 [INFO] IPUIPlugin:80 - create IPUIPlugin
2024-11-30 23:19:11,526 [INFO] IPUIPlugin:80 - create IPUIPlugin
2024-11-30 23:19:11,526 [INFO] IPUIPlugin:80 - create IPUIPlugin
2024-11-30 23:19:11,526 [INFO] IPUIPlugin:80 - create IPUIPlugin
2024-11-30 23:19:11,526 [INFO] IPUIPlugin:80 - create IPUIPlugin
2024-11-30 23:19:11,527 [INFO] IPUIPlugin:80 - create IPUIPlugin
2024-11-30 23:19:11,527 [INFO] IPUIPlugin:80 - create IPUIPlugin
2024-11-30 23:19:11,527 [INFO] IPUIPlugin:80 - create IPUIPlugin
2024-11-30 23:19:11,527 [INFO] IPUIPlugin:80 - create IPUIPlugin
2024-11-30 23:19:11,527 [INFO] IPUIPlugin:80 - create IPUIPlugin
2024-11-30 23:19:11,527 [INFO] IPUIPlugin:80 - create IPUIPlugin
2024-11-30 23:19:11,527 [INFO] IPUIPlugin:80 - create IPUIPlugin
2024-11-30 23:19:11,527 [INFO] IPUIPlugin:80 - create IPUIPlugin
2024-11-30 23:19:11,527 [INFO] IPUIPlugin:80 - create IPUIPlugin
2024-11-30 23:19:11,543 [INFO] IPUIPlugin:80 - create IPUIPlugin
2024-11-30 23:19:11,543 [INFO] IPUIPlugin:80 - create IPUIPlugin
2024-11-30 23:19:11,544 [INFO] IPUIPlugin:80 - create IPUIPlugin
2024-11-30 23:19:11,544 [INFO] IPUIPlugin:80 - create IPUIPlugin
2024-11-30 23:19:11,544 [INFO] IPUIPlugin:80 - create IPUIPlugin
2024-11-30 23:19:11,544 [INFO] IPUIPlugin:80 - create IPUIPlugin
2024-11-30 23:19:11,545 [INFO] IPUIPlugin:80 - create IPUIPlugin
2024-11-30 23:19:11,545 [INFO] IPUIPlugin:80 - create IPUIPlugin
2024-11-30 23:19:11,551 [INFO] IPUIPlugin:80 - create IPUIPlugin
2024-11-30 23:19:11,551 [INFO] IPUIPlugin:80 - create IPUIPlugin
2024-11-30 23:19:11,551 [INFO] IPUIPlugin:80 - create IPUIPlugin
2024-11-30 23:19:11,551 [INFO] IPUIPlugin:80 - create IPUIPlugin
2024-11-30 23:19:11,552 [INFO] IPUIPlugin:80 - create IPUIPlugin
2024-11-30 23:19:11,552 [INFO] IPUIPlugin:80 - create IPUIPlugin
2024-11-30 23:19:11,552 [INFO] IPUIPlugin:80 - create IPUIPlugin
2024-11-30 23:19:11,553 [INFO] IPUIPlugin:80 - create IPUIPlugin
2024-11-30 23:19:11,553 [INFO] IPUIPlugin:80 - create IPUIPlugin
2024-11-30 23:19:11,553 [INFO] IPUIPlugin:80 - create IPUIPlugin
2024-11-30 23:19:11,554 [INFO] IPUIPlugin:80 - create IPUIPlugin
2024-11-30 23:19:11,554 [INFO] IPUIPlugin:80 - create IPUIPlugin
2024-11-30 23:19:11,554 [INFO] IPUIPlugin:80 - create IPUIPlugin
2024-11-30 23:19:11,554 [INFO] IPUIPlugin:80 - create IPUIPlugin
2024-11-30 23:19:11,555 [INFO] IPUIPlugin:80 - create IPUIPlugin
2024-11-30 23:19:11,555 [INFO] IPUIPlugin:80 - create IPUIPlugin
2024-11-30 23:19:11,555 [INFO] IPUIPlugin:80 - create IPUIPlugin
2024-11-30 23:19:11,555 [INFO] IPUIPlugin:80 - create IPUIPlugin
2024-11-30 23:19:11,556 [INFO] IPUIPlugin:80 - create IPUIPlugin
2024-11-30 23:19:11,556 [INFO] IPUIPlugin:80 - create IPUIPlugin
2024-11-30 23:19:11,556 [INFO] IPUIPlugin:80 - create IPUIPlugin
2024-11-30 23:19:11,556 [INFO] IPUIPlugin:80 - create IPUIPlugin
2024-11-30 23:19:11,557 [INFO] IPUIPlugin:80 - create IPUIPlugin
2024-11-30 23:19:11,557 [INFO] IPUIPlugin:80 - create IPUIPlugin
2024-11-30 23:19:11,557 [INFO] IPUIPlugin:80 - create IPUIPlugin
2024-11-30 23:19:11,558 [INFO] IPUIPlugin:80 - create IPUIPlugin
2024-11-30 23:19:11,558 [INFO] IPUIPlugin:80 - create IPUIPlugin
2024-11-30 23:19:11,558 [INFO] IPUIPlugin:80 - create IPUIPlugin
2024-11-30 23:19:11,559 [INFO] IPUIPlugin:80 - create IPUIPlugin
2024-11-30 23:19:11,559 [INFO] IPUIPlugin:80 - create IPUIPlugin
2024-11-30 23:19:11,560 [INFO] IPUIPlugin:80 - create IPUIPlugin
2024-11-30 23:19:11,561 [INFO] IPUIPlugin:80 - create IPUIPlugin
2024-11-30 23:19:11,577 [INFO] ApiDbMcu:508 - Load IP Config File for PDM2PCM
2024-11-30 23:19:11,664 [INFO] CADModel:165 - CPN selected for project levelSTM32F407VET6
2024-11-30 23:19:11,664 [INFO] CADModel:114 - Register for checkConnection events
2024-11-30 23:19:11,747 [INFO] OpenFileManager:363 - Restore cursor
2024-11-30 23:24:38,546 [INFO] Gpio:277 - dependency for GPIO []
2024-11-30 23:24:44,822 [INFO] Gpio:277 - dependency for GPIO []
2024-11-30 23:24:55,032 [INFO] Gpio:277 - dependency for GPIO [SYS]
2024-11-30 23:26:08,945 [INFO] UtilMem:75 - End SaveConfig() Used Memory: 966436944 Bytes (1073741824)
2024-11-30 23:26:10,478 [INFO] UtilMem:75 - End SaveConfig() Used Memory: 653833984 Bytes (1073741824)
2024-11-30 23:26:13,032 [INFO] UtilMem:75 - End SaveConfig() Used Memory: 805877504 Bytes (1073741824)
2024-11-30 23:26:13,167 [INFO] BlockDiagram:2766 - set Specific Code input for plugin: SYS
2024-11-30 23:26:13,168 [INFO] BlockDiagram:2766 - set Specific Code input for plugin: RCC
2024-11-30 23:26:13,168 [INFO] BlockDiagram:2766 - set Specific Code input for plugin: NVIC
2024-11-30 23:26:13,168 [INFO] BlockDiagram:2766 - set Specific Code input for plugin: GPIO
2024-11-30 23:26:13,169 [INFO] CodeGenerator:807 - code generatio: config db path: C:\ST\STM32CubeIDE_1.16.1\STM32CubeIDE\plugins\com.st.stm32cube.common.mx_6.12.1.202409122256\\db\
2024-11-30 23:26:13,337 [INFO] CodeEngine:255 - oldGeneratedFile, C:\Github\digital-alarm-clock-challenge\Challenge 1-1. Button input to toggle LED\MXTmpFiles\license.tmp_save
2024-11-30 23:26:13,507 [INFO] CodeEngine:279 - Generated code: C:\Github\digital-alarm-clock-challenge\Challenge 1-1. Button input to toggle LED\MXTmpFiles\license.tmp
2024-11-30 23:26:13,605 [INFO] CodeEngine:255 - oldGeneratedFile, C:\Github\digital-alarm-clock-challenge\Challenge 1-1. Button input to toggle LED\MXTmpFiles\gpio.tmp_save
2024-11-30 23:26:13,813 [INFO] CodeEngine:279 - Generated code: C:\Github\digital-alarm-clock-challenge\Challenge 1-1. Button input to toggle LED\MXTmpFiles\gpio.tmp
2024-11-30 23:26:13,896 [INFO] CodeEngine:255 - oldGeneratedFile, C:\Github\digital-alarm-clock-challenge\Challenge 1-1. Button input to toggle LED\Core\Src\stm32f4xx_it.c_save
2024-11-30 23:26:14,217 [INFO] CodeEngine:279 - Generated code: C:\Github\digital-alarm-clock-challenge\Challenge 1-1. Button input to toggle LED\Core\Src\stm32f4xx_it.c
2024-11-30 23:26:14,233 [INFO] CodeEngine:255 - oldGeneratedFile, C:\Github\digital-alarm-clock-challenge\Challenge 1-1. Button input to toggle LED\Core\Inc\stm32f4xx_it.h_save
2024-11-30 23:26:14,334 [INFO] CodeEngine:279 - Generated code: C:\Github\digital-alarm-clock-challenge\Challenge 1-1. Button input to toggle LED\Core\Inc\stm32f4xx_it.h
2024-11-30 23:26:14,368 [INFO] CodeEngine:255 - oldGeneratedFile, C:\Github\digital-alarm-clock-challenge\Challenge 1-1. Button input to toggle LED\Core\Src\stm32f4xx_hal_msp.c_save
2024-11-30 23:26:14,539 [INFO] CodeEngine:279 - Generated code: C:\Github\digital-alarm-clock-challenge\Challenge 1-1. Button input to toggle LED\Core\Src\stm32f4xx_hal_msp.c
2024-11-30 23:26:14,550 [INFO] CodeEngine:255 - oldGeneratedFile, C:\Github\digital-alarm-clock-challenge\Challenge 1-1. Button input to toggle LED\MXTmpFiles\system.tmp_save
2024-11-30 23:26:14,614 [INFO] CodeEngine:279 - Generated code: C:\Github\digital-alarm-clock-challenge\Challenge 1-1. Button input to toggle LED\MXTmpFiles\system.tmp
2024-11-30 23:26:14,642 [INFO] CodeEngine:311 - oldGeneratedFile, C:\Github\digital-alarm-clock-challenge\Challenge 1-1. Button input to toggle LED\Core\Inc\stm32f4xx_hal_conf.h_save
2024-11-30 23:26:14,740 [INFO] CodeEngine:335 - Generated code: C:\Github\digital-alarm-clock-challenge\Challenge 1-1. Button input to toggle LED\Core\Inc\stm32f4xx_hal_conf.h
2024-11-30 23:26:14,819 [INFO] CodeEngine:255 - oldGeneratedFile, C:\Github\digital-alarm-clock-challenge\Challenge 1-1. Button input to toggle LED\Core\Inc\main.h_save
2024-11-30 23:26:14,940 [INFO] CodeEngine:279 - Generated code: C:\Github\digital-alarm-clock-challenge\Challenge 1-1. Button input to toggle LED\Core\Inc\main.h
2024-11-30 23:26:14,966 [INFO] CodeEngine:255 - oldGeneratedFile, C:\Github\digital-alarm-clock-challenge\Challenge 1-1. Button input to toggle LED\Core\Src\main.c_save
2024-11-30 23:26:15,099 [INFO] CodeEngine:279 - Generated code: C:\Github\digital-alarm-clock-challenge\Challenge 1-1. Button input to toggle LED\Core\Src\main.c
2024-11-30 23:26:15,408 [INFO] ProjectBuilder:3249 - Time for Copy HAL[1] : 150mS.
2024-11-30 23:26:15,412 [INFO] ProjectBuilder:4828 - Project Generator version: 4.5.0-B34
2024-11-30 23:26:15,489 [INFO] ConfigFileManager:1531 - The Die is : DIE413
2024-11-30 23:26:15,502 [INFO] ApiDbMcu:508 - Load IP Config File for FATFS
2024-11-30 23:26:15,516 [INFO] ApiDbMcu:508 - Load IP Config File for FREERTOS
2024-11-30 23:26:15,526 [INFO] ApiDbMcu:508 - Load IP Config File for LIBJPEG
2024-11-30 23:26:15,539 [INFO] ApiDbMcu:508 - Load IP Config File for LWIP
2024-11-30 23:26:15,553 [INFO] ApiDbMcu:508 - Load IP Config File for MBEDTLS
2024-11-30 23:26:15,571 [INFO] ApiDbMcu:508 - Load IP Config File for USB_DEVICE
2024-11-30 23:26:15,584 [INFO] ApiDbMcu:508 - Load IP Config File for USB_HOST
2024-11-30 23:26:16,825 [INFO] ProjectBuilder:5097 - Time for Generating toolchain IDE Files: 1413mS.
2024-11-30 23:26:16,825 [INFO] ProjectBuilder:3107 - Time for Copy CMSIS : 0mS.
2024-11-30 23:26:16,827 [INFO] ProjectBuilder:3107 - Time for Copy CMSIS : 0mS.
2024-11-30 23:42:01,496 [INFO] WebApp:189 - Connection lost
2024-11-30 23:42:01,697 [INFO] WebApp:186 - Connection restablished
2024-11-30 23:42:03,991 [INFO] WebApp:189 - Connection lost
2024-11-30 23:42:04,148 [INFO] WebApp:186 - Connection restablished
