2024-12-11 08:30:06,660 [INFO] Activator:176 - 


2024-12-11 08:30:06,664 [INFO] Activator:177 - !SESSION log4j initialized
2024-12-11 08:30:11,089 [INFO] LogOutputStream:77 - [STDOUT_REDIRECT] 
2024-12-11 08:30:14,303 [INFO] ApplicationProperties:184 - Using Application install path: C:\ST\STM32CubeIDE_1.16.1\STM32CubeIDE\plugins\com.st.stm32cube.common.mx_6.12.1.202409122256
2024-12-11 08:30:14,314 [INFO] DbMcusXml:78 - Set database path to: C:\ST\STM32CubeIDE_1.16.1\STM32CubeIDE\plugins\com.st.stm32cube.common.mx_6.12.1.202409122256\\db\/mcu/
2024-12-11 08:30:14,314 [INFO] ApiDb:274 - Set plugin database path to: C:\ST\STM32CubeIDE_1.16.1\STM32CubeIDE\plugins\com.st.stm32cube.common.mx_6.12.1.202409122256\\db\/plugins/boardmanager/
2024-12-11 08:30:14,315 [WARN] ApiDb:259 - Overriding images path with different value:  => C:\ST\STM32CubeIDE_1.16.1\STM32CubeIDE\plugins\com.st.stm32cube.common.mx_6.12.1.202409122256\\db\/plugins/mcufinder/images/
2024-12-11 08:30:14,319 [INFO] ApiDb:250 - Set database path to: C:\Users\LeeJooHo\.stmcufinder\plugins\mcufinder//mcu/
2024-12-11 08:30:14,320 [INFO] DbMcusAds:125 - Set database path to: C:\Users\LeeJooHo\.stmcufinder\plugins\mcufinder//mcu/
2024-12-11 08:30:14,322 [INFO] CrossReferenceDbSqlite:203 - Set database path to: C:\Users\LeeJooHo\.stmcufinder\plugins\mcufinder//mcu/cs/
2024-12-11 08:30:14,396 [INFO] RulesReader:64 - Compatibility file has been processed (297 Rules)
2024-12-11 08:30:14,453 [INFO] DbMcusXml:78 - Set database path to: C:\ST\STM32CubeIDE_1.16.1\STM32CubeIDE\plugins\com.st.stm32cube.common.mx_6.12.1.202409122256\\db\/mcu/
2024-12-11 08:30:14,453 [INFO] ApiDb:274 - Set plugin database path to: C:\ST\STM32CubeIDE_1.16.1\STM32CubeIDE\plugins\com.st.stm32cube.common.mx_6.12.1.202409122256\\db\/plugins/boardmanager/
2024-12-11 08:30:14,453 [INFO] ApiDb:261 - Set plugin images path to: C:\ST\STM32CubeIDE_1.16.1\STM32CubeIDE\plugins\com.st.stm32cube.common.mx_6.12.1.202409122256\\db\/plugins/mcufinder/images/
2024-12-11 08:30:14,453 [WARN] DbFile:41 - Overriding database path with different value: C:\Users\LeeJooHo\.stmcufinder\plugins\mcufinder/ => C:\Users\LeeJooHo\.stmcufinder\plugins\mcufinder
2024-12-11 08:30:14,454 [INFO] ApiDb:250 - Set database path to: C:\Users\LeeJooHo\.stmcufinder\plugins\mcufinder//mcu/
2024-12-11 08:30:14,454 [WARN] DbFile:41 - Overriding database path with different value: C:\Users\LeeJooHo\.stmcufinder\plugins\mcufinder/ => C:\Users\LeeJooHo\.stmcufinder\plugins\mcufinder
2024-12-11 08:30:14,454 [INFO] DbMcusAds:125 - Set database path to: C:\Users\LeeJooHo\.stmcufinder\plugins\mcufinder//mcu/
2024-12-11 08:30:14,454 [WARN] DbFile:41 - Overriding database path with different value: C:\Users\LeeJooHo\.stmcufinder\plugins\mcufinder/ => C:\Users\LeeJooHo\.stmcufinder\plugins\mcufinder
2024-12-11 08:30:14,454 [WARN] DbFile:41 - Overriding database path with different value: C:\Users\LeeJooHo\.stmcufinder\plugins\mcufinder/ => C:\Users\LeeJooHo\.stmcufinder\plugins\mcufinder
2024-12-11 08:30:14,454 [INFO] CrossReferenceDbSqlite:203 - Set database path to: C:\Users\LeeJooHo\.stmcufinder\plugins\mcufinder//mcu/cs/
2024-12-11 08:30:14,504 [INFO] MainPanel:268 - HeapMemory: 268435456
2024-12-11 08:30:14,572 [INFO] DbMcusXml:78 - Set database path to: C:\ST\STM32CubeIDE_1.16.1\STM32CubeIDE\plugins\com.st.stm32cube.common.mx_6.12.1.202409122256\\db\/mcu/
2024-12-11 08:30:14,572 [INFO] ApiDb:274 - Set plugin database path to: C:\ST\STM32CubeIDE_1.16.1\STM32CubeIDE\plugins\com.st.stm32cube.common.mx_6.12.1.202409122256\\db\/plugins/boardmanager/
2024-12-11 08:30:14,572 [INFO] ApiDb:261 - Set plugin images path to: C:\ST\STM32CubeIDE_1.16.1\STM32CubeIDE\plugins\com.st.stm32cube.common.mx_6.12.1.202409122256\\db\/plugins/mcufinder/images/
2024-12-11 08:30:14,572 [WARN] DbFile:41 - Overriding database path with different value: C:\Users\LeeJooHo\.stmcufinder\plugins\mcufinder/ => C:\Users\LeeJooHo\.stmcufinder\plugins\mcufinder
2024-12-11 08:30:14,572 [INFO] ApiDb:250 - Set database path to: C:\Users\LeeJooHo\.stmcufinder\plugins\mcufinder//mcu/
2024-12-11 08:30:14,572 [WARN] DbFile:41 - Overriding database path with different value: C:\Users\LeeJooHo\.stmcufinder\plugins\mcufinder/ => C:\Users\LeeJooHo\.stmcufinder\plugins\mcufinder
2024-12-11 08:30:14,572 [INFO] DbMcusAds:125 - Set database path to: C:\Users\LeeJooHo\.stmcufinder\plugins\mcufinder//mcu/
2024-12-11 08:30:14,572 [WARN] DbFile:41 - Overriding database path with different value: C:\Users\LeeJooHo\.stmcufinder\plugins\mcufinder/ => C:\Users\LeeJooHo\.stmcufinder\plugins\mcufinder
2024-12-11 08:30:14,573 [WARN] DbFile:41 - Overriding database path with different value: C:\Users\LeeJooHo\.stmcufinder\plugins\mcufinder/ => C:\Users\LeeJooHo\.stmcufinder\plugins\mcufinder
2024-12-11 08:30:14,573 [INFO] CrossReferenceDbSqlite:203 - Set database path to: C:\Users\LeeJooHo\.stmcufinder\plugins\mcufinder//mcu/cs/
2024-12-11 08:30:14,584 [INFO] ApplicationProperties:184 - Using Application install path: C:\ST\STM32CubeIDE_1.16.1\STM32CubeIDE\plugins\com.st.stm32cube.common.mx_6.12.1.202409122256
2024-12-11 08:30:14,585 [INFO] PluginManage:196 - Search for loadable plugins [exclusion list=, ]
2024-12-11 08:30:14,585 [INFO] PluginManage:310 - Check plugin analytics
2024-12-11 08:30:14,707 [INFO] AnalyticsPlugin:253 - Accepted Software Licenses: 
2024-12-11 08:30:14,707 [INFO] AnalyticsPlugin:255 - Accepted CMSIS Pack Licenses: 
2024-12-11 08:30:14,707 [INFO] AnalyticsPlugin:257 - Accepted Firmware Licenses: FW.F4.1.28.0
2024-12-11 08:30:14,709 [INFO] PluginManage:359 - Loaded plugin analytics (category:tool,tabindex:-1)
2024-12-11 08:30:14,709 [INFO] PluginManage:310 - Check plugin cadmodel
2024-12-11 08:30:14,723 [INFO] CADModel:105 - Init CAD model plugin
2024-12-11 08:30:14,723 [INFO] PluginManage:359 - Loaded plugin cadmodel (category:power,tabindex:5)
2024-12-11 08:30:14,723 [INFO] PluginManage:310 - Check plugin clock
2024-12-11 08:30:14,738 [INFO] PluginManage:359 - Loaded plugin clock (category:base,tabindex:2)
2024-12-11 08:30:14,738 [INFO] PluginManage:310 - Check plugin ddr
2024-12-11 08:30:14,740 [INFO] PluginManage:359 - Loaded plugin ddr (category:tool,tabindex:6)
2024-12-11 08:30:14,740 [INFO] PluginManage:310 - Check plugin filemanager
2024-12-11 08:30:14,845 [INFO] PluginManage:359 - Loaded plugin filemanager (category:base,tabindex:10)
2024-12-11 08:30:14,845 [INFO] PluginManage:310 - Check plugin ipmanager
2024-12-11 08:30:14,849 [INFO] PluginManage:359 - Loaded plugin ipmanager (category:base,tabindex:5)
2024-12-11 08:30:14,849 [INFO] PluginManage:310 - Check plugin lpbam
2024-12-11 08:30:14,864 [INFO] PluginManage:359 - Loaded plugin lpbam (category:base,tabindex:0)
2024-12-11 08:30:14,864 [INFO] PluginManage:310 - Check plugin memorymap
2024-12-11 08:30:14,881 [INFO] PluginManage:359 - Loaded plugin memorymap (category:base,tabindex:4)
2024-12-11 08:30:14,882 [INFO] PluginManage:310 - Check plugin pinoutandconfiguration
2024-12-11 08:30:14,897 [INFO] PluginManage:359 - Loaded plugin pinoutandconfiguration (category:base,tabindex:1)
2024-12-11 08:30:14,897 [INFO] PluginManage:310 - Check plugin pinoutconfig
2024-12-11 08:30:14,969 [WARN] SupportedApi:132 - Cannot load RTOS API schema: s4s-elt-must-match.1: The content of 'definitions' must match (annotation?, (simpleType | complexType)?, (unique | key | keyref)*)). A problem was found starting at: attribute.
2024-12-11 08:30:15,058 [INFO] PluginManage:359 - Loaded plugin pinoutconfig (category:base,tabindex:0)
2024-12-11 08:30:15,058 [INFO] PluginManage:310 - Check plugin power
2024-12-11 08:30:15,074 [INFO] PluginManage:359 - Loaded plugin power (category:power,tabindex:4)
2024-12-11 08:30:15,074 [INFO] PluginManage:310 - Check plugin projectmanager
2024-12-11 08:30:15,084 [INFO] PluginManage:359 - Loaded plugin projectmanager (category:projectmanager,tabindex:4)
2024-12-11 08:30:15,084 [INFO] PluginManage:310 - Check plugin rif
2024-12-11 08:30:15,096 [INFO] PluginManage:359 - Loaded plugin rif (category:base,tabindex:3)
2024-12-11 08:30:15,096 [INFO] PluginManage:310 - Check plugin thirdparty
2024-12-11 08:30:15,318 [WARN] IntegrityCheckThread:84 - waiting for thirdparty lock release [integrity check]
2024-12-11 08:30:15,318 [INFO] PluginManage:359 - Loaded plugin thirdparty (category:base,tabindex:-1)
2024-12-11 08:30:15,318 [INFO] IntegrityCheckThread:86 - entering critical section [integrity check]
2024-12-11 08:30:15,320 [INFO] PluginManage:310 - Check plugin tools
2024-12-11 08:30:15,320 [INFO] ThirdPartyUpdaterWithRetryManager:70 - Updater plugin not ready yet. [1/15]
2024-12-11 08:30:15,356 [INFO] PluginManage:359 - Loaded plugin tools (category:base,tabindex:7)
2024-12-11 08:30:15,357 [INFO] PluginManage:310 - Check plugin tutovideos
2024-12-11 08:30:15,488 [INFO] PluginManage:359 - Loaded plugin tutovideos (category:base,tabindex:-1)
2024-12-11 08:30:15,488 [INFO] PluginManage:310 - Check plugin updater
2024-12-11 08:30:15,499 [INFO] PluginManage:359 - Loaded plugin updater (category:base,tabindex:12)
2024-12-11 08:30:15,499 [INFO] PluginManage:310 - Check plugin userauth
2024-12-11 08:30:15,503 [INFO] UserAuth:113 - Init User Auth plugin
2024-12-11 08:30:15,503 [INFO] PluginManage:359 - Loaded plugin userauth (category:base,tabindex:14)
2024-12-11 08:30:15,503 [INFO] PluginManage:283 - PluginManage : Loaded plugins [18]
2024-12-11 08:30:15,635 [INFO] PinOutPanel:1561 - setPackage(No Configuration,No Configuration)
2024-12-11 08:30:15,688 [INFO] CADModel:165 - CPN selected for project level
2024-12-11 08:30:15,688 [INFO] CADModel:114 - Register for checkConnection events
2024-12-11 08:30:15,707 [INFO] IPUIPlugin:80 - create IPUIPlugin
2024-12-11 08:30:15,707 [INFO] PluginManager:220 - loadIPPluginJar : add adc
2024-12-11 08:30:15,739 [INFO] IPUIPlugin:80 - create IPUIPlugin
2024-12-11 08:30:15,739 [INFO] PluginManager:220 - loadIPPluginJar : add aes
2024-12-11 08:30:15,774 [INFO] IPUIPlugin:80 - create IPUIPlugin
2024-12-11 08:30:15,774 [INFO] PluginManager:220 - loadIPPluginJar : add can
2024-12-11 08:30:15,795 [INFO] IPUIPlugin:80 - create IPUIPlugin
2024-12-11 08:30:15,795 [INFO] PluginManager:220 - loadIPPluginJar : add comp
2024-12-11 08:30:15,821 [INFO] IPUIPlugin:80 - create IPUIPlugin
2024-12-11 08:30:15,821 [INFO] PluginManager:220 - loadIPPluginJar : add cryp
2024-12-11 08:30:15,831 [INFO] IPUIPlugin:80 - create IPUIPlugin
2024-12-11 08:30:15,831 [INFO] PluginManager:220 - loadIPPluginJar : add ddr_ctrl_phy
2024-12-11 08:30:15,856 [INFO] IPUIPlugin:80 - create IPUIPlugin
2024-12-11 08:30:15,856 [INFO] PluginManager:220 - loadIPPluginJar : add dfsdm
2024-12-11 08:30:15,866 [INFO] IPUIPlugin:80 - create IPUIPlugin
2024-12-11 08:30:15,866 [INFO] PluginManager:220 - loadIPPluginJar : add dma
2024-12-11 08:30:15,904 [INFO] IPUIPlugin:80 - create IPUIPlugin
2024-12-11 08:30:15,904 [INFO] PluginManager:220 - loadIPPluginJar : add dma3
2024-12-11 08:30:15,941 [INFO] IPUIPlugin:80 - create IPUIPlugin
2024-12-11 08:30:15,941 [INFO] PluginManager:220 - loadIPPluginJar : add extmemmanager
2024-12-11 08:30:15,958 [INFO] IPUIPlugin:80 - create IPUIPlugin
2024-12-11 08:30:15,958 [INFO] PluginManager:220 - loadIPPluginJar : add fatfs
2024-12-11 08:30:15,995 [INFO] IPUIPlugin:80 - create IPUIPlugin
2024-12-11 08:30:15,995 [INFO] PluginManager:220 - loadIPPluginJar : add fmc
2024-12-11 08:30:16,008 [INFO] IPUIPlugin:80 - create IPUIPlugin
2024-12-11 08:30:16,008 [INFO] PluginManager:220 - loadIPPluginJar : add freertos
2024-12-11 08:30:16,024 [INFO] IPUIPlugin:80 - create IPUIPlugin
2024-12-11 08:30:16,025 [INFO] PluginManager:220 - loadIPPluginJar : add genericplugin
2024-12-11 08:30:16,099 [INFO] IPUIPlugin:80 - create IPUIPlugin
2024-12-11 08:30:16,099 [INFO] PluginManager:220 - loadIPPluginJar : add gfxmmu
2024-12-11 08:30:16,202 [INFO] IPUIPlugin:80 - create IPUIPlugin
2024-12-11 08:30:16,202 [INFO] PluginManager:220 - loadIPPluginJar : add gic
2024-12-11 08:30:16,212 [INFO] IPUIPlugin:80 - create IPUIPlugin
2024-12-11 08:30:16,212 [INFO] PluginManager:220 - loadIPPluginJar : add gpio
2024-12-11 08:30:16,287 [INFO] IPUIPlugin:80 - create IPUIPlugin
2024-12-11 08:30:16,287 [INFO] PluginManager:220 - loadIPPluginJar : add gtzc
2024-12-11 08:30:16,313 [INFO] IPUIPlugin:80 - create IPUIPlugin
2024-12-11 08:30:16,313 [INFO] PluginManager:220 - loadIPPluginJar : add hash
2024-12-11 08:30:16,355 [INFO] IPUIPlugin:80 - create IPUIPlugin
2024-12-11 08:30:16,355 [INFO] PluginManager:220 - loadIPPluginJar : add i2c
2024-12-11 08:30:16,396 [INFO] IPUIPlugin:80 - create IPUIPlugin
2024-12-11 08:30:16,398 [INFO] PluginManager:220 - loadIPPluginJar : add i2s
2024-12-11 08:30:16,434 [INFO] IPUIPlugin:80 - create IPUIPlugin
2024-12-11 08:30:16,434 [INFO] PluginManager:220 - loadIPPluginJar : add i3c
2024-12-11 08:30:16,522 [INFO] IPUIPlugin:80 - create IPUIPlugin
2024-12-11 08:30:16,522 [INFO] PluginManager:220 - loadIPPluginJar : add ipddr
2024-12-11 08:30:16,594 [INFO] IPUIPlugin:80 - create IPUIPlugin
2024-12-11 08:30:16,595 [INFO] PluginManager:220 - loadIPPluginJar : add linkedlist
2024-12-11 08:30:16,623 [INFO] IPUIPlugin:80 - create IPUIPlugin
2024-12-11 08:30:16,623 [INFO] PluginManager:220 - loadIPPluginJar : add lorawan
2024-12-11 08:30:16,653 [INFO] IPUIPlugin:80 - create IPUIPlugin
2024-12-11 08:30:16,653 [INFO] PluginManager:220 - loadIPPluginJar : add ltdc
2024-12-11 08:30:16,664 [INFO] IPUIPlugin:80 - create IPUIPlugin
2024-12-11 08:30:16,664 [INFO] PluginManager:220 - loadIPPluginJar : add mdma
2024-12-11 08:30:16,674 [INFO] IPUIPlugin:80 - create IPUIPlugin
2024-12-11 08:30:16,674 [INFO] PluginManager:220 - loadIPPluginJar : add nvic
2024-12-11 08:30:16,704 [INFO] IPUIPlugin:80 - create IPUIPlugin
2024-12-11 08:30:16,704 [INFO] PluginManager:220 - loadIPPluginJar : add opamp
2024-12-11 08:30:16,753 [INFO] IPUIPlugin:80 - create IPUIPlugin
2024-12-11 08:30:16,753 [INFO] PluginManager:220 - loadIPPluginJar : add openamp
2024-12-11 08:30:16,786 [INFO] IPUIPlugin:80 - create IPUIPlugin
2024-12-11 08:30:16,786 [INFO] PluginManager:220 - loadIPPluginJar : add pdm2pcm
2024-12-11 08:30:16,797 [INFO] IPUIPlugin:80 - create IPUIPlugin
2024-12-11 08:30:16,798 [INFO] PluginManager:220 - loadIPPluginJar : add plateformsettings
2024-12-11 08:30:16,818 [INFO] IPUIPlugin:80 - create IPUIPlugin
2024-12-11 08:30:16,818 [INFO] PluginManager:220 - loadIPPluginJar : add quadspi
2024-12-11 08:30:16,840 [INFO] IPUIPlugin:80 - create IPUIPlugin
2024-12-11 08:30:16,840 [INFO] PluginManager:220 - loadIPPluginJar : add radio
2024-12-11 08:30:16,850 [INFO] IPUIPlugin:80 - create IPUIPlugin
2024-12-11 08:30:16,850 [INFO] PluginManager:220 - loadIPPluginJar : add resmgrutility
2024-12-11 08:30:16,890 [INFO] IPUIPlugin:80 - create IPUIPlugin
2024-12-11 08:30:16,890 [INFO] PluginManager:220 - loadIPPluginJar : add sai
2024-12-11 08:30:16,920 [INFO] IPUIPlugin:80 - create IPUIPlugin
2024-12-11 08:30:16,920 [INFO] PluginManager:220 - loadIPPluginJar : add spi
2024-12-11 08:30:16,978 [INFO] IPUIPlugin:80 - create IPUIPlugin
2024-12-11 08:30:16,978 [INFO] PluginManager:220 - loadIPPluginJar : add stm32_wpan
2024-12-11 08:30:16,999 [INFO] IPUIPlugin:80 - create IPUIPlugin
2024-12-11 08:30:16,999 [INFO] PluginManager:220 - loadIPPluginJar : add tim
2024-12-11 08:30:17,056 [INFO] IPUIPlugin:80 - create IPUIPlugin
2024-12-11 08:30:17,056 [INFO] PluginManager:220 - loadIPPluginJar : add touchsensing
2024-12-11 08:30:17,081 [INFO] IPUIPlugin:80 - create IPUIPlugin
2024-12-11 08:30:17,081 [INFO] PluginManager:220 - loadIPPluginJar : add tracer_emb
2024-12-11 08:30:17,102 [INFO] IPUIPlugin:80 - create IPUIPlugin
2024-12-11 08:30:17,103 [INFO] PluginManager:220 - loadIPPluginJar : add ts
2024-12-11 08:30:17,123 [INFO] IPUIPlugin:80 - create IPUIPlugin
2024-12-11 08:30:17,123 [INFO] PluginManager:220 - loadIPPluginJar : add tsc
2024-12-11 08:30:17,143 [INFO] IPUIPlugin:80 - create IPUIPlugin
2024-12-11 08:30:17,143 [INFO] PluginManager:220 - loadIPPluginJar : add ucpd
2024-12-11 08:30:17,180 [INFO] IPUIPlugin:80 - create IPUIPlugin
2024-12-11 08:30:17,180 [INFO] PluginManager:220 - loadIPPluginJar : add usart
2024-12-11 08:30:17,218 [INFO] IPUIPlugin:80 - create IPUIPlugin
2024-12-11 08:30:17,219 [INFO] PluginManager:220 - loadIPPluginJar : add usbx
2024-12-11 08:30:17,324 [INFO] CADModel:165 - CPN selected for project level
2024-12-11 08:30:17,324 [INFO] CADModel:114 - Register for checkConnection events
2024-12-11 08:30:17,324 [FATAL] Updater:334 - Updater called before beeing initialized
2024-12-11 08:30:17,324 [ERROR] CADModel:125 - Updater not yet initialized, retry later 
2024-12-11 08:30:17,407 [INFO] CADModel:165 - CPN selected for project level
2024-12-11 08:30:17,407 [INFO] CADModel:114 - Register for checkConnection events
2024-12-11 08:30:17,408 [FATAL] Updater:334 - Updater called before beeing initialized
2024-12-11 08:30:17,408 [ERROR] CADModel:125 - Updater not yet initialized, retry later 
2024-12-11 08:30:17,409 [FATAL] Updater:334 - Updater called before beeing initialized
2024-12-11 08:30:17,478 [FATAL] Updater:334 - Updater called before beeing initialized
2024-12-11 08:30:17,486 [INFO] DbMcusAds:53 - JSON generation date=Fri Sep 20 22:04:23 KST 2024 (1726837463113)
2024-12-11 08:30:17,486 [FATAL] Updater:334 - Updater called before beeing initialized
2024-12-11 08:30:17,515 [WARN] DetailPanel:346 - Failed to get advertising image, set to default
2024-12-11 08:30:17,592 [FATAL] Updater:334 - Updater called before beeing initialized
2024-12-11 08:30:17,594 [FATAL] Updater:334 - Updater called before beeing initialized
2024-12-11 08:30:17,594 [FATAL] Updater:334 - Updater called before beeing initialized
2024-12-11 08:30:17,594 [WARN] DetailPanel:346 - Failed to get advertising image, set to default
2024-12-11 08:30:17,595 [FATAL] Updater:334 - Updater called before beeing initialized
2024-12-11 08:30:17,638 [ERROR] Updater:1164 - MainUpdater not yet initialized. External WinMGr cannot be set.
2024-12-11 08:30:17,646 [INFO] Updater:1100 - Updater Version found : 6.12.1
2024-12-11 08:30:17,659 [INFO] ApplicationProperties:184 - Using Application install path: C:\ST\STM32CubeIDE_1.16.1\STM32CubeIDE\plugins\com.st.stm32cube.common.mx_6.12.1.202409122256
2024-12-11 08:30:18,322 [INFO] ThirdPartyUpdaterWithRetryManager:70 - Updater plugin not ready yet. [2/15]
2024-12-11 08:30:19,230 [ERROR] LogOutputStream:75 - [STDERR_REDIRECT] Dec 11, 2024 8:30:19 AM java.util.prefs.WindowsPreferences <init>
2024-12-11 08:30:19,232 [ERROR] LogOutputStream:75 - [STDERR_REDIRECT] WARNING: Could not open/create prefs root node Software\JavaSoft\Prefs at root 0xffffffff80000002. Windows RegCreateKeyEx(...) returned error code 5.
2024-12-11 08:30:19,232 [ERROR] LogOutputStream:75 - [STDERR_REDIRECT] 
2024-12-11 08:30:19,620 [INFO] MainUpdater:2873 - connection check result : 10
2024-12-11 08:30:19,620 [INFO] MainUpdater:290 - Updater Check For Update Now.
2024-12-11 08:30:19,620 [INFO] MicroXplorer:498 - Change Database Version : DB.6.0.121
2024-12-11 08:30:19,633 [INFO] McuFinderGlobals:63 - Set McuFinder mode to 2 (CubeIDE integrated)
2024-12-11 08:30:19,638 [INFO] UserAuth:417 - Internet connection configuration mode: 1
2024-12-11 08:30:19,656 [INFO] JxBrowserEngine:152 - Initiate JxBrowser Engine with user profile folder
2024-12-11 08:30:19,826 [INFO] CheckServerUpdateThread:120 - End of CheckServer Thread
2024-12-11 08:30:21,464 [WARN] PackLoader:240 - Cannot read IP mode file for STMicroelectronics.FP-SNS-MOTENVWB1.1.4.0
2024-12-11 08:30:21,476 [WARN] PackLoader:240 - Cannot read IP mode file for STMicroelectronics.FP-ATR-ASTRA1.2.0.1
2024-12-11 08:30:21,488 [WARN] PackLoader:240 - Cannot read IP mode file for STMicroelectronics.X-CUBE-SMBUS.2.1.0
2024-12-11 08:30:21,500 [WARN] PackLoader:240 - Cannot read IP mode file for STMicroelectronics.X-CUBE-WB05N.1.1.0
2024-12-11 08:30:21,531 [WARN] PackLoader:240 - Cannot read IP mode file for STMicroelectronics.X-CUBE-AZRTOS-F7.1.1.0
2024-12-11 08:30:21,591 [WARN] PackLoader:240 - Cannot read IP mode file for STMicroelectronics.X-CUBE-MEMS1.11.0.0
2024-12-11 08:30:21,692 [WARN] PackLoader:240 - Cannot read IP mode file for STMicroelectronics.FP-SNS-FLIGHT1.5.0.2
2024-12-11 08:30:21,705 [WARN] PackLoader:240 - Cannot read IP mode file for STMicroelectronics.X-CUBE-DISPLAY.3.0.0
2024-12-11 08:30:21,720 [WARN] PackLoader:240 - Cannot read IP mode file for STMicroelectronics.X-CUBE-BLE1.7.0.0
2024-12-11 08:30:21,736 [WARN] PackLoader:240 - Cannot read IP mode file for STMicroelectronics.X-CUBE-NFC10.1.0.0
2024-12-11 08:30:21,752 [WARN] PackLoader:240 - Cannot read IP mode file for STMicroelectronics.X-CUBE-BLEMGR.4.0.0
2024-12-11 08:30:21,767 [WARN] PackLoader:240 - Cannot read IP mode file for emotas.I-CUBE-CANOPEN.1.3.0
2024-12-11 08:30:21,779 [WARN] PackLoader:240 - Cannot read IP mode file for STMicroelectronics.X-CUBE-BLEMGR.3.1.0
2024-12-11 08:30:21,791 [WARN] PackLoader:240 - Cannot read IP mode file for STMicroelectronics.FP-SNS-SMARTAG2.1.2.0
2024-12-11 08:30:21,810 [INFO] LogOutputStream:77 - [STDOUT_REDIRECT] 1 : Invalid condition id : UX_CORESTACK_Condition cause : null
2024-12-11 08:30:21,811 [INFO] LogOutputStream:77 - [STDOUT_REDIRECT] 1 : Invalid condition id : UX_CORESTACK_Condition cause : null
2024-12-11 08:30:21,811 [INFO] LogOutputStream:77 - [STDOUT_REDIRECT] 1 : Invalid condition id : UX_CORESTACK_Condition cause : null
2024-12-11 08:30:21,812 [INFO] LogOutputStream:77 - [STDOUT_REDIRECT] 1 : Invalid condition id : UX_CORESTACK_Condition cause : null
2024-12-11 08:30:21,813 [INFO] LogOutputStream:77 - [STDOUT_REDIRECT] 1 : Invalid condition id : UX_CORESTACK_Condition cause : null
2024-12-11 08:30:21,814 [WARN] PackLoader:240 - Cannot read IP mode file for STMicroelectronics.X-CUBE-AZRTOS-WL.2.0.0
2024-12-11 08:30:21,832 [WARN] PackLoader:240 - Cannot read IP mode file for STMicroelectronics.FP-SNS-MOTENV1.5.0.0
2024-12-11 08:30:21,847 [WARN] PackLoader:240 - Cannot read IP mode file for wolfSSL.I-CUBE-wolfMQTT.1.19.0
2024-12-11 08:30:21,861 [WARN] PackLoader:240 - Cannot read IP mode file for WES.I-CUBE-Cesium.1.3.0
2024-12-11 08:30:21,876 [WARN] PackLoader:240 - Cannot read IP mode file for STMicroelectronics.X-CUBE-BLE2.3.3.0
2024-12-11 08:30:21,894 [WARN] PackLoader:240 - Cannot read IP mode file for STMicroelectronics.X-CUBE-NFC9.1.0.0
2024-12-11 08:30:21,904 [WARN] PackLoader:240 - Cannot read IP mode file for STMicroelectronics.X-CUBE-TCPP.4.1.0
2024-12-11 08:30:21,925 [WARN] PackLoader:240 - Cannot read IP mode file for STMicroelectronics.X-CUBE-AZRTOS-G0.1.1.0
2024-12-11 08:30:21,944 [WARN] PackLoader:240 - Cannot read IP mode file for STMicroelectronics.X-CUBE-SAFEA1.1.2.2
2024-12-11 08:30:21,956 [WARN] PackLoader:240 - Cannot read IP mode file for STMicroelectronics.X-CUBE-NFC4.3.0.0
2024-12-11 08:30:21,971 [WARN] PackLoader:240 - Cannot read IP mode file for EmbeddedOffice.I-CUBE-FS-RTOS.1.0.1
2024-12-11 08:30:21,971 [ERROR] ConditionMgr:805 - Attr not supported : Dmpu
2024-12-11 08:30:21,972 [ERROR] ConditionMgr:805 - Attr not supported : Dmpu
2024-12-11 08:30:21,972 [ERROR] ConditionMgr:805 - Attr not supported : Dmpu
2024-12-11 08:30:21,972 [ERROR] ConditionMgr:805 - Attr not supported : Dmpu
2024-12-11 08:30:21,972 [ERROR] ConditionMgr:805 - Attr not supported : Dmpu
2024-12-11 08:30:21,972 [ERROR] ConditionMgr:805 - Attr not supported : Dmpu
2024-12-11 08:30:21,972 [ERROR] ConditionMgr:805 - Attr not supported : Dmpu
2024-12-11 08:30:21,972 [ERROR] ConditionMgr:805 - Attr not supported : Dmpu
2024-12-11 08:30:21,972 [ERROR] ConditionMgr:805 - Attr not supported : Dmpu
2024-12-11 08:30:21,972 [ERROR] ConditionMgr:805 - Attr not supported : Dmpu
2024-12-11 08:30:21,972 [ERROR] ConditionMgr:805 - Attr not supported : Dmpu
2024-12-11 08:30:21,972 [ERROR] ConditionMgr:805 - Attr not supported : Dmpu
2024-12-11 08:30:21,972 [ERROR] ConditionMgr:805 - Attr not supported : Dmpu
2024-12-11 08:30:21,972 [ERROR] ConditionMgr:805 - Attr not supported : Dmpu
2024-12-11 08:30:21,972 [ERROR] ConditionMgr:805 - Attr not supported : Dmpu
2024-12-11 08:30:21,972 [ERROR] ConditionMgr:805 - Attr not supported : Dmpu
2024-12-11 08:30:21,972 [ERROR] ConditionMgr:805 - Attr not supported : Dmpu
2024-12-11 08:30:21,972 [ERROR] ConditionMgr:805 - Attr not supported : Dmpu
2024-12-11 08:30:21,972 [ERROR] ConditionMgr:805 - Attr not supported : Dmpu
2024-12-11 08:30:21,973 [ERROR] ConditionMgr:805 - Attr not supported : Dmpu
2024-12-11 08:30:21,973 [ERROR] ConditionMgr:805 - Attr not supported : Dmpu
2024-12-11 08:30:21,973 [ERROR] ConditionMgr:805 - Attr not supported : Dmpu
2024-12-11 08:30:21,973 [ERROR] ConditionMgr:805 - Attr not supported : Dmpu
2024-12-11 08:30:21,973 [ERROR] ConditionMgr:805 - Attr not supported : Dmpu
2024-12-11 08:30:21,973 [ERROR] ConditionMgr:805 - Attr not supported : Dmpu
2024-12-11 08:30:21,973 [ERROR] ConditionMgr:805 - Attr not supported : Dmpu
2024-12-11 08:30:21,973 [ERROR] ConditionMgr:805 - Attr not supported : Dmpu
2024-12-11 08:30:21,973 [ERROR] ConditionMgr:805 - Attr not supported : Dmpu
2024-12-11 08:30:21,973 [ERROR] ConditionMgr:805 - Attr not supported : Dmpu
2024-12-11 08:30:21,973 [ERROR] ConditionMgr:805 - Attr not supported : Dmpu
2024-12-11 08:30:21,973 [ERROR] ConditionMgr:805 - Attr not supported : Dmpu
2024-12-11 08:30:21,973 [ERROR] ConditionMgr:805 - Attr not supported : Dmpu
2024-12-11 08:30:21,973 [ERROR] ConditionMgr:805 - Attr not supported : Dmpu
2024-12-11 08:30:21,973 [ERROR] ConditionMgr:805 - Attr not supported : Dmpu
2024-12-11 08:30:21,973 [ERROR] ConditionMgr:805 - Attr not supported : Dmpu
2024-12-11 08:30:21,973 [ERROR] ConditionMgr:805 - Attr not supported : Dmpu
2024-12-11 08:30:21,973 [ERROR] ConditionMgr:805 - Attr not supported : Dmpu
2024-12-11 08:30:21,974 [ERROR] ConditionMgr:805 - Attr not supported : Dmpu
2024-12-11 08:30:21,974 [ERROR] ConditionMgr:805 - Attr not supported : Dmpu
2024-12-11 08:30:21,974 [ERROR] ConditionMgr:805 - Attr not supported : Dmpu
2024-12-11 08:30:21,974 [ERROR] ConditionMgr:805 - Attr not supported : Dmpu
2024-12-11 08:30:21,974 [ERROR] ConditionMgr:805 - Attr not supported : Dmpu
2024-12-11 08:30:21,974 [ERROR] ConditionMgr:805 - Attr not supported : Dmpu
2024-12-11 08:30:21,974 [ERROR] ConditionMgr:805 - Attr not supported : Dmpu
2024-12-11 08:30:21,974 [ERROR] ConditionMgr:805 - Attr not supported : Dmpu
2024-12-11 08:30:21,974 [ERROR] ConditionMgr:805 - Attr not supported : Dmpu
2024-12-11 08:30:21,974 [ERROR] ConditionMgr:805 - Attr not supported : Dmpu
2024-12-11 08:30:21,974 [ERROR] ConditionMgr:805 - Attr not supported : Dmpu
2024-12-11 08:30:21,974 [ERROR] ConditionMgr:805 - Attr not supported : Dmpu
2024-12-11 08:30:21,974 [ERROR] ConditionMgr:805 - Attr not supported : Dmpu
2024-12-11 08:30:21,974 [ERROR] ConditionMgr:805 - Attr not supported : Dmpu
2024-12-11 08:30:21,974 [ERROR] ConditionMgr:805 - Attr not supported : Dmpu
2024-12-11 08:30:21,974 [ERROR] ConditionMgr:805 - Attr not supported : Dmpu
2024-12-11 08:30:21,974 [ERROR] ConditionMgr:805 - Attr not supported : Dmpu
2024-12-11 08:30:21,974 [ERROR] ConditionMgr:805 - Attr not supported : Dmpu
2024-12-11 08:30:21,974 [ERROR] ConditionMgr:805 - Attr not supported : Dmpu
2024-12-11 08:30:21,974 [ERROR] ConditionMgr:805 - Attr not supported : Dmpu
2024-12-11 08:30:21,974 [ERROR] ConditionMgr:805 - Attr not supported : Dmpu
2024-12-11 08:30:21,975 [ERROR] ConditionMgr:805 - Attr not supported : Dmpu
2024-12-11 08:30:21,975 [ERROR] ConditionMgr:805 - Attr not supported : Dmpu
2024-12-11 08:30:21,975 [ERROR] ConditionMgr:805 - Attr not supported : Dmpu
2024-12-11 08:30:21,975 [ERROR] ConditionMgr:805 - Attr not supported : Dmpu
2024-12-11 08:30:21,975 [ERROR] ConditionMgr:805 - Attr not supported : Dmpu
2024-12-11 08:30:21,975 [ERROR] ConditionMgr:805 - Attr not supported : Dmpu
2024-12-11 08:30:21,985 [WARN] PackLoader:240 - Cannot read IP mode file for RealThread.X-CUBE-RT-Thread_Nano.4.1.1
2024-12-11 08:30:21,993 [WARN] PackLoader:240 - Cannot read IP mode file for STMicroelectronics.FP-ATR-SIGFOX1.3.2.0
2024-12-11 08:30:22,003 [WARN] PackLoader:240 - Cannot read IP mode file for wolfSSL.I-CUBE-wolfSSL.5.7.2
2024-12-11 08:30:22,011 [WARN] ConditionMgr:438 - getConditionDescription Invalid condition id : Cortex-A Device cause : null
2024-12-11 08:30:22,025 [WARN] ConditionMgr:1039 - genDependencies : Invalid condition id : Cortex-A Device cause : null
2024-12-11 08:30:22,025 [WARN] ConditionMgr:1039 - genDependencies : Invalid condition id : Cortex-A Device cause : null
2024-12-11 08:30:22,025 [WARN] ConditionMgr:1039 - genDependencies : Invalid condition id : Cortex-A Device cause : null
2024-12-11 08:30:22,036 [WARN] PackLoader:240 - Cannot read IP mode file for STMicroelectronics.X-CUBE-EEPRMA1.5.1.0
2024-12-11 08:30:22,048 [WARN] PackLoader:240 - Cannot read IP mode file for ITTIA_DB.I-CUBE-ITTIADB.8.9.0
2024-12-11 08:30:22,075 [WARN] PackLoader:240 - Cannot read IP mode file for SEGGER.I-CUBE-embOS.1.3.1
2024-12-11 08:30:22,108 [WARN] PackLoader:240 - Cannot read IP mode file for STMicroelectronics.X-CUBE-ALGOBUILD.1.4.0
2024-12-11 08:30:22,120 [WARN] PackLoader:240 - Cannot read IP mode file for STMicroelectronics.X-CUBE-AI.9.1.0
2024-12-11 08:30:22,142 [WARN] PackLoader:240 - Cannot read IP mode file for STMicroelectronics.X-CUBE-AZRTOS-F4.1.1.0
2024-12-11 08:30:22,158 [WARN] PackLoader:240 - Cannot read IP mode file for STMicroelectronics.X-CUBE-ISPU.2.1.0
2024-12-11 08:30:22,171 [WARN] PackLoader:240 - Cannot read IP mode file for STMicroelectronics.X-CUBE-FREERTOS.1.2.0
2024-12-11 08:30:22,191 [WARN] PackLoader:240 - Cannot read IP mode file for STMicroelectronics.X-CUBE-AZRTOS-L5.2.0.0
2024-12-11 08:30:22,204 [WARN] PackLoader:240 - Cannot read IP mode file for STMicroelectronics.X-CUBE-NFC6.3.1.0
2024-12-11 08:30:22,216 [WARN] PackLoader:240 - Cannot read IP mode file for STMicroelectronics.X-CUBE-DPower.1.2.0
2024-12-11 08:30:22,227 [WARN] PackLoader:240 - Cannot read IP mode file for STMicroelectronics.X-CUBE-NFC7.1.0.1
2024-12-11 08:30:22,249 [WARN] ConditionMgr:438 - getConditionDescription Invalid condition id : LAN8742 Phy interface Condition cause : null
2024-12-11 08:30:22,249 [WARN] PackLoader:240 - Cannot read IP mode file for STMicroelectronics.X-CUBE-AZRTOS-L4.2.0.0
2024-12-11 08:30:22,250 [WARN] ConditionMgr:1039 - genDependencies : Invalid condition id : LAN8742 Phy interface Condition cause : null
2024-12-11 08:30:22,250 [WARN] ConditionMgr:1039 - genDependencies : Invalid condition id : LAN8742 Phy interface Condition cause : null
2024-12-11 08:30:22,250 [WARN] ConditionMgr:1039 - genDependencies : Invalid condition id : LAN8742 Phy interface Condition cause : null
2024-12-11 08:30:22,262 [WARN] PackLoader:240 - Cannot read IP mode file for STMicroelectronics.X-CUBE-SFXS2LP1.4.0.0
2024-12-11 08:30:22,286 [WARN] PackLoader:240 - Cannot read IP mode file for STMicroelectronics.X-CUBE-AZRTOS-H7.3.3.0
2024-12-11 08:30:22,304 [WARN] PackLoader:240 - Cannot read IP mode file for STMicroelectronics.X-CUBE-IPS.3.0.0
2024-12-11 08:30:22,326 [WARN] ConditionMgr:438 - getConditionDescription Invalid condition id : UX DEVICE CLASS RTOS Condition cause : null
2024-12-11 08:30:22,326 [WARN] ConditionMgr:438 - getConditionDescription Invalid condition id : UX DEVICE CLASS RTOS Condition cause : null
2024-12-11 08:30:22,327 [WARN] PackLoader:240 - Cannot read IP mode file for STMicroelectronics.X-CUBE-AZRTOS-WB.2.0.0
2024-12-11 08:30:22,328 [WARN] ConditionMgr:1039 - genDependencies : Invalid condition id : UX DEVICE CLASS RTOS Condition cause : null
2024-12-11 08:30:22,328 [WARN] ConditionMgr:1039 - genDependencies : Invalid condition id : UX DEVICE CLASS RTOS Condition cause : null
2024-12-11 08:30:22,328 [WARN] ConditionMgr:1039 - genDependencies : Invalid condition id : UX DEVICE CLASS RTOS Condition cause : null
2024-12-11 08:30:22,328 [WARN] ConditionMgr:1039 - genDependencies : Invalid condition id : UX DEVICE CLASS RTOS Condition cause : null
2024-12-11 08:30:22,328 [WARN] ConditionMgr:1039 - genDependencies : Invalid condition id : UX DEVICE CLASS RTOS Condition cause : null
2024-12-11 08:30:22,341 [WARN] PackLoader:240 - Cannot read IP mode file for STMicroelectronics.X-CUBE-GNSS1.7.0.0
2024-12-11 08:30:22,354 [WARN] PackLoader:240 - Cannot read IP mode file for STMicroelectronics.FP-SNS-STBOX1.2.0.0
2024-12-11 08:30:22,373 [WARN] PackLoader:240 - Cannot read IP mode file for STMicroelectronics.X-CUBE-SUBG2.5.0.0
2024-12-11 08:30:22,386 [WARN] PackLoader:240 - Cannot read IP mode file for Cesanta.I-CUBE-Mongoose.7.13.0
2024-12-11 08:30:22,404 [WARN] PackLoader:240 - Cannot read IP mode file for STMicroelectronics.X-CUBE-AZRTOS-G4.2.0.0
2024-12-11 08:30:22,414 [WARN] PackLoader:240 - Cannot read IP mode file for STMicroelectronics.X-CUBE-ALS.1.0.2
2024-12-11 08:30:22,424 [WARN] PackLoader:240 - Cannot read IP mode file for STMicroelectronics.X-CUBE-TOUCHGFX.4.24.1
2024-12-11 08:30:22,433 [WARN] PackLoader:240 - Cannot read IP mode file for wolfSSL.I-CUBE-wolfTPM.3.4.0
2024-12-11 08:30:22,442 [WARN] PackLoader:240 - Cannot read IP mode file for portGmbH.I-Cube-SoM-uGOAL.1.1.0
2024-12-11 08:30:22,462 [WARN] PackLoader:240 - Cannot read IP mode file for STMicroelectronics.X-CUBE-AZRTOS-H7RS.1.0.0
2024-12-11 08:30:22,472 [WARN] PackLoader:240 - Cannot read IP mode file for STMicroelectronics.FP-ATR-ASTRA1.2.0.0
2024-12-11 08:30:22,486 [WARN] PackLoader:240 - Cannot read IP mode file for STMicroelectronics.X-CUBE-TOF1.3.4.2
2024-12-11 08:30:22,514 [WARN] PackLoader:240 - Cannot read IP mode file for Infineon.AIROC-Wi-Fi-Bluetooth-STM32.1.6.1
2024-12-11 08:30:22,525 [WARN] PackLoader:240 - Cannot read IP mode file for wolfSSL.I-CUBE-wolfSSH.1.4.17
2024-12-11 08:30:22,525 [INFO] ThirdParty:978 - Integrity check success = true
2024-12-11 08:30:22,525 [INFO] IntegrityCheckThread:100 - exiting critical section [integrity check]
2024-12-11 08:30:22,525 [INFO] IntegrityCheckThread:103 - End integrity checks thread
2024-12-11 08:30:24,296 [INFO] WebApp:167 - Instantiating new browser for Auth
2024-12-11 08:30:24,853 [INFO] WebApp:448 - Apply proxy settings
2024-12-11 08:30:24,853 [INFO] WebApp:533 - Chromium requires no authentication
2024-12-11 08:30:24,861 [INFO] WebApp:476 - Direct internet connection detected
2024-12-11 08:30:24,882 [INFO] WebApp:869 - Register for checkConnection events
2024-12-11 08:30:24,882 [INFO] WebApp:448 - Apply proxy settings
2024-12-11 08:30:24,882 [INFO] WebApp:533 - Chromium requires no authentication
2024-12-11 08:30:24,882 [INFO] WebApp:476 - Direct internet connection detected
2024-12-11 08:30:25,035 [INFO] WebApp:220 - Starting web application
2024-12-11 08:30:25,036 [INFO] WebApp:578 - Web application path used C:\ST\STM32CubeIDE_1.16.1\STM32CubeIDE\plugins\com.st.stm32cube.common.mx_6.12.1.202409122256\db\plugins\mcufinder\reactClient1\index.html
2024-12-11 08:30:25,152 [INFO] WebApp:186 - Connection restablished
2024-12-11 08:30:25,178 [INFO] UserAuth:417 - Internet connection configuration mode: 1
2024-12-11 17:32:01,093 [ERROR] LogOutputStream:75 - [STDERR_REDIRECT] 
